TN:
SF:src\components\BookingDetailsModal.js
FN:19,BookingDetailsModal
FN:62,(anonymous_1)
FN:201,(anonymous_2)
FN:234,(anonymous_3)
FN:286,(anonymous_4)
FN:298,(anonymous_5)
FN:311,(anonymous_6)
FNF:7
FNH:0
FNDA:0,BookingDetailsModal
FNDA:0,(anonymous_1)
FNDA:0,(anonymous_2)
FNDA:0,(anonymous_3)
FNDA:0,(anonymous_4)
FNDA:0,(anonymous_5)
FNDA:0,(anonymous_6)
DA:28,0
DA:30,0
DA:62,0
DA:63,0
DA:65,0
DA:67,0
DA:69,0
DA:71,0
DA:73,0
DA:77,0
DA:79,0
DA:202,0
DA:235,0
DA:287,0
DA:288,0
DA:299,0
DA:300,0
DA:312,0
DA:313,0
DA:326,0
DA:364,0
DA:368,0
LF:22
LH:0
BRDA:28,0,0,0
BRDA:28,0,1,0
BRDA:28,1,0,0
BRDA:28,1,1,0
BRDA:32,2,0,0
BRDA:32,2,1,0
BRDA:33,3,0,0
BRDA:33,3,1,0
BRDA:34,4,0,0
BRDA:34,4,1,0
BRDA:35,5,0,0
BRDA:35,5,1,0
BRDA:36,6,0,0
BRDA:36,6,1,0
BRDA:37,7,0,0
BRDA:37,7,1,0
BRDA:38,8,0,0
BRDA:38,8,1,0
BRDA:39,9,0,0
BRDA:39,9,1,0
BRDA:55,10,0,0
BRDA:55,10,1,0
BRDA:63,11,0,0
BRDA:63,11,1,0
BRDA:63,11,2,0
BRDA:63,11,3,0
BRDA:63,11,4,0
BRDA:156,12,0,0
BRDA:156,12,1,0
BRDA:174,13,0,0
BRDA:174,13,1,0
BRDA:217,14,0,0
BRDA:217,14,1,0
BRDA:217,14,2,0
BRDA:244,15,0,0
BRDA:244,15,1,0
BRDA:296,16,0,0
BRDA:296,16,1,0
BRDA:309,17,0,0
BRDA:309,17,1,0
BRDA:309,17,2,0
BRF:41
BRH:0
end_of_record
TN:
SF:src\components\ChatInterface.js
FN:21,(anonymous_0)
FN:40,(anonymous_1)
FN:41,(anonymous_2)
FN:52,(anonymous_3)
FN:54,(anonymous_4)
FN:62,(anonymous_5)
FN:77,(anonymous_6)
FN:131,(anonymous_7)
FN:134,(anonymous_8)
FN:137,(anonymous_9)
FNF:10
FNH:0
FNDA:0,(anonymous_0)
FNDA:0,(anonymous_1)
FNDA:0,(anonymous_2)
FNDA:0,(anonymous_3)
FNDA:0,(anonymous_4)
FNDA:0,(anonymous_5)
FNDA:0,(anonymous_6)
FNDA:0,(anonymous_7)
FNDA:0,(anonymous_8)
FNDA:0,(anonymous_9)
DA:21,0
DA:22,0
DA:23,0
DA:24,0
DA:32,0
DA:34,0
DA:35,0
DA:36,0
DA:40,0
DA:41,0
DA:42,0
DA:43,0
DA:46,0
DA:52,0
DA:53,0
DA:54,0
DA:55,0
DA:62,0
DA:63,0
DA:65,0
DA:66,0
DA:67,0
DA:68,0
DA:70,0
DA:73,0
DA:77,0
DA:78,0
DA:79,0
DA:81,0
DA:104,0
DA:105,0
DA:106,0
DA:113,0
DA:114,0
DA:115,0
DA:122,0
DA:131,0
DA:135,0
DA:137,0
DA:172,0
LF:40
LH:0
BRDA:22,0,0,0
BRDA:22,0,1,0
BRDA:42,1,0,0
BRDA:42,1,1,0
BRDA:53,2,0,0
BRDA:53,2,1,0
BRDA:53,3,0,0
BRDA:53,3,1,0
BRDA:63,4,0,0
BRDA:63,4,1,0
BRDA:63,5,0,0
BRDA:63,5,1,0
BRDA:79,6,0,0
BRDA:79,6,1,0
BRDA:85,7,0,0
BRDA:85,7,1,0
BRDA:88,8,0,0
BRDA:88,8,1,0
BRDA:88,8,2,0
BRDA:104,9,0,0
BRDA:104,9,1,0
BRDA:105,10,0,0
BRDA:105,10,1,0
BRDA:114,11,0,0
BRDA:114,11,1,0
BRDA:125,12,0,0
BRDA:125,12,1,0
BRDA:126,13,0,0
BRDA:126,13,1,0
BRDA:159,14,0,0
BRDA:159,14,1,0
BRDA:161,15,0,0
BRDA:161,15,1,0
BRF:33
BRH:0
end_of_record
TN:
SF:src\components\GlobalErrorHandler.js
FN:7,(anonymous_0)
FN:12,(anonymous_1)
FN:16,(anonymous_2)
FN:22,(anonymous_3)
FN:26,(anonymous_4)
FNF:5
FNH:0
FNDA:0,(anonymous_0)
FNDA:0,(anonymous_1)
FNDA:0,(anonymous_2)
FNDA:0,(anonymous_3)
FNDA:0,(anonymous_4)
DA:8,0
DA:9,0
DA:13,0
DA:18,0
DA:19,0
DA:22,0
DA:23,0
DA:27,0
DA:28,0
DA:41,0
DA:45,0
LF:11
LH:0
BRDA:27,0,0,0
BRDA:27,0,1,0
BRF:2
BRH:0
end_of_record
TN:
SF:src\components\KeyboardAvoidingWrapper.js
FN:9,(anonymous_0)
FNF:1
FNH:0
FNDA:0,(anonymous_0)
DA:9,0
DA:17,0
DA:23,0
DA:29,0
DA:31,0
DA:40,0
DA:41,0
DA:48,0
DA:61,0
LF:9
LH:0
BRDA:12,0,0,0
BRDA:13,1,0,0
BRDA:24,2,0,0
BRDA:24,2,1,0
BRDA:25,3,0,0
BRDA:25,3,1,0
BRDA:29,4,0,0
BRDA:29,4,1,0
BRDA:31,5,0,0
BRDA:31,5,1,0
BRDA:40,6,0,0
BRDA:40,6,1,0
BRDA:41,7,0,0
BRDA:41,7,1,0
BRDA:51,8,0,0
BRDA:51,8,1,0
BRF:16
BRH:0
end_of_record
TN:
SF:src\components\LoadingSpinner.js
FN:7,(anonymous_0)
FNF:1
FNH:0
FNDA:0,(anonymous_0)
DA:7,0
DA:13,0
DA:15,0
DA:23,0
LF:4
LH:0
BRDA:8,0,0,0
BRDA:9,1,0,0
BRDA:10,2,0,0
BRDA:11,3,0,0
BRDA:13,4,0,0
BRDA:13,4,1,0
BRDA:18,5,0,0
BRDA:18,5,1,0
BRF:8
BRH:0
end_of_record
TN:
SF:src\components\MessagesTab.js
FN:13,(anonymous_0)
FN:17,(anonymous_1)
FN:29,(anonymous_2)
FN:33,(anonymous_3)
FN:38,(anonymous_4)
FN:54,(anonymous_5)
FN:63,(anonymous_6)
FN:66,(anonymous_7)
FN:92,(anonymous_8)
FN:108,(anonymous_9)
FNF:10
FNH:0
FNDA:0,(anonymous_0)
FNDA:0,(anonymous_1)
FNDA:0,(anonymous_2)
FNDA:0,(anonymous_3)
FNDA:0,(anonymous_4)
FNDA:0,(anonymous_5)
FNDA:0,(anonymous_6)
FNDA:0,(anonymous_7)
FNDA:0,(anonymous_8)
FNDA:0,(anonymous_9)
DA:13,0
DA:14,0
DA:15,0
DA:17,0
DA:18,0
DA:19,0
DA:20,0
DA:21,0
DA:23,0
DA:25,0
DA:29,0
DA:30,0
DA:33,0
DA:34,0
DA:35,0
DA:38,0
DA:39,0
DA:40,0
DA:41,0
DA:42,0
DA:43,0
DA:45,0
DA:46,0
DA:47,0
DA:48,0
DA:50,0
DA:54,0
DA:55,0
DA:63,0
DA:64,0
DA:66,0
DA:92,0
DA:93,0
DA:102,0
DA:108,0
DA:125,0
LF:36
LH:0
BRDA:35,0,0,0
BRDA:35,0,1,0
BRDA:45,1,0,0
BRDA:45,1,1,0
BRDA:47,2,0,0
BRDA:47,2,1,0
BRDA:82,3,0,0
BRDA:82,3,1,0
BRDA:111,4,0,0
BRDA:111,4,1,0
BRDA:119,5,0,0
BRDA:119,5,1,0
BRF:12
BRH:0
end_of_record
TN:
SF:src\components\PlaceholderImage.js
FN:5,(anonymous_0)
FNF:1
FNH:0
FNDA:0,(anonymous_0)
DA:5,0
DA:6,0
DA:19,0
LF:3
LH:0
BRDA:5,0,0,0
BRDA:5,1,0,0
BRDA:5,2,0,0
BRF:3
BRH:0
end_of_record
TN:
SF:src\components\Toast.js
FN:4,(anonymous_0)
FN:7,(anonymous_1)
FN:10,(anonymous_2)
FN:11,(anonymous_3)
FN:12,(anonymous_4)
FN:18,(anonymous_5)
FNF:6
FNH:0
FNDA:0,(anonymous_0)
FNDA:0,(anonymous_1)
FNDA:0,(anonymous_2)
FNDA:0,(anonymous_3)
FNDA:0,(anonymous_4)
FNDA:0,(anonymous_5)
DA:4,0
DA:5,0
DA:7,0
DA:9,0
DA:10,0
DA:11,0
DA:12,0
DA:13,0
DA:18,0
DA:21,0
DA:23,0
DA:25,0
DA:34,0
LF:13
LH:0
BRDA:4,0,0,0
BRDA:4,1,0,0
BRDA:9,2,0,0
BRDA:9,2,1,0
BRDA:13,3,0,0
BRDA:13,3,1,0
BRDA:18,4,0,0
BRDA:18,4,1,0
BRDA:21,5,0,0
BRDA:21,5,1,0
BRDA:23,6,0,0
BRDA:23,6,1,0
BRDA:23,7,0,0
BRDA:23,7,1,0
BRF:14
BRH:0
end_of_record
TN:
SF:src\components\CaregiverCard\index.js
FN:22,(anonymous_0)
FN:50,(anonymous_1)
FN:63,(anonymous_2)
FN:80,(anonymous_3)
FN:85,(anonymous_4)
FN:90,(anonymous_5)
FN:94,(anonymous_6)
FN:101,(anonymous_7)
FN:106,(anonymous_8)
FN:113,(anonymous_9)
FN:120,(anonymous_10)
FN:131,(anonymous_11)
FN:142,(anonymous_12)
FN:151,(anonymous_13)
FN:211,(anonymous_14)
FNF:15
FNH:0
FNDA:0,(anonymous_0)
FNDA:0,(anonymous_1)
FNDA:0,(anonymous_2)
FNDA:0,(anonymous_3)
FNDA:0,(anonymous_4)
FNDA:0,(anonymous_5)
FNDA:0,(anonymous_6)
FNDA:0,(anonymous_7)
FNDA:0,(anonymous_8)
FNDA:0,(anonymous_9)
FNDA:0,(anonymous_10)
FNDA:0,(anonymous_11)
FNDA:0,(anonymous_12)
FNDA:0,(anonymous_13)
FNDA:0,(anonymous_14)
DA:22,0
DA:33,0
DA:36,0
DA:39,0
DA:42,0
DA:45,0
DA:50,0
DA:51,0
DA:52,0
DA:53,0
DA:54,0
DA:55,0
DA:56,0
DA:58,0
DA:63,0
DA:64,0
DA:65,0
DA:66,0
DA:67,0
DA:68,0
DA:69,0
DA:70,0
DA:71,0
DA:72,0
DA:74,0
DA:77,0
DA:80,0
DA:81,0
DA:82,0
DA:85,0
DA:86,0
DA:87,0
DA:90,0
DA:91,0
DA:94,0
DA:95,0
DA:106,0
DA:113,0
DA:114,0
DA:120,0
DA:121,0
DA:131,0
DA:132,0
DA:142,0
DA:143,0
DA:151,0
DA:152,0
DA:165,0
DA:166,0
DA:183,0
DA:212,0
DA:224,0
DA:235,0
LF:53
LH:0
BRDA:23,0,0,0
BRDA:24,1,0,0
BRDA:29,2,0,0
BRDA:42,3,0,0
BRDA:42,3,1,0
BRDA:45,4,0,0
BRDA:45,4,1,0
BRDA:47,5,0,0
BRDA:47,5,1,0
BRDA:52,6,0,0
BRDA:52,6,1,0
BRDA:52,6,2,0
BRDA:52,6,3,0
BRDA:53,7,0,0
BRDA:53,7,1,0
BRDA:54,8,0,0
BRDA:54,8,1,0
BRDA:54,9,0,0
BRDA:54,9,1,0
BRDA:55,10,0,0
BRDA:55,10,1,0
BRDA:56,11,0,0
BRDA:56,11,1,0
BRDA:58,12,0,0
BRDA:58,12,1,0
BRDA:64,13,0,0
BRDA:64,13,1,0
BRDA:65,14,0,0
BRDA:65,14,1,0
BRDA:66,15,0,0
BRDA:66,15,1,0
BRDA:67,16,0,0
BRDA:67,16,1,0
BRDA:67,17,0,0
BRDA:67,17,1,0
BRDA:68,18,0,0
BRDA:68,18,1,0
BRDA:69,19,0,0
BRDA:69,19,1,0
BRDA:70,20,0,0
BRDA:70,20,1,0
BRDA:81,21,0,0
BRDA:81,21,1,0
BRDA:82,22,0,0
BRDA:82,22,1,0
BRDA:86,23,0,0
BRDA:86,23,1,0
BRDA:87,24,0,0
BRDA:87,24,1,0
BRDA:96,25,0,0
BRDA:96,25,1,0
BRDA:96,26,0,0
BRDA:96,26,1,0
BRDA:121,27,0,0
BRDA:121,27,1,0
BRDA:125,28,0,0
BRDA:125,28,1,0
BRDA:132,29,0,0
BRDA:132,29,1,0
BRDA:143,30,0,0
BRDA:143,30,1,0
BRDA:153,31,0,0
BRDA:153,31,1,0
BRDA:165,32,0,0
BRDA:165,32,1,0
BRDA:201,33,0,0
BRDA:201,33,1,0
BRDA:201,33,2,0
BRDA:209,34,0,0
BRDA:209,34,1,0
BRDA:209,34,2,0
BRDA:209,34,3,0
BRF:72
BRH:0
end_of_record
TN:
SF:src\components\DateTimePicker\index.js
FN:13,(anonymous_0)
FN:30,(anonymous_1)
FN:69,(anonymous_2)
FN:80,(anonymous_3)
FN:93,(anonymous_4)
FN:98,(anonymous_5)
FN:103,(anonymous_6)
FN:154,(anonymous_7)
FNF:8
FNH:0
FNDA:0,(anonymous_0)
FNDA:0,(anonymous_1)
FNDA:0,(anonymous_2)
FNDA:0,(anonymous_3)
FNDA:0,(anonymous_4)
FNDA:0,(anonymous_5)
FNDA:0,(anonymous_6)
FNDA:0,(anonymous_7)
DA:13,0
DA:27,0
DA:28,0
DA:30,0
DA:31,0
DA:33,0
DA:35,0
DA:37,0
DA:43,0
DA:50,0
DA:53,0
DA:59,0
DA:65,0
DA:69,0
DA:70,0
DA:72,0
DA:74,0
DA:76,0
DA:80,0
DA:81,0
DA:82,0
DA:85,0
DA:86,0
DA:87,0
DA:88,0
DA:93,0
DA:94,0
DA:95,0
DA:98,0
DA:99,0
DA:100,0
DA:103,0
DA:104,0
DA:140,0
DA:154,0
LF:35
LH:0
BRDA:15,0,0,0
BRDA:22,1,0,0
BRDA:25,2,0,0
BRDA:28,3,0,0
BRDA:28,3,1,0
BRDA:31,4,0,0
BRDA:31,4,1,0
BRDA:31,5,0,0
BRDA:31,5,1,0
BRDA:33,6,0,0
BRDA:33,6,1,0
BRDA:33,6,2,0
BRDA:33,6,3,0
BRDA:35,7,0,0
BRDA:35,7,1,0
BRDA:35,7,2,0
BRDA:70,8,0,0
BRDA:70,8,1,0
BRDA:70,8,2,0
BRDA:81,9,0,0
BRDA:81,9,1,0
BRDA:85,10,0,0
BRDA:85,10,1,0
BRDA:87,11,0,0
BRDA:87,11,1,0
BRDA:99,12,0,0
BRDA:99,12,1,0
BRDA:117,13,0,0
BRDA:117,13,1,0
BRDA:118,14,0,0
BRDA:118,14,1,0
BRDA:142,15,0,0
BRDA:142,15,1,0
BRDA:143,16,0,0
BRDA:143,16,1,0
BRDA:151,17,0,0
BRDA:151,17,1,0
BRDA:152,18,0,0
BRDA:152,18,1,0
BRDA:154,19,0,0
BRDA:154,19,1,0
BRDA:159,20,0,0
BRDA:159,20,1,0
BRDA:160,21,0,0
BRDA:160,21,1,0
BRDA:169,22,0,0
BRDA:169,22,1,0
BRDA:169,23,0,0
BRDA:169,23,1,0
BRDA:173,24,0,0
BRDA:173,24,1,0
BRDA:177,25,0,0
BRDA:177,25,1,0
BRDA:180,26,0,0
BRDA:180,26,1,0
BRF:55
BRH:0
end_of_record
TN:
SF:src\components\DateTimePicker\styles.js
FNF:0
FNH:0
DA:3,0
LF:1
LH:0
BRF:0
BRH:0
end_of_record
TN:
SF:src\components\ErrorBoundary\ErrorBoundary.js
FN:7,(anonymous_0)
FN:16,(anonymous_1)
FN:20,(anonymous_2)
FN:64,(anonymous_3)
FN:72,(anonymous_4)
FNF:5
FNH:0
FNDA:0,(anonymous_0)
FNDA:0,(anonymous_1)
FNDA:0,(anonymous_2)
FNDA:0,(anonymous_3)
FNDA:0,(anonymous_4)
DA:8,0
DA:9,0
DA:17,0
DA:22,0
DA:23,0
DA:24,0
DA:26,0
DA:27,0
DA:32,0
DA:33,0
DA:35,0
DA:37,0
DA:48,0
DA:49,0
DA:55,0
DA:58,0
DA:64,0
DA:65,0
DA:73,0
DA:74,0
DA:77,0
DA:78,0
DA:87,0
DA:105,0
DA:109,0
LF:25
LH:0
BRDA:38,0,0,0
BRDA:38,0,1,0
BRDA:39,1,0,0
BRDA:39,1,1,0
BRDA:39,1,2,0
BRDA:50,2,0,0
BRDA:50,2,1,0
BRDA:73,3,0,0
BRDA:73,3,1,0
BRDA:77,4,0,0
BRDA:77,4,1,0
BRDA:91,5,0,0
BRDA:91,5,1,0
BRDA:93,6,0,0
BRDA:93,6,1,0
BRF:15
BRH:0
end_of_record
TN:
SF:src\components\Privacy\InformationRequestModal.js
FN:7,(anonymous_0)
FN:15,(anonymous_1)
FN:18,(anonymous_2)
FN:55,(anonymous_3)
FN:56,(anonymous_4)
FN:58,(anonymous_5)
FN:63,(anonymous_6)
FN:87,(anonymous_7)
FN:95,(anonymous_8)
FN:125,(anonymous_9)
FN:132,(anonymous_10)
FNF:11
FNH:0
FNDA:0,(anonymous_0)
FNDA:0,(anonymous_1)
FNDA:0,(anonymous_2)
FNDA:0,(anonymous_3)
FNDA:0,(anonymous_4)
FNDA:0,(anonymous_5)
FNDA:0,(anonymous_6)
FNDA:0,(anonymous_7)
FNDA:0,(anonymous_8)
FNDA:0,(anonymous_9)
FNDA:0,(anonymous_10)
DA:7,0
DA:8,0
DA:9,0
DA:10,0
DA:11,0
DA:12,0
DA:15,0
DA:16,0
DA:18,0
DA:19,0
DA:22,0
DA:23,0
DA:24,0
DA:27,0
DA:28,0
DA:29,0
DA:30,0
DA:31,0
DA:32,0
DA:33,0
DA:34,0
DA:35,0
DA:36,0
DA:37,0
DA:38,0
DA:39,0
DA:40,0
DA:41,0
DA:42,0
DA:43,0
DA:46,0
DA:50,0
DA:53,0
DA:55,0
DA:56,0
DA:57,0
DA:58,0
DA:63,0
DA:64,0
DA:65,0
DA:66,0
DA:69,0
DA:70,0
DA:71,0
DA:74,0
DA:75,0
DA:76,0
DA:77,0
DA:78,0
DA:79,0
DA:80,0
DA:83,0
DA:87,0
DA:88,0
DA:89,0
DA:90,0
DA:91,0
DA:95,0
DA:96,0
DA:97,0
DA:98,0
DA:99,0
DA:103,0
DA:126,0
DA:132,0
DA:191,0
LF:66
LH:0
BRDA:7,0,0,0
BRDA:22,1,0,0
BRDA:22,1,1,0
BRDA:22,2,0,0
BRDA:22,2,1,0
BRDA:27,3,0,0
BRDA:27,3,1,0
BRDA:27,3,2,0
BRDA:27,3,3,0
BRDA:27,3,4,0
BRDA:27,3,5,0
BRDA:27,3,6,0
BRDA:27,3,7,0
BRDA:27,3,8,0
BRDA:27,3,9,0
BRDA:27,3,10,0
BRDA:27,3,11,0
BRDA:27,3,12,0
BRDA:27,3,13,0
BRDA:27,3,14,0
BRDA:27,3,15,0
BRDA:57,4,0,0
BRDA:57,4,1,0
BRDA:64,5,0,0
BRDA:64,5,1,0
BRDA:69,6,0,0
BRDA:69,6,1,0
BRDA:77,7,0,0
BRDA:77,7,1,0
BRDA:88,8,0,0
BRDA:88,8,1,0
BRDA:88,8,2,0
BRDA:96,9,0,0
BRDA:96,9,1,0
BRDA:96,9,2,0
BRDA:130,10,0,0
BRDA:130,10,1,0
BRDA:146,11,0,0
BRDA:146,11,1,0
BRDA:177,12,0,0
BRDA:177,12,1,0
BRDA:182,13,0,0
BRDA:182,13,1,0
BRF:43
BRH:0
end_of_record
TN:
SF:src\components\Privacy\PrivacyManager.js
FN:9,(anonymous_0)
FN:17,(anonymous_1)
FN:35,(anonymous_2)
FN:61,(anonymous_3)
FN:74,(anonymous_4)
FN:98,(anonymous_5)
FN:110,(anonymous_6)
FN:123,(anonymous_7)
FN:123,(anonymous_8)
FN:132,(anonymous_9)
FN:143,(anonymous_10)
FN:152,(anonymous_11)
FN:175,(anonymous_12)
FN:190,(anonymous_13)
FN:205,(anonymous_14)
FN:231,(anonymous_15)
FN:257,(anonymous_16)
FN:260,(anonymous_17)
FN:261,(anonymous_18)
FN:272,(anonymous_19)
FNF:20
FNH:0
FNDA:0,(anonymous_0)
FNDA:0,(anonymous_1)
FNDA:0,(anonymous_2)
FNDA:0,(anonymous_3)
FNDA:0,(anonymous_4)
FNDA:0,(anonymous_5)
FNDA:0,(anonymous_6)
FNDA:0,(anonymous_7)
FNDA:0,(anonymous_8)
FNDA:0,(anonymous_9)
FNDA:0,(anonymous_10)
FNDA:0,(anonymous_11)
FNDA:0,(anonymous_12)
FNDA:0,(anonymous_13)
FNDA:0,(anonymous_14)
FNDA:0,(anonymous_15)
FNDA:0,(anonymous_16)
FNDA:0,(anonymous_17)
FNDA:0,(anonymous_18)
FNDA:0,(anonymous_19)
DA:7,0
DA:9,0
DA:10,0
DA:11,0
DA:12,0
DA:14,0
DA:17,0
DA:18,0
DA:20,0
DA:31,0
DA:32,0
DA:33,0
DA:35,0
DA:36,0
DA:37,0
DA:39,0
DA:40,0
DA:41,0
DA:42,0
DA:45,0
DA:46,0
DA:47,0
DA:50,0
DA:52,0
DA:53,0
DA:54,0
DA:57,0
DA:61,0
DA:62,0
DA:63,0
DA:64,0
DA:66,0
DA:67,0
DA:69,0
DA:70,0
DA:74,0
DA:75,0
DA:76,0
DA:84,0
DA:86,0
DA:87,0
DA:88,0
DA:90,0
DA:92,0
DA:93,0
DA:94,0
DA:98,0
DA:99,0
DA:100,0
DA:108,0
DA:110,0
DA:111,0
DA:112,0
DA:121,0
DA:123,0
DA:126,0
DA:132,0
DA:134,0
DA:136,0
DA:138,0
DA:139,0
DA:143,0
DA:145,0
DA:146,0
DA:150,0
DA:152,0
DA:153,0
DA:155,0
DA:157,0
DA:158,0
DA:160,0
DA:161,0
DA:162,0
DA:164,0
DA:166,0
DA:168,0
DA:172,0
DA:175,0
DA:176,0
DA:177,0
DA:178,0
DA:179,0
DA:180,0
DA:182,0
DA:184,0
DA:185,0
DA:186,0
DA:190,0
DA:191,0
DA:192,0
DA:193,0
DA:194,0
DA:195,0
DA:197,0
DA:199,0
DA:200,0
DA:201,0
DA:205,0
DA:206,0
DA:207,0
DA:209,0
DA:210,0
DA:211,0
DA:212,0
DA:215,0
DA:216,0
DA:217,0
DA:220,0
DA:222,0
DA:223,0
DA:224,0
DA:227,0
DA:231,0
DA:232,0
DA:233,0
DA:235,0
DA:236,0
DA:237,0
DA:238,0
DA:241,0
DA:242,0
DA:243,0
DA:246,0
DA:248,0
DA:249,0
DA:250,0
DA:253,0
DA:257,0
DA:258,0
DA:259,0
DA:260,0
DA:261,0
DA:262,0
DA:268,0
DA:272,0
DA:273,0
DA:274,0
DA:275,0
DA:278,0
DA:295,0
LF:140
LH:0
BRDA:11,0,0,0
BRDA:11,0,1,0
BRDA:40,1,0,0
BRDA:40,1,1,0
BRDA:46,2,0,0
BRDA:46,2,1,0
BRDA:52,3,0,0
BRDA:52,3,1,0
BRDA:52,4,0,0
BRDA:52,4,1,0
BRDA:86,5,0,0
BRDA:86,5,1,0
BRDA:98,6,0,0
BRDA:98,7,0,0
BRDA:108,8,0,0
BRDA:108,8,1,0
BRDA:108,9,0,0
BRDA:108,9,1,0
BRDA:111,10,0,0
BRDA:111,10,1,0
BRDA:121,11,0,0
BRDA:121,11,1,0
BRDA:129,12,0,0
BRDA:129,12,1,0
BRDA:143,13,0,0
BRDA:145,14,0,0
BRDA:145,14,1,0
BRDA:145,15,0,0
BRDA:145,15,1,0
BRDA:155,16,0,0
BRDA:155,16,1,0
BRDA:158,17,0,0
BRDA:158,17,1,0
BRDA:161,18,0,0
BRDA:161,18,1,0
BRDA:166,19,0,0
BRDA:166,19,1,0
BRDA:175,20,0,0
BRDA:178,21,0,0
BRDA:178,21,1,0
BRDA:190,22,0,0
BRDA:193,23,0,0
BRDA:193,23,1,0
BRDA:210,24,0,0
BRDA:210,24,1,0
BRDA:216,25,0,0
BRDA:216,25,1,0
BRDA:222,26,0,0
BRDA:222,26,1,0
BRDA:222,27,0,0
BRDA:222,27,1,0
BRDA:236,28,0,0
BRDA:236,28,1,0
BRDA:242,29,0,0
BRDA:242,29,1,0
BRDA:248,30,0,0
BRDA:248,30,1,0
BRDA:248,31,0,0
BRDA:248,31,1,0
BRDA:262,32,0,0
BRDA:262,32,1,0
BRF:61
BRH:0
end_of_record
TN:
SF:src\components\Privacy\PrivacyNotificationModal.js
FN:6,(anonymous_0)
FN:10,(anonymous_1)
FN:11,(anonymous_2)
FN:19,(anonymous_3)
FN:23,(anonymous_4)
FN:32,(anonymous_5)
FN:33,(anonymous_6)
FN:40,(anonymous_7)
FN:48,(anonymous_8)
FN:58,(anonymous_9)
FN:86,(anonymous_10)
FN:108,(anonymous_11)
FN:123,(anonymous_12)
FN:132,(anonymous_13)
FNF:14
FNH:0
FNDA:0,(anonymous_0)
FNDA:0,(anonymous_1)
FNDA:0,(anonymous_2)
FNDA:0,(anonymous_3)
FNDA:0,(anonymous_4)
FNDA:0,(anonymous_5)
FNDA:0,(anonymous_6)
FNDA:0,(anonymous_7)
FNDA:0,(anonymous_8)
FNDA:0,(anonymous_9)
FNDA:0,(anonymous_10)
FNDA:0,(anonymous_11)
FNDA:0,(anonymous_12)
FNDA:0,(anonymous_13)
DA:6,0
DA:7,0
DA:8,0
DA:10,0
DA:11,0
DA:13,0
DA:14,0
DA:15,0
DA:16,0
DA:19,0
DA:23,0
DA:24,0
DA:33,0
DA:34,0
DA:35,0
DA:36,0
DA:37,0
DA:40,0
DA:48,0
DA:49,0
DA:50,0
DA:51,0
DA:53,0
DA:54,0
DA:55,0
DA:58,0
DA:59,0
DA:60,0
DA:61,0
DA:62,0
DA:66,0
DA:87,0
DA:109,0
DA:123,0
DA:132,0
DA:157,0
LF:36
LH:0
BRDA:6,0,0,0
BRDA:10,1,0,0
BRDA:15,2,0,0
BRDA:15,2,1,0
BRDA:36,3,0,0
BRDA:36,3,1,0
BRDA:53,4,0,0
BRDA:53,4,1,0
BRDA:54,5,0,0
BRDA:54,5,1,0
BRDA:59,6,0,0
BRDA:59,6,1,0
BRDA:59,6,2,0
BRDA:77,7,0,0
BRDA:77,7,1,0
BRDA:92,8,0,0
BRDA:92,8,1,0
BRDA:137,9,0,0
BRDA:137,9,1,0
BRF:19
BRH:0
end_of_record
TN:
SF:src\components\Privacy\PrivacySettingsModal.js
FN:7,(anonymous_0)
FN:143,(anonymous_1)
FN:144,(anonymous_2)
FN:148,(anonymous_3)
FN:152,(anonymous_4)
FN:160,(anonymous_5)
FN:194,(anonymous_6)
FN:213,(anonymous_7)
FNF:8
FNH:0
FNDA:0,(anonymous_0)
FNDA:0,(anonymous_1)
FNDA:0,(anonymous_2)
FNDA:0,(anonymous_3)
FNDA:0,(anonymous_4)
FNDA:0,(anonymous_5)
FNDA:0,(anonymous_6)
FNDA:0,(anonymous_7)
DA:7,0
DA:8,0
DA:9,0
DA:10,0
DA:12,0
DA:15,0
DA:68,0
DA:141,0
DA:143,0
DA:144,0
DA:145,0
DA:146,0
DA:148,0
DA:152,0
DA:153,0
DA:154,0
DA:155,0
DA:156,0
DA:160,0
DA:161,0
DA:162,0
DA:163,0
DA:164,0
DA:168,0
DA:195,0
DA:213,0
DA:258,0
LF:27
LH:0
BRDA:141,0,0,0
BRDA:141,0,1,0
BRDA:153,1,0,0
BRDA:153,1,1,0
BRDA:153,1,2,0
BRDA:161,2,0,0
BRDA:161,2,1,0
BRDA:161,2,2,0
BRDA:183,3,0,0
BRDA:183,3,1,0
BRDA:212,4,0,0
BRDA:212,4,1,0
BRDA:216,5,0,0
BRDA:216,5,1,0
BRF:14
BRH:0
end_of_record
TN:
SF:src\components\Privacy\ProfileDataManager.js
FN:8,(anonymous_0)
FN:16,(anonymous_1)
FN:54,(anonymous_2)
FN:122,(anonymous_3)
FN:148,(anonymous_4)
FN:159,(anonymous_5)
FN:167,(anonymous_6)
FN:182,(anonymous_7)
FN:226,(anonymous_8)
FNF:9
FNH:0
FNDA:0,(anonymous_0)
FNDA:0,(anonymous_1)
FNDA:0,(anonymous_2)
FNDA:0,(anonymous_3)
FNDA:0,(anonymous_4)
FNDA:0,(anonymous_5)
FNDA:0,(anonymous_6)
FNDA:0,(anonymous_7)
FNDA:0,(anonymous_8)
DA:6,0
DA:8,0
DA:9,0
DA:10,0
DA:11,0
DA:13,0
DA:16,0
DA:17,0
DA:18,0
DA:21,0
DA:28,0
DA:54,0
DA:55,0
DA:56,0
DA:59,0
DA:61,0
DA:62,0
DA:64,0
DA:88,0
DA:90,0
DA:91,0
DA:93,0
DA:112,0
DA:114,0
DA:115,0
DA:117,0
DA:122,0
DA:123,0
DA:124,0
DA:127,0
DA:129,0
DA:141,0
DA:142,0
DA:144,0
DA:148,0
DA:149,0
DA:151,0
DA:152,0
DA:154,0
DA:159,0
DA:160,0
DA:162,0
DA:163,0
DA:164,0
DA:166,0
DA:167,0
DA:168,0
DA:169,0
DA:172,0
DA:176,0
DA:178,0
DA:180,0
DA:182,0
DA:183,0
DA:185,0
DA:187,0
DA:188,0
DA:190,0
DA:193,0
DA:194,0
DA:197,0
DA:198,0
DA:199,0
DA:201,0
DA:204,0
DA:206,0
DA:210,0
DA:211,0
DA:213,0
DA:218,0
DA:220,0
DA:221,0
DA:226,0
DA:227,0
DA:228,0
DA:231,0
DA:232,0
DA:234,0
DA:236,0
DA:237,0
DA:240,0
DA:242,0
DA:243,0
DA:245,0
DA:249,0
DA:260,0
LF:86
LH:0
BRDA:10,0,0,0
BRDA:10,0,1,0
BRDA:54,1,0,0
BRDA:54,2,0,0
BRDA:59,3,0,0
BRDA:59,3,1,0
BRDA:62,4,0,0
BRDA:62,4,1,0
BRDA:62,4,2,0
BRDA:62,4,3,0
BRDA:62,4,4,0
BRDA:66,5,0,0
BRDA:66,5,1,0
BRDA:66,5,2,0
BRDA:67,6,0,0
BRDA:67,6,1,0
BRDA:67,6,2,0
BRDA:68,7,0,0
BRDA:68,7,1,0
BRDA:68,7,2,0
BRDA:69,8,0,0
BRDA:69,8,1,0
BRDA:69,8,2,0
BRDA:70,9,0,0
BRDA:70,9,1,0
BRDA:70,9,2,0
BRDA:71,10,0,0
BRDA:71,10,1,0
BRDA:72,11,0,0
BRDA:72,11,1,0
BRDA:75,12,0,0
BRDA:75,12,1,0
BRDA:75,12,2,0
BRDA:76,13,0,0
BRDA:76,13,1,0
BRDA:76,13,2,0
BRDA:77,14,0,0
BRDA:77,14,1,0
BRDA:78,15,0,0
BRDA:78,15,1,0
BRDA:79,16,0,0
BRDA:79,16,1,0
BRDA:80,17,0,0
BRDA:80,17,1,0
BRDA:83,18,0,0
BRDA:83,18,1,0
BRDA:84,19,0,0
BRDA:84,19,1,0
BRDA:85,20,0,0
BRDA:85,20,1,0
BRDA:86,21,0,0
BRDA:86,21,1,0
BRDA:88,22,0,0
BRDA:88,22,1,0
BRDA:91,23,0,0
BRDA:91,23,1,0
BRDA:91,23,2,0
BRDA:95,24,0,0
BRDA:95,24,1,0
BRDA:96,25,0,0
BRDA:96,25,1,0
BRDA:99,26,0,0
BRDA:99,26,1,0
BRDA:99,26,2,0
BRDA:100,27,0,0
BRDA:100,27,1,0
BRDA:100,27,2,0
BRDA:101,28,0,0
BRDA:101,28,1,0
BRDA:104,29,0,0
BRDA:104,29,1,0
BRDA:105,30,0,0
BRDA:105,30,1,0
BRDA:106,31,0,0
BRDA:106,31,1,0
BRDA:107,32,0,0
BRDA:107,32,1,0
BRDA:108,33,0,0
BRDA:108,33,1,0
BRDA:122,34,0,0
BRDA:127,35,0,0
BRDA:127,35,1,0
BRDA:134,36,0,0
BRDA:134,36,1,0
BRDA:135,37,0,0
BRDA:135,37,1,0
BRDA:136,38,0,0
BRDA:136,38,1,0
BRDA:137,39,0,0
BRDA:137,39,1,0
BRDA:138,40,0,0
BRDA:138,40,1,0
BRDA:142,41,0,0
BRDA:142,41,1,0
BRDA:159,42,0,0
BRDA:163,43,0,0
BRDA:163,43,1,0
BRDA:168,44,0,0
BRDA:168,44,1,0
BRDA:185,45,0,0
BRDA:185,45,1,0
BRDA:188,46,0,0
BRDA:188,46,1,0
BRDA:190,47,0,0
BRDA:190,47,1,0
BRDA:193,48,0,0
BRDA:193,48,1,0
BRDA:198,49,0,0
BRDA:198,49,1,0
BRDA:204,50,0,0
BRDA:204,50,1,0
BRDA:206,51,0,0
BRDA:206,51,1,0
BRDA:206,51,2,0
BRDA:210,52,0,0
BRDA:210,52,1,0
BRDA:210,53,0,0
BRDA:210,53,1,0
BRDA:226,54,0,0
BRDA:232,55,0,0
BRDA:232,55,1,0
BRDA:234,56,0,0
BRDA:234,56,1,0
BRF:123
BRH:0
end_of_record
TN:
SF:src\components\TimePicker\index.js
FN:13,(anonymous_0)
FN:25,(anonymous_1)
FN:39,(anonymous_2)
FN:44,(anonymous_3)
FN:51,(anonymous_4)
FN:53,(anonymous_5)
FN:55,(anonymous_6)
FN:59,(anonymous_7)
FN:67,(anonymous_8)
FN:78,(anonymous_9)
FN:99,(anonymous_10)
FN:119,(anonymous_11)
FN:123,(anonymous_12)
FN:150,(anonymous_13)
FN:157,(anonymous_14)
FN:177,(anonymous_15)
FN:184,(anonymous_16)
FN:205,(anonymous_17)
FN:212,(anonymous_18)
FN:245,(anonymous_19)
FNF:20
FNH:0
FNDA:0,(anonymous_0)
FNDA:0,(anonymous_1)
FNDA:0,(anonymous_2)
FNDA:0,(anonymous_3)
FNDA:0,(anonymous_4)
FNDA:0,(anonymous_5)
FNDA:0,(anonymous_6)
FNDA:0,(anonymous_7)
FNDA:0,(anonymous_8)
FNDA:0,(anonymous_9)
FNDA:0,(anonymous_10)
FNDA:0,(anonymous_11)
FNDA:0,(anonymous_12)
FNDA:0,(anonymous_13)
FNDA:0,(anonymous_14)
FNDA:0,(anonymous_15)
FNDA:0,(anonymous_16)
FNDA:0,(anonymous_17)
FNDA:0,(anonymous_18)
FNDA:0,(anonymous_19)
DA:13,0
DA:24,0
DA:25,0
DA:26,0
DA:27,0
DA:28,0
DA:30,0
DA:31,0
DA:34,0
DA:35,0
DA:36,0
DA:39,0
DA:40,0
DA:41,0
DA:42,0
DA:44,0
DA:45,0
DA:46,0
DA:47,0
DA:48,0
DA:51,0
DA:52,0
DA:53,0
DA:55,0
DA:59,0
DA:60,0
DA:61,0
DA:62,0
DA:64,0
DA:67,0
DA:68,0
DA:69,0
DA:71,0
DA:72,0
DA:74,0
DA:78,0
DA:79,0
DA:81,0
DA:82,0
DA:84,0
DA:85,0
DA:86,0
DA:87,0
DA:88,0
DA:89,0
DA:92,0
DA:99,0
DA:100,0
DA:102,0
DA:103,0
DA:104,0
DA:105,0
DA:106,0
DA:111,0
DA:112,0
DA:114,0
DA:115,0
DA:116,0
DA:119,0
DA:120,0
DA:123,0
DA:124,0
DA:151,0
DA:157,0
DA:178,0
DA:184,0
DA:206,0
DA:212,0
DA:231,0
DA:245,0
LF:70
LH:0
BRDA:18,0,0,0
BRDA:20,1,0,0
BRDA:21,2,0,0
BRDA:22,3,0,0
BRDA:26,4,0,0
BRDA:26,4,1,0
BRDA:26,5,0,0
BRDA:26,5,1,0
BRDA:27,6,0,0
BRDA:27,6,1,0
BRDA:30,7,0,0
BRDA:30,7,1,0
BRDA:34,8,0,0
BRDA:34,8,1,0
BRDA:35,9,0,0
BRDA:35,9,1,0
BRDA:40,10,0,0
BRDA:40,10,1,0
BRDA:41,11,0,0
BRDA:41,11,1,0
BRDA:45,12,0,0
BRDA:45,12,1,0
BRDA:46,13,0,0
BRDA:46,13,1,0
BRDA:47,14,0,0
BRDA:47,14,1,0
BRDA:48,15,0,0
BRDA:48,15,1,0
BRDA:52,16,0,0
BRDA:52,16,1,0
BRDA:71,17,0,0
BRDA:71,17,1,0
BRDA:79,18,0,0
BRDA:79,18,1,0
BRDA:81,19,0,0
BRDA:81,19,1,0
BRDA:82,20,0,0
BRDA:82,20,1,0
BRDA:87,21,0,0
BRDA:87,21,1,0
BRDA:87,22,0,0
BRDA:87,22,1,0
BRDA:88,23,0,0
BRDA:88,23,1,0
BRDA:102,24,0,0
BRDA:102,24,1,0
BRDA:102,25,0,0
BRDA:102,25,1,0
BRDA:103,26,0,0
BRDA:103,26,1,0
BRDA:103,27,0,0
BRDA:103,27,1,0
BRDA:105,28,0,0
BRDA:105,28,1,0
BRDA:105,29,0,0
BRDA:105,29,1,0
BRDA:155,30,0,0
BRDA:155,30,1,0
BRDA:161,31,0,0
BRDA:161,31,1,0
BRDA:163,32,0,0
BRDA:163,32,1,0
BRDA:182,33,0,0
BRDA:182,33,1,0
BRDA:188,34,0,0
BRDA:188,34,1,0
BRDA:198,35,0,0
BRDA:198,35,1,0
BRDA:210,36,0,0
BRDA:210,36,1,0
BRDA:216,37,0,0
BRDA:216,37,1,0
BRDA:233,38,0,0
BRDA:233,38,1,0
BRDA:234,39,0,0
BRDA:234,39,1,0
BRDA:242,40,0,0
BRDA:242,40,1,0
BRDA:243,41,0,0
BRDA:243,41,1,0
BRDA:245,42,0,0
BRDA:245,42,1,0
BRDA:250,43,0,0
BRDA:250,43,1,0
BRDA:251,44,0,0
BRDA:251,44,1,0
BRDA:259,45,0,0
BRDA:259,45,1,0
BRDA:259,46,0,0
BRDA:259,46,1,0
BRDA:263,47,0,0
BRDA:263,47,1,0
BRF:92
BRH:0
end_of_record
TN:
SF:src\components\TimePicker\styles.js
FNF:0
FNH:0
DA:3,0
LF:1
LH:0
BRF:0
BRH:0
end_of_record
TN:
SF:src\components\forms\DocumentUpload.js
FN:10,(anonymous_0)
FN:15,(anonymous_1)
FN:39,(anonymous_2)
FN:71,(anonymous_3)
FNF:4
FNH:0
FNDA:0,(anonymous_0)
FNDA:0,(anonymous_1)
FNDA:0,(anonymous_2)
FNDA:0,(anonymous_3)
DA:8,0
DA:10,0
DA:11,0
DA:12,0
DA:13,0
DA:15,0
DA:16,0
DA:17,0
DA:18,0
DA:19,0
DA:20,0
DA:23,0
DA:30,0
DA:31,0
DA:34,0
DA:35,0
DA:39,0
DA:40,0
DA:41,0
DA:42,0
DA:44,0
DA:45,0
DA:46,0
DA:49,0
DA:50,0
DA:51,0
DA:54,0
DA:55,0
DA:56,0
DA:58,0
DA:59,0
DA:60,0
DA:61,0
DA:62,0
DA:63,0
DA:65,0
DA:66,0
DA:67,0
DA:71,0
DA:72,0
DA:73,0
DA:76,0
DA:120,0
LF:43
LH:0
BRDA:8,0,0,0
BRDA:8,0,1,0
BRDA:10,1,0,0
BRDA:18,2,0,0
BRDA:18,2,1,0
BRDA:30,3,0,0
BRDA:30,3,1,0
BRDA:45,4,0,0
BRDA:45,4,1,0
BRDA:45,5,0,0
BRDA:45,5,1,0
BRDA:54,6,0,0
BRDA:54,6,1,0
BRDA:59,7,0,0
BRDA:59,7,1,0
BRDA:59,8,0,0
BRDA:59,8,1,0
BRDA:66,9,0,0
BRDA:66,9,1,0
BRDA:80,10,0,0
BRDA:80,10,1,0
BRDA:112,11,0,0
BRDA:112,11,1,0
BRF:23
BRH:0
end_of_record
TN:
SF:src\components\forms\ProfileForm.js
FN:24,(anonymous_0)
FN:51,(anonymous_1)
FN:58,(anonymous_2)
FN:90,(anonymous_3)
FN:91,(anonymous_4)
FN:101,(anonymous_5)
FN:105,(anonymous_6)
FN:106,(anonymous_7)
FN:113,(anonymous_8)
FN:115,(anonymous_9)
FN:122,(anonymous_10)
FN:123,(anonymous_11)
FN:125,(anonymous_12)
FN:129,(anonymous_13)
FN:137,(anonymous_14)
FN:141,(anonymous_15)
FN:145,(anonymous_16)
FN:160,(anonymous_17)
FN:160,(anonymous_18)
FN:161,(anonymous_19)
FN:228,(anonymous_20)
FN:229,(anonymous_21)
FN:251,(anonymous_22)
FN:257,(anonymous_23)
FN:267,(anonymous_24)
FN:291,(anonymous_25)
FN:299,(anonymous_26)
FN:330,(anonymous_27)
FN:337,(anonymous_28)
FN:344,(anonymous_29)
FNF:30
FNH:0
FNDA:0,(anonymous_0)
FNDA:0,(anonymous_1)
FNDA:0,(anonymous_2)
FNDA:0,(anonymous_3)
FNDA:0,(anonymous_4)
FNDA:0,(anonymous_5)
FNDA:0,(anonymous_6)
FNDA:0,(anonymous_7)
FNDA:0,(anonymous_8)
FNDA:0,(anonymous_9)
FNDA:0,(anonymous_10)
FNDA:0,(anonymous_11)
FNDA:0,(anonymous_12)
FNDA:0,(anonymous_13)
FNDA:0,(anonymous_14)
FNDA:0,(anonymous_15)
FNDA:0,(anonymous_16)
FNDA:0,(anonymous_17)
FNDA:0,(anonymous_18)
FNDA:0,(anonymous_19)
FNDA:0,(anonymous_20)
FNDA:0,(anonymous_21)
FNDA:0,(anonymous_22)
FNDA:0,(anonymous_23)
FNDA:0,(anonymous_24)
FNDA:0,(anonymous_25)
FNDA:0,(anonymous_26)
FNDA:0,(anonymous_27)
FNDA:0,(anonymous_28)
FNDA:0,(anonymous_29)
DA:24,0
DA:25,0
DA:26,0
DA:43,0
DA:44,0
DA:45,0
DA:48,0
DA:49,0
DA:51,0
DA:53,0
DA:54,0
DA:58,0
DA:59,0
DA:61,0
DA:62,0
DA:63,0
DA:64,0
DA:66,0
DA:67,0
DA:70,0
DA:71,0
DA:75,0
DA:76,0
DA:77,0
DA:83,0
DA:85,0
DA:86,0
DA:90,0
DA:91,0
DA:101,0
DA:102,0
DA:105,0
DA:106,0
DA:110,0
DA:113,0
DA:114,0
DA:115,0
DA:122,0
DA:123,0
DA:125,0
DA:129,0
DA:130,0
DA:132,0
DA:133,0
DA:136,0
DA:137,0
DA:138,0
DA:141,0
DA:142,0
DA:143,0
DA:144,0
DA:145,0
DA:150,0
DA:151,0
DA:153,0
DA:157,0
DA:160,0
DA:161,0
DA:164,0
DA:229,0
DA:230,0
DA:252,0
DA:257,0
DA:268,0
DA:269,0
DA:291,0
DA:300,0
DA:301,0
DA:330,0
DA:337,0
DA:344,0
DA:371,0
LF:72
LH:0
BRDA:24,0,0,0
BRDA:24,1,0,0
BRDA:27,2,0,0
BRDA:27,2,1,0
BRDA:28,3,0,0
BRDA:28,3,1,0
BRDA:29,4,0,0
BRDA:29,4,1,0
BRDA:30,5,0,0
BRDA:30,5,1,0
BRDA:31,6,0,0
BRDA:31,6,1,0
BRDA:32,7,0,0
BRDA:32,7,1,0
BRDA:37,8,0,0
BRDA:37,8,1,0
BRDA:38,9,0,0
BRDA:38,9,1,0
BRDA:39,10,0,0
BRDA:39,10,1,0
BRDA:40,11,0,0
BRDA:40,11,1,0
BRDA:46,12,0,0
BRDA:46,12,1,0
BRDA:53,13,0,0
BRDA:53,13,1,0
BRDA:66,14,0,0
BRDA:66,14,1,0
BRDA:70,15,0,0
BRDA:70,15,1,0
BRDA:75,16,0,0
BRDA:75,16,1,0
BRDA:76,17,0,0
BRDA:76,17,1,0
BRDA:76,18,0,0
BRDA:76,18,1,0
BRDA:85,19,0,0
BRDA:85,19,1,0
BRDA:114,20,0,0
BRDA:114,20,1,0
BRDA:114,21,0,0
BRDA:114,21,1,0
BRDA:132,22,0,0
BRDA:132,22,1,0
BRDA:136,23,0,0
BRDA:136,23,1,0
BRDA:205,24,0,0
BRDA:205,24,1,0
BRDA:220,25,0,0
BRDA:220,25,1,0
BRDA:278,26,0,0
BRDA:278,26,1,0
BRDA:322,27,0,0
BRDA:322,27,1,0
BRDA:348,28,0,0
BRDA:348,28,1,0
BRDA:362,29,0,0
BRDA:362,29,1,0
BRDA:362,30,0,0
BRDA:362,30,1,0
BRF:60
BRH:0
end_of_record
TN:
SF:src\components\forms\ValidatedInput.js
FN:6,(anonymous_0)
FN:19,(anonymous_1)
FN:25,(anonymous_2)
FN:38,(anonymous_3)
FNF:4
FNH:0
FNDA:0,(anonymous_0)
FNDA:0,(anonymous_1)
FNDA:0,(anonymous_2)
FNDA:0,(anonymous_3)
DA:6,0
DA:15,0
DA:16,0
DA:17,0
DA:19,0
DA:20,0
DA:21,0
DA:25,0
DA:26,0
DA:27,0
DA:28,0
DA:30,0
DA:31,0
DA:33,0
DA:34,0
DA:38,0
DA:39,0
DA:40,0
DA:43,0
DA:61,0
LF:20
LH:0
BRDA:20,0,0,0
BRDA:20,0,1,0
BRDA:27,1,0,0
BRDA:27,1,1,0
BRDA:45,2,0,0
BRDA:45,2,1,0
BRDA:52,3,0,0
BRDA:52,3,1,0
BRDA:56,4,0,0
BRDA:56,4,1,0
BRF:10
BRH:0
end_of_record
TN:
SF:src\components\profile\ReviewForm.js
FN:11,(anonymous_0)
FN:19,(anonymous_1)
FN:23,(anonymous_2)
FN:39,(anonymous_3)
FN:39,(anonymous_4)
FN:47,(anonymous_5)
FN:48,(anonymous_6)
FN:48,(anonymous_7)
FN:51,(anonymous_8)
FN:71,(anonymous_9)
FN:138,(anonymous_10)
FN:145,(anonymous_11)
FNF:12
FNH:0
FNDA:0,(anonymous_0)
FNDA:0,(anonymous_1)
FNDA:0,(anonymous_2)
FNDA:0,(anonymous_3)
FNDA:0,(anonymous_4)
FNDA:0,(anonymous_5)
FNDA:0,(anonymous_6)
FNDA:0,(anonymous_7)
FNDA:0,(anonymous_8)
FNDA:0,(anonymous_9)
FNDA:0,(anonymous_10)
FNDA:0,(anonymous_11)
DA:9,0
DA:11,0
DA:12,0
DA:13,0
DA:14,0
DA:15,0
DA:16,0
DA:17,0
DA:19,0
DA:20,0
DA:23,0
DA:24,0
DA:25,0
DA:26,0
DA:27,0
DA:28,0
DA:31,0
DA:38,0
DA:39,0
DA:42,0
DA:43,0
DA:47,0
DA:48,0
DA:51,0
DA:52,0
DA:53,0
DA:54,0
DA:57,0
DA:58,0
DA:59,0
DA:62,0
DA:63,0
DA:64,0
DA:65,0
DA:66,0
DA:67,0
DA:68,0
DA:71,0
DA:72,0
DA:73,0
DA:74,0
DA:75,0
DA:76,0
DA:77,0
DA:79,0
DA:80,0
DA:82,0
DA:86,0
DA:94,0
DA:95,0
DA:96,0
DA:99,0
DA:100,0
DA:102,0
DA:106,0
DA:139,0
DA:145,0
DA:194,0
LF:58
LH:0
BRDA:9,0,0,0
BRDA:9,0,1,0
BRDA:11,1,0,0
BRDA:26,2,0,0
BRDA:26,2,1,0
BRDA:38,3,0,0
BRDA:38,3,1,0
BRDA:38,4,0,0
BRDA:38,4,1,0
BRDA:52,5,0,0
BRDA:52,5,1,0
BRDA:63,6,0,0
BRDA:63,6,1,0
BRDA:64,7,0,0
BRDA:64,7,1,0
BRDA:64,8,0,0
BRDA:64,8,1,0
BRDA:73,9,0,0
BRDA:73,9,1,0
BRDA:77,10,0,0
BRDA:77,10,1,0
BRDA:77,11,0,0
BRDA:77,11,1,0
BRDA:150,12,0,0
BRDA:150,12,1,0
BRDA:163,13,0,0
BRDA:163,13,1,0
BRDA:178,14,0,0
BRDA:178,14,1,0
BRDA:185,15,0,0
BRDA:185,15,1,0
BRDA:185,15,2,0
BRF:32
BRH:0
end_of_record
TN:
SF:src\components\profile\ReviewList.js
FN:7,(anonymous_0)
FN:10,(anonymous_1)
FN:49,(anonymous_2)
FN:50,(anonymous_3)
FN:71,(anonymous_4)
FNF:5
FNH:0
FNDA:0,(anonymous_0)
FNDA:0,(anonymous_1)
FNDA:0,(anonymous_2)
FNDA:0,(anonymous_3)
FNDA:0,(anonymous_4)
DA:7,0
DA:8,0
DA:10,0
DA:11,0
DA:13,0
DA:49,0
DA:51,0
DA:67,0
DA:71,0
DA:82,0
LF:10
LH:0
BRDA:18,0,0,0
BRDA:18,0,1,0
BRDA:23,1,0,0
BRDA:23,1,1,0
BRDA:41,2,0,0
BRDA:41,2,1,0
BRDA:45,3,0,0
BRDA:45,3,1,0
BRDA:45,3,2,0
BRF:9
BRH:0
end_of_record
TN:
SF:src\config\api.js
FN:9,(anonymous_0)
FN:11,(anonymous_1)
FN:19,(anonymous_2)
FN:32,(anonymous_3)
FN:61,(anonymous_4)
FN:81,(anonymous_5)
FN:132,(anonymous_6)
FN:133,(anonymous_7)
FN:155,(anonymous_8)
FN:165,(anonymous_9)
FN:202,(anonymous_10)
FN:230,(anonymous_11)
FN:234,(anonymous_12)
FN:238,(anonymous_13)
FN:297,(anonymous_14)
FN:298,(anonymous_15)
FN:302,(anonymous_16)
FN:306,(anonymous_17)
FN:310,(anonymous_18)
FN:368,(anonymous_19)
FN:404,(anonymous_20)
FN:428,(anonymous_21)
FN:433,(anonymous_22)
FN:438,(anonymous_23)
FN:443,(anonymous_24)
FN:447,(anonymous_25)
FN:452,(anonymous_26)
FN:456,(anonymous_27)
FN:466,(anonymous_28)
FN:492,(anonymous_29)
FN:499,(anonymous_30)
FN:515,(anonymous_31)
FN:532,(anonymous_32)
FN:547,(anonymous_33)
FN:560,(anonymous_34)
FN:569,(anonymous_35)
FN:578,(anonymous_36)
FN:587,(anonymous_37)
FN:596,(anonymous_38)
FN:605,(anonymous_39)
FN:614,(anonymous_40)
FN:623,(anonymous_41)
FN:635,(anonymous_42)
FN:644,(anonymous_43)
FN:653,(anonymous_44)
FN:661,(anonymous_45)
FN:686,(anonymous_46)
FN:695,(anonymous_47)
FN:704,(anonymous_48)
FN:714,(anonymous_49)
FN:737,(anonymous_50)
FN:759,(anonymous_51)
FN:762,(anonymous_52)
FN:781,(anonymous_53)
FN:797,(anonymous_54)
FN:804,(anonymous_55)
FN:829,(anonymous_56)
FN:833,(anonymous_57)
FN:837,(anonymous_58)
FN:844,(anonymous_59)
FN:848,(anonymous_60)
FNF:61
FNH:0
FNDA:0,(anonymous_0)
FNDA:0,(anonymous_1)
FNDA:0,(anonymous_2)
FNDA:0,(anonymous_3)
FNDA:0,(anonymous_4)
FNDA:0,(anonymous_5)
FNDA:0,(anonymous_6)
FNDA:0,(anonymous_7)
FNDA:0,(anonymous_8)
FNDA:0,(anonymous_9)
FNDA:0,(anonymous_10)
FNDA:0,(anonymous_11)
FNDA:0,(anonymous_12)
FNDA:0,(anonymous_13)
FNDA:0,(anonymous_14)
FNDA:0,(anonymous_15)
FNDA:0,(anonymous_16)
FNDA:0,(anonymous_17)
FNDA:0,(anonymous_18)
FNDA:0,(anonymous_19)
FNDA:0,(anonymous_20)
FNDA:0,(anonymous_21)
FNDA:0,(anonymous_22)
FNDA:0,(anonymous_23)
FNDA:0,(anonymous_24)
FNDA:0,(anonymous_25)
FNDA:0,(anonymous_26)
FNDA:0,(anonymous_27)
FNDA:0,(anonymous_28)
FNDA:0,(anonymous_29)
FNDA:0,(anonymous_30)
FNDA:0,(anonymous_31)
FNDA:0,(anonymous_32)
FNDA:0,(anonymous_33)
FNDA:0,(anonymous_34)
FNDA:0,(anonymous_35)
FNDA:0,(anonymous_36)
FNDA:0,(anonymous_37)
FNDA:0,(anonymous_38)
FNDA:0,(anonymous_39)
FNDA:0,(anonymous_40)
FNDA:0,(anonymous_41)
FNDA:0,(anonymous_42)
FNDA:0,(anonymous_43)
FNDA:0,(anonymous_44)
FNDA:0,(anonymous_45)
FNDA:0,(anonymous_46)
FNDA:0,(anonymous_47)
FNDA:0,(anonymous_48)
FNDA:0,(anonymous_49)
FNDA:0,(anonymous_50)
FNDA:0,(anonymous_51)
FNDA:0,(anonymous_52)
FNDA:0,(anonymous_53)
FNDA:0,(anonymous_54)
FNDA:0,(anonymous_55)
FNDA:0,(anonymous_56)
FNDA:0,(anonymous_57)
FNDA:0,(anonymous_58)
FNDA:0,(anonymous_59)
FNDA:0,(anonymous_60)
DA:9,0
DA:10,0
DA:11,0
DA:12,0
DA:13,0
DA:14,0
DA:16,0
DA:19,0
DA:20,0
DA:21,0
DA:22,0
DA:24,0
DA:25,0
DA:27,0
DA:32,0
DA:33,0
DA:34,0
DA:35,0
DA:36,0
DA:37,0
DA:39,0
DA:40,0
DA:42,0
DA:44,0
DA:48,0
DA:50,0
DA:52,0
DA:61,0
DA:62,0
DA:64,0
DA:65,0
DA:67,0
DA:69,0
DA:70,0
DA:72,0
DA:73,0
DA:77,0
DA:81,0
DA:82,0
DA:84,0
DA:85,0
DA:86,0
DA:87,0
DA:90,0
DA:91,0
DA:93,0
DA:97,0
DA:102,0
DA:105,0
DA:107,0
DA:108,0
DA:112,0
DA:113,0
DA:122,0
DA:127,0
DA:131,0
DA:132,0
DA:134,0
DA:135,0
DA:137,0
DA:138,0
DA:144,0
DA:150,0
DA:154,0
DA:156,0
DA:157,0
DA:163,0
DA:166,0
DA:174,0
DA:176,0
DA:180,0
DA:181,0
DA:186,0
DA:187,0
DA:193,0
DA:196,0
DA:201,0
DA:203,0
DA:204,0
DA:205,0
DA:207,0
DA:212,0
DA:231,0
DA:232,0
DA:235,0
DA:236,0
DA:239,0
DA:241,0
DA:247,0
DA:253,0
DA:267,0
DA:269,0
DA:270,0
DA:272,0
DA:277,0
DA:278,0
DA:283,0
DA:284,0
DA:285,0
DA:294,0
DA:297,0
DA:299,0
DA:300,0
DA:303,0
DA:304,0
DA:307,0
DA:308,0
DA:311,0
DA:312,0
DA:313,0
DA:315,0
DA:318,0
DA:319,0
DA:320,0
DA:321,0
DA:325,0
DA:366,0
DA:369,0
DA:370,0
DA:371,0
DA:372,0
DA:386,0
DA:388,0
DA:400,0
DA:405,0
DA:406,0
DA:418,0
DA:423,0
DA:424,0
DA:429,0
DA:430,0
DA:434,0
DA:435,0
DA:439,0
DA:440,0
DA:444,0
DA:445,0
DA:448,0
DA:449,0
DA:453,0
DA:457,0
DA:458,0
DA:463,0
DA:465,0
DA:467,0
DA:468,0
DA:469,0
DA:471,0
DA:476,0
DA:493,0
DA:494,0
DA:498,0
DA:500,0
DA:501,0
DA:502,0
DA:503,0
DA:505,0
DA:507,0
DA:508,0
DA:509,0
DA:511,0
DA:516,0
DA:517,0
DA:518,0
DA:520,0
DA:522,0
DA:533,0
DA:534,0
DA:540,0
DA:542,0
DA:543,0
DA:548,0
DA:549,0
DA:554,0
DA:556,0
DA:557,0
DA:561,0
DA:562,0
DA:563,0
DA:565,0
DA:566,0
DA:570,0
DA:571,0
DA:572,0
DA:574,0
DA:575,0
DA:579,0
DA:580,0
DA:581,0
DA:583,0
DA:584,0
DA:588,0
DA:589,0
DA:590,0
DA:592,0
DA:593,0
DA:597,0
DA:598,0
DA:599,0
DA:601,0
DA:602,0
DA:606,0
DA:607,0
DA:608,0
DA:610,0
DA:611,0
DA:615,0
DA:616,0
DA:617,0
DA:619,0
DA:620,0
DA:624,0
DA:625,0
DA:626,0
DA:628,0
DA:629,0
DA:634,0
DA:636,0
DA:637,0
DA:638,0
DA:640,0
DA:641,0
DA:645,0
DA:646,0
DA:647,0
DA:649,0
DA:650,0
DA:654,0
DA:655,0
DA:657,0
DA:662,0
DA:663,0
DA:664,0
DA:665,0
DA:667,0
DA:672,0
DA:673,0
DA:687,0
DA:688,0
DA:689,0
DA:691,0
DA:692,0
DA:696,0
DA:697,0
DA:698,0
DA:700,0
DA:705,0
DA:709,0
DA:713,0
DA:715,0
DA:716,0
DA:717,0
DA:719,0
DA:724,0
DA:725,0
DA:726,0
DA:734,0
DA:738,0
DA:739,0
DA:740,0
DA:742,0
DA:744,0
DA:759,0
DA:763,0
DA:764,0
DA:767,0
DA:770,0
DA:774,0
DA:780,0
DA:787,0
DA:793,0
DA:798,0
DA:799,0
DA:803,0
DA:806,0
DA:815,0
DA:816,0
DA:821,0
DA:825,0
DA:826,0
DA:827,0
DA:830,0
DA:831,0
DA:834,0
DA:835,0
DA:838,0
DA:842,0
DA:845,0
DA:846,0
DA:849,0
DA:853,0
LF:291
LH:0
BRDA:12,0,0,0
BRDA:12,0,1,0
BRDA:12,1,0,0
BRDA:12,1,1,0
BRDA:13,2,0,0
BRDA:13,2,1,0
BRDA:21,3,0,0
BRDA:21,3,1,0
BRDA:33,4,0,0
BRDA:33,4,1,0
BRDA:37,5,0,0
BRDA:37,5,1,0
BRDA:37,6,0,0
BRDA:37,6,1,0
BRDA:50,7,0,0
BRDA:50,7,1,0
BRDA:57,8,0,0
BRDA:57,8,1,0
BRDA:64,9,0,0
BRDA:64,9,1,0
BRDA:64,10,0,0
BRDA:64,10,1,0
BRDA:67,11,0,0
BRDA:67,11,1,0
BRDA:86,12,0,0
BRDA:86,12,1,0
BRDA:90,13,0,0
BRDA:90,13,1,0
BRDA:102,14,0,0
BRDA:102,14,1,0
BRDA:102,14,2,0
BRDA:105,15,0,0
BRDA:105,15,1,0
BRDA:112,16,0,0
BRDA:112,16,1,0
BRDA:124,17,0,0
BRDA:124,17,1,0
BRDA:135,18,0,0
BRDA:135,18,1,0
BRDA:135,19,0,0
BRDA:135,19,1,0
BRDA:138,20,0,0
BRDA:138,20,1,0
BRDA:139,21,0,0
BRDA:139,21,1,0
BRDA:139,21,2,0
BRDA:139,21,3,0
BRDA:156,22,0,0
BRDA:156,22,1,0
BRDA:176,23,0,0
BRDA:176,23,1,0
BRDA:177,24,0,0
BRDA:177,24,1,0
BRDA:186,25,0,0
BRDA:186,25,1,0
BRDA:189,26,0,0
BRDA:189,26,1,0
BRDA:193,27,0,0
BRDA:193,27,1,0
BRDA:209,28,0,0
BRDA:209,28,1,0
BRDA:209,28,2,0
BRDA:241,29,0,0
BRDA:241,29,1,0
BRDA:242,30,0,0
BRDA:242,30,1,0
BRDA:242,30,2,0
BRDA:242,30,3,0
BRDA:257,31,0,0
BRDA:257,31,1,0
BRDA:259,32,0,0
BRDA:259,32,1,0
BRDA:260,33,0,0
BRDA:260,33,1,0
BRDA:260,33,2,0
BRDA:261,34,0,0
BRDA:261,34,1,0
BRDA:264,35,0,0
BRDA:264,35,1,0
BRDA:274,36,0,0
BRDA:274,36,1,0
BRDA:274,36,2,0
BRDA:277,37,0,0
BRDA:277,37,1,0
BRDA:279,38,0,0
BRDA:279,38,1,0
BRDA:283,39,0,0
BRDA:283,39,1,0
BRDA:318,40,0,0
BRDA:318,40,1,0
BRDA:320,41,0,0
BRDA:320,41,1,0
BRDA:368,42,0,0
BRDA:378,43,0,0
BRDA:378,43,1,0
BRDA:381,44,0,0
BRDA:381,44,1,0
BRDA:384,45,0,0
BRDA:384,45,1,0
BRDA:409,46,0,0
BRDA:409,46,1,0
BRDA:410,47,0,0
BRDA:410,47,1,0
BRDA:473,48,0,0
BRDA:473,48,1,0
BRDA:473,48,2,0
BRDA:499,49,0,0
BRDA:501,50,0,0
BRDA:501,50,1,0
BRDA:507,51,0,0
BRDA:507,51,1,0
BRDA:507,52,0,0
BRDA:507,52,1,0
BRDA:532,53,0,0
BRDA:547,54,0,0
BRDA:640,55,0,0
BRDA:640,55,1,0
BRDA:649,56,0,0
BRDA:649,56,1,0
BRDA:669,57,0,0
BRDA:669,57,1,0
BRDA:669,57,2,0
BRDA:691,58,0,0
BRDA:691,58,1,0
BRDA:721,59,0,0
BRDA:721,59,1,0
BRDA:721,59,2,0
BRDA:724,60,0,0
BRDA:724,60,1,0
BRDA:767,61,0,0
BRDA:767,61,1,0
BRDA:772,62,0,0
BRDA:772,62,1,0
BRDA:783,63,0,0
BRDA:784,64,0,0
BRDA:816,65,0,0
BRDA:816,65,1,0
BRDA:817,66,0,0
BRDA:817,66,1,0
BRDA:817,66,2,0
BRDA:825,67,0,0
BRDA:825,67,1,0
BRF:142
BRH:0
end_of_record
TN:
SF:src\config\constants.js
FN:13,(anonymous_0)
FN:145,(anonymous_1)
FNF:2
FNH:0
FNDA:0,(anonymous_0)
FNDA:0,(anonymous_1)
DA:2,0
DA:3,0
DA:4,0
DA:6,0
DA:10,0
DA:13,0
DA:14,0
DA:17,0
DA:19,0
DA:21,0
DA:22,0
DA:26,0
DA:28,0
DA:29,0
DA:30,0
DA:32,0
DA:34,0
DA:36,0
DA:43,0
DA:45,0
DA:49,0
DA:51,0
DA:52,0
DA:56,0
DA:59,0
DA:85,0
DA:93,0
DA:120,0
DA:129,0
DA:145,0
DA:146,0
DA:147,0
DA:148,0
DA:150,0
DA:152,0
DA:156,0
DA:182,0
DA:189,0
DA:201,0
DA:232,0
DA:240,0
DA:253,0
LF:42
LH:0
BRDA:17,0,0,0
BRDA:17,0,1,0
BRDA:17,0,2,0
BRDA:17,0,3,0
BRDA:19,1,0,0
BRDA:19,1,1,0
BRDA:30,2,0,0
BRDA:30,2,1,0
BRDA:34,3,0,0
BRDA:34,3,1,0
BRDA:43,4,0,0
BRDA:43,4,1,0
BRDA:43,5,0,0
BRDA:43,5,1,0
BRDA:122,6,0,0
BRDA:122,6,1,0
BRF:16
BRH:0
end_of_record
TN:
SF:src\config\sampleData.js
FNF:0
FNH:0
DA:1,0
LF:1
LH:0
BRF:0
BRH:0
end_of_record
TN:
SF:src\contexts\AppContext.js
FN:58,(anonymous_0)
FN:96,(anonymous_1)
FN:145,(anonymous_2)
FN:196,(anonymous_3)
FN:207,(anonymous_4)
FN:219,(anonymous_5)
FN:220,(anonymous_6)
FN:231,(anonymous_7)
FN:244,(anonymous_8)
FN:261,(anonymous_9)
FN:274,(anonymous_10)
FN:299,(anonymous_11)
FN:303,(anonymous_12)
FN:305,(anonymous_13)
FN:334,(anonymous_14)
FN:359,(anonymous_15)
FN:395,(anonymous_16)
FN:415,(anonymous_17)
FN:425,(anonymous_18)
FN:455,(anonymous_19)
FN:485,(anonymous_20)
FN:509,(anonymous_21)
FN:556,(anonymous_22)
FNF:23
FNH:0
FNDA:0,(anonymous_0)
FNDA:0,(anonymous_1)
FNDA:0,(anonymous_2)
FNDA:0,(anonymous_3)
FNDA:0,(anonymous_4)
FNDA:0,(anonymous_5)
FNDA:0,(anonymous_6)
FNDA:0,(anonymous_7)
FNDA:0,(anonymous_8)
FNDA:0,(anonymous_9)
FNDA:0,(anonymous_10)
FNDA:0,(anonymous_11)
FNDA:0,(anonymous_12)
FNDA:0,(anonymous_13)
FNDA:0,(anonymous_14)
FNDA:0,(anonymous_15)
FNDA:0,(anonymous_16)
FNDA:0,(anonymous_17)
FNDA:0,(anonymous_18)
FNDA:0,(anonymous_19)
FNDA:0,(anonymous_20)
FNDA:0,(anonymous_21)
FNDA:0,(anonymous_22)
DA:14,0
DA:58,0
DA:61,0
DA:96,0
DA:97,0
DA:99,0
DA:102,0
DA:110,0
DA:113,0
DA:122,0
DA:125,0
DA:128,0
DA:131,0
DA:134,0
DA:137,0
DA:143,0
DA:145,0
DA:149,0
DA:152,0
DA:155,0
DA:158,0
DA:161,0
DA:164,0
DA:170,0
DA:176,0
DA:182,0
DA:188,0
DA:193,0
DA:196,0
DA:197,0
DA:199,0
DA:201,0
DA:202,0
DA:204,0
DA:207,0
DA:208,0
DA:209,0
DA:219,0
DA:220,0
DA:221,0
DA:222,0
DA:224,0
DA:227,0
DA:231,0
DA:232,0
DA:233,0
DA:234,0
DA:235,0
DA:236,0
DA:239,0
DA:244,0
DA:245,0
DA:247,0
DA:248,0
DA:249,0
DA:251,0
DA:256,0
DA:257,0
DA:258,0
DA:261,0
DA:262,0
DA:264,0
DA:267,0
DA:269,0
DA:270,0
DA:274,0
DA:275,0
DA:276,0
DA:282,0
DA:287,0
DA:288,0
DA:291,0
DA:292,0
DA:295,0
DA:299,0
DA:301,0
DA:302,0
DA:303,0
DA:305,0
DA:306,0
DA:307,0
DA:310,0
DA:311,0
DA:312,0
DA:313,0
DA:314,0
DA:315,0
DA:317,0
DA:318,0
DA:319,0
DA:322,0
DA:323,0
DA:327,0
DA:333,0
DA:335,0
DA:336,0
DA:340,0
DA:342,0
DA:344,0
DA:345,0
DA:347,0
DA:349,0
DA:350,0
DA:352,0
DA:360,0
DA:361,0
DA:365,0
DA:367,0
DA:369,0
DA:370,0
DA:373,0
DA:374,0
DA:380,0
DA:383,0
DA:385,0
DA:386,0
DA:388,0
DA:396,0
DA:397,0
DA:399,0
DA:400,0
DA:405,0
DA:407,0
DA:408,0
DA:409,0
DA:411,0
DA:416,0
DA:421,0
DA:426,0
DA:427,0
DA:431,0
DA:432,0
DA:433,0
DA:434,0
DA:436,0
DA:437,0
DA:438,0
DA:442,0
DA:444,0
DA:445,0
DA:447,0
DA:456,0
DA:457,0
DA:462,0
DA:463,0
DA:464,0
DA:465,0
DA:466,0
DA:468,0
DA:469,0
DA:473,0
DA:475,0
DA:476,0
DA:478,0
DA:486,0
DA:487,0
DA:491,0
DA:493,0
DA:497,0
DA:499,0
DA:500,0
DA:502,0
DA:510,0
DA:511,0
DA:516,0
DA:517,0
DA:521,0
DA:522,0
DA:527,0
DA:533,0
DA:537,0
DA:539,0
DA:540,0
DA:542,0
DA:550,0
DA:552,0
DA:556,0
DA:557,0
DA:558,0
DA:559,0
DA:561,0
LF:181
LH:0
BRDA:58,0,0,0
BRDA:58,0,1,0
BRDA:97,1,0,0
BRDA:97,1,1,0
BRDA:97,1,2,0
BRDA:97,1,3,0
BRDA:97,1,4,0
BRDA:97,1,5,0
BRDA:97,1,6,0
BRDA:97,1,7,0
BRDA:97,1,8,0
BRDA:97,1,9,0
BRDA:97,1,10,0
BRDA:97,1,11,0
BRDA:97,1,12,0
BRDA:97,1,13,0
BRDA:97,1,14,0
BRDA:97,1,15,0
BRDA:97,1,16,0
BRDA:97,1,17,0
BRDA:97,1,18,0
BRDA:97,1,19,0
BRDA:97,1,20,0
BRDA:199,2,0,0
BRDA:199,2,1,0
BRDA:213,3,0,0
BRDA:213,3,1,0
BRDA:232,4,0,0
BRDA:232,4,1,0
BRDA:233,5,0,0
BRDA:233,5,1,0
BRDA:234,6,0,0
BRDA:234,6,1,0
BRDA:245,7,0,0
BRDA:245,7,1,0
BRDA:247,8,0,0
BRDA:247,8,1,0
BRDA:248,9,0,0
BRDA:248,9,1,0
BRDA:249,10,0,0
BRDA:249,10,1,0
BRDA:287,11,0,0
BRDA:287,11,1,0
BRDA:291,12,0,0
BRDA:291,12,1,0
BRDA:301,13,0,0
BRDA:301,13,1,0
BRDA:311,14,0,0
BRDA:311,14,1,0
BRDA:311,15,0,0
BRDA:311,15,1,0
BRDA:311,15,2,0
BRDA:311,15,3,0
BRDA:314,16,0,0
BRDA:314,16,1,0
BRDA:317,17,0,0
BRDA:317,17,1,0
BRDA:344,18,0,0
BRDA:344,18,1,0
BRDA:369,19,0,0
BRDA:369,19,1,0
BRDA:377,20,0,0
BRDA:377,20,1,0
BRDA:431,21,0,0
BRDA:431,21,1,0
BRDA:431,22,0,0
BRDA:431,22,1,0
BRDA:455,23,0,0
BRDA:463,24,0,0
BRDA:463,24,1,0
BRDA:463,25,0,0
BRDA:463,25,1,0
BRDA:495,26,0,0
BRDA:495,26,1,0
BRDA:516,27,0,0
BRDA:516,27,1,0
BRDA:521,28,0,0
BRDA:521,28,1,0
BRDA:535,29,0,0
BRDA:535,29,1,0
BRDA:558,30,0,0
BRDA:558,30,1,0
BRF:82
BRH:0
end_of_record
TN:
SF:src\contexts\AuthContext.js
FN:9,(anonymous_0)
FN:15,(anonymous_1)
FN:22,(anonymous_2)
FN:23,(anonymous_3)
FN:59,(anonymous_4)
FN:63,(anonymous_5)
FN:101,(anonymous_6)
FN:138,(anonymous_7)
FN:175,(anonymous_8)
FNF:9
FNH:0
FNDA:0,(anonymous_0)
FNDA:0,(anonymous_1)
FNDA:0,(anonymous_2)
FNDA:0,(anonymous_3)
FNDA:0,(anonymous_4)
FNDA:0,(anonymous_5)
FNDA:0,(anonymous_6)
FNDA:0,(anonymous_7)
FNDA:0,(anonymous_8)
DA:7,0
DA:9,0
DA:10,0
DA:11,0
DA:12,0
DA:15,0
DA:16,0
DA:17,0
DA:18,0
DA:19,0
DA:21,0
DA:22,0
DA:23,0
DA:26,0
DA:29,0
DA:30,0
DA:31,0
DA:32,0
DA:34,0
DA:38,0
DA:39,0
DA:40,0
DA:43,0
DA:44,0
DA:49,0
DA:51,0
DA:52,0
DA:55,0
DA:59,0
DA:60,0
DA:63,0
DA:64,0
DA:65,0
DA:66,0
DA:68,0
DA:69,0
DA:71,0
DA:72,0
DA:73,0
DA:75,0
DA:79,0
DA:80,0
DA:83,0
DA:84,0
DA:85,0
DA:86,0
DA:88,0
DA:90,0
DA:92,0
DA:93,0
DA:94,0
DA:95,0
DA:97,0
DA:101,0
DA:102,0
DA:103,0
DA:104,0
DA:106,0
DA:107,0
DA:109,0
DA:110,0
DA:111,0
DA:113,0
DA:116,0
DA:117,0
DA:120,0
DA:121,0
DA:122,0
DA:123,0
DA:125,0
DA:127,0
DA:129,0
DA:130,0
DA:131,0
DA:132,0
DA:134,0
DA:138,0
DA:139,0
DA:140,0
DA:141,0
DA:143,0
DA:145,0
DA:146,0
DA:147,0
DA:151,0
DA:161,0
DA:175,0
DA:176,0
DA:177,0
DA:178,0
DA:180,0
LF:91
LH:0
BRDA:18,0,0,0
BRDA:18,0,1,0
BRDA:29,1,0,0
BRDA:29,1,1,0
BRDA:31,2,0,0
BRDA:31,2,1,0
BRDA:43,3,0,0
BRDA:43,3,1,0
BRDA:43,4,0,0
BRDA:43,4,1,0
BRDA:44,5,0,0
BRDA:44,5,1,0
BRDA:51,6,0,0
BRDA:51,6,1,0
BRDA:51,7,0,0
BRDA:51,7,1,0
BRDA:52,8,0,0
BRDA:52,8,1,0
BRDA:71,9,0,0
BRDA:71,9,1,0
BRDA:83,10,0,0
BRDA:83,10,1,0
BRDA:85,11,0,0
BRDA:85,11,1,0
BRDA:93,12,0,0
BRDA:93,12,1,0
BRDA:93,12,2,0
BRDA:109,13,0,0
BRDA:109,13,1,0
BRDA:120,14,0,0
BRDA:120,14,1,0
BRDA:122,15,0,0
BRDA:122,15,1,0
BRDA:130,16,0,0
BRDA:130,16,1,0
BRDA:130,16,2,0
BRDA:163,17,0,0
BRDA:163,17,1,0
BRDA:177,18,0,0
BRDA:177,18,1,0
BRF:40
BRH:0
end_of_record
TN:
SF:src\contexts\MessagingContext.js
FN:10,(anonymous_0)
FN:22,(anonymous_1)
FN:28,(anonymous_2)
FN:33,(anonymous_3)
FN:39,(anonymous_4)
FN:48,(anonymous_5)
FN:67,(anonymous_6)
FN:74,(anonymous_7)
FN:76,(anonymous_8)
FN:82,(anonymous_9)
FN:95,(anonymous_10)
FN:96,(anonymous_11)
FN:98,(anonymous_12)
FN:107,(anonymous_13)
FN:113,(anonymous_14)
FN:115,(anonymous_15)
FN:124,(anonymous_16)
FN:134,(anonymous_17)
FN:141,(anonymous_18)
FN:150,(anonymous_19)
FN:155,(anonymous_20)
FN:183,(anonymous_21)
FN:189,(anonymous_22)
FN:234,(anonymous_23)
FN:239,(anonymous_24)
FN:239,(anonymous_25)
FN:241,(anonymous_26)
FN:241,(anonymous_27)
FN:255,(anonymous_28)
FN:256,(anonymous_29)
FN:260,(anonymous_30)
FN:262,(anonymous_31)
FN:298,(anonymous_32)
FNF:33
FNH:0
FNDA:0,(anonymous_0)
FNDA:0,(anonymous_1)
FNDA:0,(anonymous_2)
FNDA:0,(anonymous_3)
FNDA:0,(anonymous_4)
FNDA:0,(anonymous_5)
FNDA:0,(anonymous_6)
FNDA:0,(anonymous_7)
FNDA:0,(anonymous_8)
FNDA:0,(anonymous_9)
FNDA:0,(anonymous_10)
FNDA:0,(anonymous_11)
FNDA:0,(anonymous_12)
FNDA:0,(anonymous_13)
FNDA:0,(anonymous_14)
FNDA:0,(anonymous_15)
FNDA:0,(anonymous_16)
FNDA:0,(anonymous_17)
FNDA:0,(anonymous_18)
FNDA:0,(anonymous_19)
FNDA:0,(anonymous_20)
FNDA:0,(anonymous_21)
FNDA:0,(anonymous_22)
FNDA:0,(anonymous_23)
FNDA:0,(anonymous_24)
FNDA:0,(anonymous_25)
FNDA:0,(anonymous_26)
FNDA:0,(anonymous_27)
FNDA:0,(anonymous_28)
FNDA:0,(anonymous_29)
FNDA:0,(anonymous_30)
FNDA:0,(anonymous_31)
FNDA:0,(anonymous_32)
DA:8,0
DA:10,0
DA:11,0
DA:12,0
DA:13,0
DA:14,0
DA:15,0
DA:16,0
DA:17,0
DA:18,0
DA:19,0
DA:22,0
DA:23,0
DA:25,0
DA:28,0
DA:29,0
DA:30,0
DA:32,0
DA:33,0
DA:39,0
DA:40,0
DA:41,0
DA:42,0
DA:43,0
DA:44,0
DA:47,0
DA:48,0
DA:49,0
DA:50,0
DA:52,0
DA:54,0
DA:55,0
DA:57,0
DA:61,0
DA:63,0
DA:66,0
DA:67,0
DA:68,0
DA:69,0
DA:74,0
DA:75,0
DA:76,0
DA:77,0
DA:78,0
DA:79,0
DA:80,0
DA:82,0
DA:83,0
DA:84,0
DA:85,0
DA:86,0
DA:87,0
DA:89,0
DA:90,0
DA:92,0
DA:95,0
DA:96,0
DA:98,0
DA:99,0
DA:100,0
DA:105,0
DA:106,0
DA:107,0
DA:108,0
DA:110,0
DA:111,0
DA:112,0
DA:113,0
DA:115,0
DA:116,0
DA:117,0
DA:118,0
DA:123,0
DA:124,0
DA:125,0
DA:126,0
DA:127,0
DA:128,0
DA:129,0
DA:134,0
DA:135,0
DA:136,0
DA:138,0
DA:141,0
DA:142,0
DA:143,0
DA:145,0
DA:150,0
DA:151,0
DA:152,0
DA:154,0
DA:155,0
DA:157,0
DA:158,0
DA:159,0
DA:162,0
DA:163,0
DA:171,0
DA:172,0
DA:174,0
DA:175,0
DA:176,0
DA:178,0
DA:183,0
DA:184,0
DA:185,0
DA:186,0
DA:187,0
DA:188,0
DA:189,0
DA:190,0
DA:198,0
DA:201,0
DA:202,0
DA:203,0
DA:207,0
DA:208,0
DA:209,0
DA:221,0
DA:225,0
DA:227,0
DA:228,0
DA:229,0
DA:234,0
DA:236,0
DA:237,0
DA:238,0
DA:239,0
DA:240,0
DA:241,0
DA:243,0
DA:244,0
DA:246,0
DA:250,0
DA:255,0
DA:256,0
DA:260,0
DA:261,0
DA:262,0
DA:265,0
DA:266,0
DA:267,0
DA:270,0
DA:273,0
DA:298,0
DA:299,0
DA:300,0
DA:301,0
DA:303,0
LF:149
LH:0
BRDA:23,0,0,0
BRDA:23,0,1,0
BRDA:32,1,0,0
BRDA:32,1,1,0
BRDA:42,2,0,0
BRDA:42,2,1,0
BRDA:42,3,0,0
BRDA:42,3,1,0
BRDA:43,4,0,0
BRDA:43,4,1,0
BRDA:50,5,0,0
BRDA:50,5,1,0
BRDA:50,6,0,0
BRDA:50,6,1,0
BRDA:50,6,2,0
BRDA:50,6,3,0
BRDA:55,7,0,0
BRDA:55,7,1,0
BRDA:57,8,0,0
BRDA:57,8,1,0
BRDA:69,9,0,0
BRDA:69,9,1,0
BRDA:75,10,0,0
BRDA:75,10,1,0
BRDA:86,11,0,0
BRDA:86,11,1,0
BRDA:86,12,0,0
BRDA:86,12,1,0
BRDA:87,13,0,0
BRDA:87,13,1,0
BRDA:90,14,0,0
BRDA:90,14,1,0
BRDA:92,15,0,0
BRDA:92,15,1,0
BRDA:98,16,0,0
BRDA:98,16,1,0
BRDA:98,16,2,0
BRDA:99,17,0,0
BRDA:99,17,1,0
BRDA:106,18,0,0
BRDA:106,18,1,0
BRDA:108,19,0,0
BRDA:108,19,1,0
BRDA:110,20,0,0
BRDA:110,20,1,0
BRDA:110,21,0,0
BRDA:110,21,1,0
BRDA:110,21,2,0
BRDA:112,22,0,0
BRDA:112,22,1,0
BRDA:116,23,0,0
BRDA:116,23,1,0
BRDA:117,24,0,0
BRDA:117,24,1,0
BRDA:117,25,0,0
BRDA:117,25,1,0
BRDA:127,26,0,0
BRDA:127,26,1,0
BRDA:128,27,0,0
BRDA:128,27,1,0
BRDA:129,28,0,0
BRDA:129,28,1,0
BRDA:135,29,0,0
BRDA:135,29,1,0
BRDA:142,30,0,0
BRDA:142,30,1,0
BRDA:150,31,0,0
BRDA:155,32,0,0
BRDA:155,32,1,0
BRDA:155,32,2,0
BRDA:155,32,3,0
BRDA:157,33,0,0
BRDA:157,33,1,0
BRDA:184,34,0,0
BRDA:184,34,1,0
BRDA:184,34,2,0
BRDA:185,35,0,0
BRDA:185,35,1,0
BRDA:185,36,0,0
BRDA:185,36,1,0
BRDA:185,37,0,0
BRDA:185,37,1,0
BRDA:186,38,0,0
BRDA:186,38,1,0
BRDA:186,39,0,0
BRDA:186,39,1,0
BRDA:187,40,0,0
BRDA:187,40,1,0
BRDA:187,41,0,0
BRDA:187,41,1,0
BRDA:187,41,2,0
BRDA:191,42,0,0
BRDA:191,42,1,0
BRDA:193,43,0,0
BRDA:193,43,1,0
BRDA:201,44,0,0
BRDA:201,44,1,0
BRDA:201,45,0,0
BRDA:201,45,1,0
BRDA:207,46,0,0
BRDA:207,46,1,0
BRDA:212,47,0,0
BRDA:212,47,1,0
BRDA:215,48,0,0
BRDA:215,48,1,0
BRDA:216,49,0,0
BRDA:216,49,1,0
BRDA:236,50,0,0
BRDA:236,50,1,0
BRDA:236,51,0,0
BRDA:236,51,1,0
BRDA:238,52,0,0
BRDA:238,52,1,0
BRDA:238,53,0,0
BRDA:238,53,1,0
BRDA:239,54,0,0
BRDA:239,54,1,0
BRDA:240,55,0,0
BRDA:240,55,1,0
BRDA:243,56,0,0
BRDA:243,56,1,0
BRDA:260,57,0,0
BRDA:262,58,0,0
BRDA:262,58,1,0
BRDA:262,58,2,0
BRDA:265,59,0,0
BRDA:265,59,1,0
BRDA:300,60,0,0
BRDA:300,60,1,0
BRF:129
BRH:0
end_of_record
TN:
SF:src\contexts\ThemeContext.js
FN:24,(anonymous_0)
FN:64,(anonymous_1)
FN:65,(anonymous_2)
FN:66,(anonymous_3)
FN:69,(anonymous_4)
FN:75,(anonymous_5)
FN:90,(anonymous_6)
FN:99,(anonymous_7)
FN:113,(anonymous_8)
FN:114,(anonymous_9)
FN:131,(anonymous_10)
FN:133,(anonymous_11)
FN:147,(anonymous_12)
FN:173,(anonymous_13)
FNF:14
FNH:0
FNDA:0,(anonymous_0)
FNDA:0,(anonymous_1)
FNDA:0,(anonymous_2)
FNDA:0,(anonymous_3)
FNDA:0,(anonymous_4)
FNDA:0,(anonymous_5)
FNDA:0,(anonymous_6)
FNDA:0,(anonymous_7)
FNDA:0,(anonymous_8)
FNDA:0,(anonymous_9)
FNDA:0,(anonymous_10)
FNDA:0,(anonymous_11)
FNDA:0,(anonymous_12)
FNDA:0,(anonymous_13)
DA:7,0
DA:24,0
DA:33,0
DA:42,0
DA:57,0
DA:60,0
DA:69,0
DA:70,0
DA:71,0
DA:72,0
DA:75,0
DA:76,0
DA:77,0
DA:79,0
DA:81,0
DA:82,0
DA:86,0
DA:87,0
DA:90,0
DA:91,0
DA:92,0
DA:95,0
DA:98,0
DA:99,0
DA:107,0
DA:108,0
DA:113,0
DA:114,0
DA:115,0
DA:117,0
DA:118,0
DA:119,0
DA:122,0
DA:124,0
DA:128,0
DA:131,0
DA:132,0
DA:133,0
DA:134,0
DA:139,0
DA:140,0
DA:143,0
DA:147,0
DA:148,0
DA:149,0
DA:150,0
DA:155,0
DA:156,0
DA:159,0
DA:173,0
DA:174,0
DA:175,0
DA:176,0
DA:178,0
LF:54
LH:0
BRDA:27,0,0,0
BRDA:27,0,1,0
BRDA:33,1,0,0
BRDA:33,1,1,0
BRDA:42,2,0,0
BRDA:42,2,1,0
BRDA:57,3,0,0
BRDA:57,3,1,0
BRDA:70,4,0,0
BRDA:70,4,1,0
BRDA:77,5,0,0
BRDA:77,5,1,0
BRDA:77,5,2,0
BRDA:79,6,0,0
BRDA:79,6,1,0
BRDA:92,7,0,0
BRDA:92,7,1,0
BRDA:92,7,2,0
BRDA:98,8,0,0
BRDA:98,8,1,0
BRDA:118,9,0,0
BRDA:118,9,1,0
BRDA:118,10,0,0
BRDA:118,10,1,0
BRDA:134,11,0,0
BRDA:134,11,1,0
BRDA:135,12,0,0
BRDA:135,12,1,0
BRDA:136,13,0,0
BRDA:136,13,1,0
BRDA:148,14,0,0
BRDA:148,14,1,0
BRDA:155,15,0,0
BRDA:155,15,1,0
BRDA:175,16,0,0
BRDA:175,16,1,0
BRF:36
BRH:0
end_of_record
TN:
SF:src\contexts\useAuth.js
FN:5,useAuth
FNF:1
FNH:0
FNDA:0,useAuth
DA:6,0
DA:8,0
DA:9,0
DA:12,0
LF:4
LH:0
BRDA:8,0,0,0
BRDA:8,0,1,0
BRF:2
BRH:0
end_of_record
TN:
SF:src\hooks\useApi.js
FN:8,(anonymous_0)
FN:12,(anonymous_1)
FN:43,(anonymous_2)
FN:59,(anonymous_3)
FN:75,(anonymous_4)
FN:82,(anonymous_5)
FN:83,(anonymous_6)
FN:88,(anonymous_7)
FN:97,(anonymous_8)
FN:103,(anonymous_9)
FNF:10
FNH:0
FNDA:0,(anonymous_0)
FNDA:0,(anonymous_1)
FNDA:0,(anonymous_2)
FNDA:0,(anonymous_3)
FNDA:0,(anonymous_4)
FNDA:0,(anonymous_5)
FNDA:0,(anonymous_6)
FNDA:0,(anonymous_7)
FNDA:0,(anonymous_8)
FNDA:0,(anonymous_9)
DA:8,0
DA:9,0
DA:10,0
DA:12,0
DA:19,0
DA:21,0
DA:22,0
DA:24,0
DA:25,0
DA:27,0
DA:28,0
DA:29,0
DA:30,0
DA:32,0
DA:34,0
DA:35,0
DA:38,0
DA:39,0
DA:41,0
DA:43,0
DA:44,0
DA:48,0
DA:49,0
DA:51,0
DA:53,0
DA:54,0
DA:59,0
DA:60,0
DA:61,0
DA:64,0
DA:75,0
DA:76,0
DA:77,0
DA:78,0
DA:79,0
DA:80,0
DA:82,0
DA:83,0
DA:85,0
DA:86,0
DA:88,0
DA:89,0
DA:90,0
DA:91,0
DA:94,0
DA:97,0
DA:98,0
DA:99,0
DA:103,0
DA:104,0
DA:107,0
LF:51
LH:0
BRDA:12,0,0,0
BRDA:16,1,0,0
BRDA:17,2,0,0
BRDA:18,3,0,0
BRDA:21,4,0,0
BRDA:21,4,1,0
BRDA:32,5,0,0
BRDA:32,5,1,0
BRDA:34,6,0,0
BRDA:34,6,1,0
BRDA:41,7,0,0
BRDA:41,7,1,0
BRDA:51,8,0,0
BRDA:51,8,1,0
BRDA:53,9,0,0
BRDA:53,9,1,0
BRDA:75,10,0,0
BRDA:75,11,0,0
BRDA:82,12,0,0
BRDA:82,13,0,0
BRDA:85,14,0,0
BRDA:85,14,1,0
BRDA:88,15,0,0
BRDA:88,15,1,0
BRDA:98,16,0,0
BRDA:98,16,1,0
BRDA:98,17,0,0
BRDA:98,17,1,0
BRF:28
BRH:0
end_of_record
TN:
SF:src\navigation\AppNavigator.js
FN:35,(anonymous_0)
FN:53,(anonymous_1)
FNF:2
FNH:0
FNDA:0,(anonymous_0)
FNDA:0,(anonymous_1)
DA:33,0
DA:35,0
DA:36,0
DA:37,0
DA:38,0
DA:41,0
DA:42,0
DA:50,0
DA:53,0
DA:54,0
DA:55,0
DA:56,0
DA:62,0
DA:63,0
DA:71,0
LF:15
LH:0
BRDA:41,0,0,0
BRDA:41,0,1,0
BRDA:50,1,0,0
BRDA:50,1,1,0
BRDA:54,2,0,0
BRDA:54,2,1,0
BRDA:55,3,0,0
BRDA:55,3,1,0
BRDA:56,4,0,0
BRDA:56,4,1,0
BRDA:62,5,0,0
BRDA:62,5,1,0
BRF:12
BRH:0
end_of_record
TN:
SF:src\providers\AppProvider.js
FN:9,(anonymous_0)
FN:28,(anonymous_1)
FNF:2
FNH:0
FNDA:0,(anonymous_0)
FNDA:0,(anonymous_1)
DA:9,0
DA:10,0
DA:13,0
DA:14,0
DA:21,0
DA:28,0
DA:29,0
LF:7
LH:0
BRDA:13,0,0,0
BRDA:13,0,1,0
BRF:2
BRH:0
end_of_record
TN:
SF:src\screens\AvailabilityManagementScreen.js
FN:35,(anonymous_0)
FN:50,(anonymous_1)
FN:54,(anonymous_2)
FN:64,(anonymous_3)
FN:71,(anonymous_4)
FN:78,(anonymous_5)
FN:85,(anonymous_6)
FN:92,(anonymous_7)
FN:94,(anonymous_8)
FN:101,(anonymous_9)
FN:105,(anonymous_10)
FN:112,(anonymous_11)
FN:124,(anonymous_12)
FN:133,(anonymous_13)
FN:142,(anonymous_14)
FN:144,(anonymous_15)
FN:146,(anonymous_16)
FN:181,(anonymous_17)
FN:183,(anonymous_18)
FN:202,(anonymous_19)
FN:213,(anonymous_20)
FN:221,(anonymous_21)
FN:228,(anonymous_22)
FN:235,(anonymous_23)
FN:266,(anonymous_24)
FNF:25
FNH:0
FNDA:0,(anonymous_0)
FNDA:0,(anonymous_1)
FNDA:0,(anonymous_2)
FNDA:0,(anonymous_3)
FNDA:0,(anonymous_4)
FNDA:0,(anonymous_5)
FNDA:0,(anonymous_6)
FNDA:0,(anonymous_7)
FNDA:0,(anonymous_8)
FNDA:0,(anonymous_9)
FNDA:0,(anonymous_10)
FNDA:0,(anonymous_11)
FNDA:0,(anonymous_12)
FNDA:0,(anonymous_13)
FNDA:0,(anonymous_14)
FNDA:0,(anonymous_15)
FNDA:0,(anonymous_16)
FNDA:0,(anonymous_17)
FNDA:0,(anonymous_18)
FNDA:0,(anonymous_19)
FNDA:0,(anonymous_20)
FNDA:0,(anonymous_21)
FNDA:0,(anonymous_22)
FNDA:0,(anonymous_23)
FNDA:0,(anonymous_24)
DA:18,0
DA:28,0
DA:35,0
DA:36,0
DA:37,0
DA:38,0
DA:43,0
DA:48,0
DA:50,0
DA:51,0
DA:54,0
DA:55,0
DA:56,0
DA:57,0
DA:59,0
DA:60,0
DA:64,0
DA:65,0
DA:66,0
DA:71,0
DA:75,0
DA:78,0
DA:79,0
DA:80,0
DA:85,0
DA:89,0
DA:92,0
DA:93,0
DA:94,0
DA:96,0
DA:101,0
DA:102,0
DA:105,0
DA:109,0
DA:112,0
DA:113,0
DA:114,0
DA:115,0
DA:116,0
DA:117,0
DA:119,0
DA:120,0
DA:124,0
DA:125,0
DA:134,0
DA:135,0
DA:142,0
DA:143,0
DA:144,0
DA:145,0
DA:146,0
DA:147,0
DA:150,0
DA:151,0
DA:154,0
DA:155,0
DA:158,0
DA:182,0
DA:183,0
DA:184,0
DA:186,0
DA:202,0
DA:213,0
DA:221,0
DA:229,0
DA:235,0
DA:267,0
DA:268,0
LF:68
LH:0
BRDA:57,0,0,0
BRDA:57,0,1,0
BRDA:65,1,0,0
BRDA:65,1,1,0
BRDA:79,2,0,0
BRDA:79,2,1,0
BRDA:93,3,0,0
BRDA:93,3,1,0
BRDA:98,4,0,0
BRDA:98,4,1,0
BRDA:99,5,0,0
BRDA:99,5,1,0
BRDA:120,6,0,0
BRDA:120,6,1,0
BRDA:154,7,0,0
BRDA:154,7,1,0
BRDA:182,8,0,0
BRDA:182,8,1,0
BRDA:192,9,0,0
BRDA:192,9,1,0
BRDA:194,10,0,0
BRDA:194,10,1,0
BRDA:204,11,0,0
BRDA:204,11,1,0
BRDA:212,12,0,0
BRDA:212,12,1,0
BRDA:220,13,0,0
BRDA:220,13,1,0
BRDA:233,14,0,0
BRDA:233,14,1,0
BRDA:239,15,0,0
BRDA:239,15,1,0
BRDA:261,16,0,0
BRDA:261,16,1,0
BRDA:279,17,0,0
BRDA:279,17,1,0
BRF:36
BRH:0
end_of_record
TN:
SF:src\screens\BookingManagementScreen.js
FN:50,(anonymous_0)
FN:62,(anonymous_1)
FN:75,(anonymous_2)
FN:88,(anonymous_3)
FN:99,(anonymous_4)
FN:103,(anonymous_5)
FN:108,(anonymous_6)
FN:114,(anonymous_7)
FN:129,(anonymous_8)
FN:134,(anonymous_9)
FN:139,(anonymous_10)
FN:143,(anonymous_11)
FN:146,(anonymous_12)
FN:149,(anonymous_13)
FN:150,(anonymous_14)
FN:163,(anonymous_15)
FN:172,(anonymous_16)
FN:180,(anonymous_17)
FN:195,(anonymous_18)
FN:200,(anonymous_19)
FN:209,(anonymous_20)
FN:216,(anonymous_21)
FN:264,(anonymous_22)
FN:275,(anonymous_23)
FN:285,(anonymous_24)
FN:289,(anonymous_25)
FN:308,(anonymous_26)
FN:343,(anonymous_27)
FNF:28
FNH:0
FNDA:0,(anonymous_0)
FNDA:0,(anonymous_1)
FNDA:0,(anonymous_2)
FNDA:0,(anonymous_3)
FNDA:0,(anonymous_4)
FNDA:0,(anonymous_5)
FNDA:0,(anonymous_6)
FNDA:0,(anonymous_7)
FNDA:0,(anonymous_8)
FNDA:0,(anonymous_9)
FNDA:0,(anonymous_10)
FNDA:0,(anonymous_11)
FNDA:0,(anonymous_12)
FNDA:0,(anonymous_13)
FNDA:0,(anonymous_14)
FNDA:0,(anonymous_15)
FNDA:0,(anonymous_16)
FNDA:0,(anonymous_17)
FNDA:0,(anonymous_18)
FNDA:0,(anonymous_19)
FNDA:0,(anonymous_20)
FNDA:0,(anonymous_21)
FNDA:0,(anonymous_22)
FNDA:0,(anonymous_23)
FNDA:0,(anonymous_24)
FNDA:0,(anonymous_25)
FNDA:0,(anonymous_26)
FNDA:0,(anonymous_27)
DA:18,0
DA:50,0
DA:51,0
DA:52,0
DA:53,0
DA:54,0
DA:55,0
DA:56,0
DA:57,0
DA:58,0
DA:62,0
DA:63,0
DA:64,0
DA:65,0
DA:66,0
DA:67,0
DA:68,0
DA:69,0
DA:70,0
DA:75,0
DA:76,0
DA:77,0
DA:79,0
DA:88,0
DA:89,0
DA:90,0
DA:91,0
DA:93,0
DA:94,0
DA:95,0
DA:96,0
DA:97,0
DA:99,0
DA:100,0
DA:103,0
DA:105,0
DA:106,0
DA:108,0
DA:111,0
DA:112,0
DA:113,0
DA:114,0
DA:117,0
DA:119,0
DA:120,0
DA:121,0
DA:123,0
DA:124,0
DA:128,0
DA:130,0
DA:134,0
DA:135,0
DA:136,0
DA:139,0
DA:140,0
DA:143,0
DA:144,0
DA:146,0
DA:149,0
DA:150,0
DA:151,0
DA:157,0
DA:159,0
DA:163,0
DA:164,0
DA:173,0
DA:181,0
DA:182,0
DA:195,0
DA:196,0
DA:197,0
DA:200,0
DA:201,0
DA:202,0
DA:203,0
DA:204,0
DA:205,0
DA:206,0
DA:209,0
DA:210,0
DA:211,0
DA:213,0
DA:216,0
DA:264,0
DA:275,0
DA:276,0
DA:283,0
DA:286,0
DA:289,0
DA:308,0
DA:309,0
DA:321,0
DA:322,0
DA:330,0
DA:343,0
DA:361,0
LF:96
LH:0
BRDA:51,0,0,0
BRDA:51,0,1,0
BRDA:51,0,2,0
BRDA:51,0,3,0
BRDA:51,0,4,0
BRDA:51,0,5,0
BRDA:51,0,6,0
BRDA:63,1,0,0
BRDA:63,1,1,0
BRDA:63,1,2,0
BRDA:63,1,3,0
BRDA:63,1,4,0
BRDA:63,1,5,0
BRDA:63,1,6,0
BRDA:91,2,0,0
BRDA:91,2,1,0
BRDA:100,3,0,0
BRDA:100,3,1,0
BRDA:112,4,0,0
BRDA:112,4,1,0
BRDA:113,5,0,0
BRDA:113,5,1,0
BRDA:143,6,0,0
BRDA:151,7,0,0
BRDA:151,7,1,0
BRDA:159,8,0,0
BRDA:159,8,1,0
BRDA:181,9,0,0
BRDA:181,9,1,0
BRDA:201,10,0,0
BRDA:201,10,1,0
BRDA:204,11,0,0
BRDA:204,11,1,0
BRDA:205,12,0,0
BRDA:205,12,1,0
BRDA:211,13,0,0
BRDA:211,13,1,0
BRDA:246,14,0,0
BRDA:246,14,1,0
BRDA:261,15,0,0
BRDA:261,15,1,0
BRDA:288,16,0,0
BRDA:288,16,1,0
BRDA:294,17,0,0
BRDA:294,17,1,0
BRDA:298,18,0,0
BRDA:298,18,1,0
BRDA:313,19,0,0
BRDA:313,19,1,0
BRDA:321,20,0,0
BRDA:321,20,1,0
BRDA:321,21,0,0
BRDA:321,21,1,0
BRDA:332,22,0,0
BRDA:332,22,1,0
BRDA:345,23,0,0
BRDA:345,23,1,0
BRF:57
BRH:0
end_of_record
TN:
SF:src\screens\CaregiverAuth.js
FN:28,(anonymous_0)
FN:45,(anonymous_1)
FN:61,(anonymous_2)
FN:62,(anonymous_3)
FN:69,(anonymous_4)
FN:77,(anonymous_5)
FN:85,(anonymous_6)
FN:99,(anonymous_7)
FN:112,(anonymous_8)
FN:139,(anonymous_9)
FN:146,(anonymous_10)
FN:177,(anonymous_11)
FN:220,(anonymous_12)
FN:233,(anonymous_13)
FN:249,(anonymous_14)
FN:265,(anonymous_15)
FN:272,(anonymous_16)
FN:286,(anonymous_17)
FN:293,(anonymous_18)
FNF:19
FNH:0
FNDA:0,(anonymous_0)
FNDA:0,(anonymous_1)
FNDA:0,(anonymous_2)
FNDA:0,(anonymous_3)
FNDA:0,(anonymous_4)
FNDA:0,(anonymous_5)
FNDA:0,(anonymous_6)
FNDA:0,(anonymous_7)
FNDA:0,(anonymous_8)
FNDA:0,(anonymous_9)
FNDA:0,(anonymous_10)
FNDA:0,(anonymous_11)
FNDA:0,(anonymous_12)
FNDA:0,(anonymous_13)
FNDA:0,(anonymous_14)
FNDA:0,(anonymous_15)
FNDA:0,(anonymous_16)
FNDA:0,(anonymous_17)
FNDA:0,(anonymous_18)
DA:28,0
DA:29,0
DA:30,0
DA:31,0
DA:32,0
DA:39,0
DA:40,0
DA:41,0
DA:42,0
DA:45,0
DA:46,0
DA:47,0
DA:48,0
DA:55,0
DA:61,0
DA:62,0
DA:68,0
DA:69,0
DA:77,0
DA:78,0
DA:80,0
DA:81,0
DA:82,0
DA:83,0
DA:86,0
DA:87,0
DA:89,0
DA:94,0
DA:95,0
DA:96,0
DA:99,0
DA:100,0
DA:101,0
DA:106,0
DA:107,0
DA:110,0
DA:112,0
DA:113,0
DA:114,0
DA:117,0
DA:118,0
DA:120,0
DA:124,0
DA:125,0
DA:127,0
DA:130,0
DA:131,0
DA:133,0
DA:136,0
DA:140,0
DA:141,0
DA:146,0
DA:147,0
DA:148,0
DA:155,0
DA:158,0
DA:160,0
DA:177,0
DA:220,0
DA:233,0
DA:249,0
DA:265,0
DA:272,0
DA:286,0
DA:293,0
DA:338,0
LF:66
LH:0
BRDA:46,0,0,0
BRDA:46,0,1,0
BRDA:68,1,0,0
BRDA:68,1,1,0
BRDA:80,2,0,0
BRDA:80,2,1,0
BRDA:82,3,0,0
BRDA:82,3,1,0
BRDA:86,4,0,0
BRDA:86,4,1,0
BRDA:106,5,0,0
BRDA:106,5,1,0
BRDA:113,6,0,0
BRDA:113,6,1,0
BRDA:141,7,0,0
BRDA:141,7,1,0
BRDA:147,8,0,0
BRDA:147,8,1,0
BRDA:210,9,0,0
BRDA:210,9,1,0
BRDA:215,10,0,0
BRDA:215,10,1,0
BRDA:228,11,0,0
BRDA:228,11,1,0
BRDA:242,12,0,0
BRDA:242,12,1,0
BRDA:260,13,0,0
BRDA:260,13,1,0
BRDA:271,14,0,0
BRDA:271,14,1,0
BRDA:280,15,0,0
BRDA:280,15,1,0
BRDA:282,16,0,0
BRDA:282,16,1,0
BRDA:292,17,0,0
BRDA:292,17,1,0
BRDA:302,18,0,0
BRDA:302,18,1,0
BRDA:311,19,0,0
BRDA:311,19,1,0
BRDA:313,20,0,0
BRDA:313,20,1,0
BRDA:318,21,0,0
BRDA:318,21,1,0
BRDA:322,22,0,0
BRDA:322,22,1,0
BRDA:325,23,0,0
BRDA:325,23,1,0
BRF:48
BRH:0
end_of_record
TN:
SF:src\screens\CaregiverDashboard.js
FN:22,QuickStat
FN:34,QuickAction
FN:50,CaregiverDashboard
FN:81,(anonymous_3)
FN:132,(anonymous_4)
FN:223,(anonymous_5)
FN:240,(anonymous_6)
FN:248,(anonymous_7)
FN:259,(anonymous_8)
FN:291,(anonymous_9)
FN:294,(anonymous_10)
FN:302,(anonymous_11)
FN:307,(anonymous_12)
FN:329,(anonymous_13)
FN:337,(anonymous_14)
FN:354,(anonymous_15)
FN:362,(anonymous_16)
FN:389,(anonymous_17)
FN:397,(anonymous_18)
FN:401,(anonymous_19)
FN:410,(anonymous_20)
FN:434,(anonymous_21)
FN:436,(anonymous_22)
FN:444,(anonymous_23)
FN:462,(anonymous_24)
FN:470,(anonymous_25)
FN:477,(anonymous_26)
FN:523,(anonymous_27)
FN:529,(anonymous_28)
FN:535,(anonymous_29)
FN:541,(anonymous_30)
FN:550,(anonymous_31)
FN:551,(anonymous_32)
FN:567,(anonymous_33)
FN:595,(anonymous_34)
FN:670,(anonymous_35)
FN:680,(anonymous_36)
FN:723,(anonymous_37)
FN:726,(anonymous_38)
FN:763,(anonymous_39)
FN:774,(anonymous_40)
FN:779,(anonymous_41)
FN:779,(anonymous_42)
FN:784,(anonymous_43)
FN:788,(anonymous_44)
FN:811,(anonymous_45)
FN:841,(anonymous_46)
FN:871,(anonymous_47)
FN:876,(anonymous_48)
FN:890,(anonymous_49)
FN:899,(anonymous_50)
FN:901,(anonymous_51)
FN:930,(anonymous_52)
FN:935,(anonymous_53)
FN:939,(anonymous_54)
FN:964,(anonymous_55)
FN:988,(anonymous_56)
FN:993,(anonymous_57)
FN:1009,(anonymous_58)
FN:1040,(anonymous_59)
FN:1050,(anonymous_60)
FN:1054,(anonymous_61)
FN:1082,(anonymous_62)
FN:1121,(anonymous_63)
FN:1128,(anonymous_64)
FN:1135,(anonymous_65)
FN:1142,(anonymous_66)
FN:1154,(anonymous_67)
FN:1161,(anonymous_68)
FN:1161,(anonymous_69)
FN:1185,(anonymous_70)
FN:1199,(anonymous_71)
FN:1203,(anonymous_72)
FN:1220,(anonymous_73)
FN:1224,(anonymous_74)
FN:1225,(anonymous_75)
FN:1258,(anonymous_76)
FN:1265,(anonymous_77)
FN:1265,(anonymous_78)
FN:1288,(anonymous_79)
FN:1338,(anonymous_80)
FN:1342,(anonymous_81)
FN:1343,(anonymous_82)
FN:1371,(anonymous_83)
FN:1384,(anonymous_84)
FN:1396,(anonymous_85)
FN:1413,(anonymous_86)
FN:1417,(anonymous_87)
FN:1437,(anonymous_88)
FN:1443,(anonymous_89)
FN:1449,StatCard
FN:1461,JobCard
FN:1500,(anonymous_92)
FN:1520,(anonymous_93)
FN:1536,(anonymous_94)
FN:1549,ApplicationCard
FN:1550,(anonymous_96)
FN:1562,(anonymous_97)
FN:1615,(anonymous_98)
FN:1624,(anonymous_99)
FN:1635,BookingCard
FN:1636,(anonymous_101)
FN:1648,(anonymous_102)
FN:1692,(anonymous_103)
FN:1695,(anonymous_104)
FN:1730,ProfileSection
FN:1776,(anonymous_106)
FN:1789,(anonymous_107)
FNF:108
FNH:0
FNDA:0,QuickStat
FNDA:0,QuickAction
FNDA:0,CaregiverDashboard
FNDA:0,(anonymous_3)
FNDA:0,(anonymous_4)
FNDA:0,(anonymous_5)
FNDA:0,(anonymous_6)
FNDA:0,(anonymous_7)
FNDA:0,(anonymous_8)
FNDA:0,(anonymous_9)
FNDA:0,(anonymous_10)
FNDA:0,(anonymous_11)
FNDA:0,(anonymous_12)
FNDA:0,(anonymous_13)
FNDA:0,(anonymous_14)
FNDA:0,(anonymous_15)
FNDA:0,(anonymous_16)
FNDA:0,(anonymous_17)
FNDA:0,(anonymous_18)
FNDA:0,(anonymous_19)
FNDA:0,(anonymous_20)
FNDA:0,(anonymous_21)
FNDA:0,(anonymous_22)
FNDA:0,(anonymous_23)
FNDA:0,(anonymous_24)
FNDA:0,(anonymous_25)
FNDA:0,(anonymous_26)
FNDA:0,(anonymous_27)
FNDA:0,(anonymous_28)
FNDA:0,(anonymous_29)
FNDA:0,(anonymous_30)
FNDA:0,(anonymous_31)
FNDA:0,(anonymous_32)
FNDA:0,(anonymous_33)
FNDA:0,(anonymous_34)
FNDA:0,(anonymous_35)
FNDA:0,(anonymous_36)
FNDA:0,(anonymous_37)
FNDA:0,(anonymous_38)
FNDA:0,(anonymous_39)
FNDA:0,(anonymous_40)
FNDA:0,(anonymous_41)
FNDA:0,(anonymous_42)
FNDA:0,(anonymous_43)
FNDA:0,(anonymous_44)
FNDA:0,(anonymous_45)
FNDA:0,(anonymous_46)
FNDA:0,(anonymous_47)
FNDA:0,(anonymous_48)
FNDA:0,(anonymous_49)
FNDA:0,(anonymous_50)
FNDA:0,(anonymous_51)
FNDA:0,(anonymous_52)
FNDA:0,(anonymous_53)
FNDA:0,(anonymous_54)
FNDA:0,(anonymous_55)
FNDA:0,(anonymous_56)
FNDA:0,(anonymous_57)
FNDA:0,(anonymous_58)
FNDA:0,(anonymous_59)
FNDA:0,(anonymous_60)
FNDA:0,(anonymous_61)
FNDA:0,(anonymous_62)
FNDA:0,(anonymous_63)
FNDA:0,(anonymous_64)
FNDA:0,(anonymous_65)
FNDA:0,(anonymous_66)
FNDA:0,(anonymous_67)
FNDA:0,(anonymous_68)
FNDA:0,(anonymous_69)
FNDA:0,(anonymous_70)
FNDA:0,(anonymous_71)
FNDA:0,(anonymous_72)
FNDA:0,(anonymous_73)
FNDA:0,(anonymous_74)
FNDA:0,(anonymous_75)
FNDA:0,(anonymous_76)
FNDA:0,(anonymous_77)
FNDA:0,(anonymous_78)
FNDA:0,(anonymous_79)
FNDA:0,(anonymous_80)
FNDA:0,(anonymous_81)
FNDA:0,(anonymous_82)
FNDA:0,(anonymous_83)
FNDA:0,(anonymous_84)
FNDA:0,(anonymous_85)
FNDA:0,(anonymous_86)
FNDA:0,(anonymous_87)
FNDA:0,(anonymous_88)
FNDA:0,(anonymous_89)
FNDA:0,StatCard
FNDA:0,JobCard
FNDA:0,(anonymous_92)
FNDA:0,(anonymous_93)
FNDA:0,(anonymous_94)
FNDA:0,ApplicationCard
FNDA:0,(anonymous_96)
FNDA:0,(anonymous_97)
FNDA:0,(anonymous_98)
FNDA:0,(anonymous_99)
FNDA:0,BookingCard
FNDA:0,(anonymous_101)
FNDA:0,(anonymous_102)
FNDA:0,(anonymous_103)
FNDA:0,(anonymous_104)
FNDA:0,ProfileSection
FNDA:0,(anonymous_106)
FNDA:0,(anonymous_107)
DA:23,0
DA:35,0
DA:36,0
DA:48,0
DA:51,0
DA:52,0
DA:53,0
DA:54,0
DA:56,0
DA:57,0
DA:59,0
DA:60,0
DA:61,0
DA:63,0
DA:64,0
DA:65,0
DA:66,0
DA:67,0
DA:68,0
DA:69,0
DA:70,0
DA:71,0
DA:72,0
DA:73,0
DA:74,0
DA:75,0
DA:76,0
DA:77,0
DA:78,0
DA:80,0
DA:81,0
DA:84,0
DA:85,0
DA:86,0
DA:89,0
DA:132,0
DA:133,0
DA:134,0
DA:135,0
DA:136,0
DA:138,0
DA:140,0
DA:143,0
DA:146,0
DA:178,0
DA:200,0
DA:201,0
DA:223,0
DA:224,0
DA:225,0
DA:226,0
DA:229,0
DA:233,0
DA:236,0
DA:237,0
DA:240,0
DA:241,0
DA:242,0
DA:247,0
DA:248,0
DA:260,0
DA:261,0
DA:264,0
DA:267,0
DA:268,0
DA:269,0
DA:270,0
DA:274,0
DA:278,0
DA:279,0
DA:282,0
DA:285,0
DA:290,0
DA:292,0
DA:294,0
DA:295,0
DA:297,0
DA:300,0
DA:303,0
DA:304,0
DA:305,0
DA:306,0
DA:307,0
DA:323,0
DA:330,0
DA:331,0
DA:333,0
DA:334,0
DA:335,0
DA:336,0
DA:337,0
DA:348,0
DA:355,0
DA:356,0
DA:358,0
DA:359,0
DA:360,0
DA:361,0
DA:362,0
DA:373,0
DA:378,0
DA:383,0
DA:386,0
DA:389,0
DA:390,0
DA:391,0
DA:397,0
DA:398,0
DA:401,0
DA:402,0
DA:404,0
DA:407,0
DA:408,0
DA:409,0
DA:410,0
DA:426,0
DA:430,0
DA:434,0
DA:436,0
DA:437,0
DA:438,0
DA:440,0
DA:441,0
DA:442,0
DA:443,0
DA:444,0
DA:453,0
DA:456,0
DA:462,0
DA:463,0
DA:464,0
DA:466,0
DA:467,0
DA:468,0
DA:469,0
DA:470,0
DA:478,0
DA:480,0
DA:481,0
DA:484,0
DA:487,0
DA:488,0
DA:489,0
DA:491,0
DA:492,0
DA:495,0
DA:496,0
DA:497,0
DA:501,0
DA:502,0
DA:504,0
DA:505,0
DA:509,0
DA:512,0
DA:518,0
DA:519,0
DA:523,0
DA:524,0
DA:525,0
DA:529,0
DA:530,0
DA:531,0
DA:535,0
DA:536,0
DA:537,0
DA:541,0
DA:542,0
DA:544,0
DA:545,0
DA:550,0
DA:551,0
DA:553,0
DA:562,0
DA:563,0
DA:567,0
DA:568,0
DA:569,0
DA:570,0
DA:573,0
DA:595,0
DA:596,0
DA:597,0
DA:599,0
DA:600,0
DA:601,0
DA:602,0
DA:605,0
DA:612,0
DA:613,0
DA:614,0
DA:615,0
DA:616,0
DA:618,0
DA:619,0
DA:621,0
DA:627,0
DA:628,0
DA:629,0
DA:632,0
DA:633,0
DA:634,0
DA:637,0
DA:638,0
DA:639,0
DA:642,0
DA:643,0
DA:645,0
DA:646,0
DA:647,0
DA:648,0
DA:650,0
DA:653,0
DA:658,0
DA:659,0
DA:660,0
DA:661,0
DA:663,0
DA:666,0
DA:670,0
DA:671,0
DA:673,0
DA:674,0
DA:676,0
DA:680,0
DA:681,0
DA:682,0
DA:683,0
DA:684,0
DA:685,0
DA:692,0
DA:694,0
DA:695,0
DA:696,0
DA:697,0
DA:699,0
DA:700,0
DA:702,0
DA:704,0
DA:709,0
DA:713,0
DA:715,0
DA:716,0
DA:718,0
DA:719,0
DA:723,0
DA:724,0
DA:726,0
DA:763,0
DA:774,0
DA:775,0
DA:779,0
DA:784,0
DA:785,0
DA:788,0
DA:789,0
DA:790,0
DA:792,0
DA:811,0
DA:841,0
DA:871,0
DA:876,0
DA:890,0
DA:891,0
DA:900,0
DA:901,0
DA:902,0
DA:903,0
DA:923,0
DA:930,0
DA:936,0
DA:937,0
DA:939,0
DA:964,0
DA:988,0
DA:993,0
DA:1010,0
DA:1011,0
DA:1041,0
DA:1050,0
DA:1055,0
DA:1056,0
DA:1082,0
DA:1121,0
DA:1128,0
DA:1135,0
DA:1142,0
DA:1155,0
DA:1161,0
DA:1185,0
DA:1199,0
DA:1204,0
DA:1221,0
DA:1224,0
DA:1226,0
DA:1227,0
DA:1259,0
DA:1265,0
DA:1289,0
DA:1339,0
DA:1342,0
DA:1344,0
DA:1345,0
DA:1371,0
DA:1384,0
DA:1397,0
DA:1398,0
DA:1413,0
DA:1417,0
DA:1437,0
DA:1443,0
DA:1450,0
DA:1463,0
DA:1465,0
DA:1466,0
DA:1501,0
DA:1520,0
DA:1536,0
DA:1550,0
DA:1551,0
DA:1553,0
DA:1555,0
DA:1558,0
DA:1562,0
DA:1563,0
DA:1565,0
DA:1567,0
DA:1570,0
DA:1574,0
DA:1615,0
DA:1624,0
DA:1636,0
DA:1637,0
DA:1639,0
DA:1641,0
DA:1644,0
DA:1648,0
DA:1649,0
DA:1651,0
DA:1653,0
DA:1656,0
DA:1660,0
DA:1693,0
DA:1694,0
DA:1695,0
DA:1696,0
DA:1697,0
DA:1731,0
DA:1744,0
DA:1777,0
DA:1790,0
LF:350
LH:0
BRDA:22,0,0,0
BRDA:22,1,0,0
BRDA:28,2,0,0
BRDA:28,2,1,0
BRDA:34,3,0,0
BRDA:34,4,0,0
BRDA:35,5,0,0
BRDA:35,5,1,0
BRDA:59,6,0,0
BRDA:59,6,1,0
BRDA:59,7,0,0
BRDA:59,7,1,0
BRDA:63,8,0,0
BRDA:63,8,1,0
BRDA:81,9,0,0
BRDA:134,10,0,0
BRDA:134,10,1,0
BRDA:135,11,0,0
BRDA:135,11,1,0
BRDA:136,12,0,0
BRDA:136,12,1,0
BRDA:229,13,0,0
BRDA:229,13,1,0
BRDA:236,14,0,0
BRDA:236,14,1,0
BRDA:236,14,2,0
BRDA:236,14,3,0
BRDA:236,14,4,0
BRDA:241,15,0,0
BRDA:241,15,1,0
BRDA:242,16,0,0
BRDA:242,16,1,0
BRDA:247,17,0,0
BRDA:247,17,1,0
BRDA:247,18,0,0
BRDA:247,18,1,0
BRDA:247,18,2,0
BRDA:247,18,3,0
BRDA:250,19,0,0
BRDA:250,19,1,0
BRDA:250,19,2,0
BRDA:251,20,0,0
BRDA:251,20,1,0
BRDA:251,20,2,0
BRDA:252,21,0,0
BRDA:252,21,1,0
BRDA:253,22,0,0
BRDA:253,22,1,0
BRDA:254,23,0,0
BRDA:254,23,1,0
BRDA:255,24,0,0
BRDA:255,24,1,0
BRDA:255,24,2,0
BRDA:256,25,0,0
BRDA:256,25,1,0
BRDA:257,26,0,0
BRDA:257,26,1,0
BRDA:258,27,0,0
BRDA:258,27,1,0
BRDA:258,27,2,0
BRDA:260,28,0,0
BRDA:260,28,1,0
BRDA:260,28,2,0
BRDA:260,28,3,0
BRDA:260,28,4,0
BRDA:260,28,5,0
BRDA:260,28,6,0
BRDA:264,29,0,0
BRDA:264,29,1,0
BRDA:268,30,0,0
BRDA:268,30,1,0
BRDA:274,31,0,0
BRDA:274,31,1,0
BRDA:305,32,0,0
BRDA:305,32,1,0
BRDA:306,33,0,0
BRDA:306,33,1,0
BRDA:306,34,0,0
BRDA:306,34,1,0
BRDA:308,35,0,0
BRDA:308,35,1,0
BRDA:309,36,0,0
BRDA:309,36,1,0
BRDA:310,37,0,0
BRDA:310,37,1,0
BRDA:311,38,0,0
BRDA:311,38,1,0
BRDA:312,39,0,0
BRDA:312,39,1,0
BRDA:313,40,0,0
BRDA:313,40,1,0
BRDA:314,41,0,0
BRDA:314,41,1,0
BRDA:315,42,0,0
BRDA:315,42,1,0
BRDA:316,43,0,0
BRDA:316,43,1,0
BRDA:317,44,0,0
BRDA:317,44,1,0
BRDA:318,45,0,0
BRDA:318,45,1,0
BRDA:318,46,0,0
BRDA:318,46,1,0
BRDA:319,47,0,0
BRDA:319,47,1,0
BRDA:331,48,0,0
BRDA:331,48,1,0
BRDA:335,49,0,0
BRDA:335,49,1,0
BRDA:335,50,0,0
BRDA:335,50,1,0
BRDA:336,51,0,0
BRDA:336,51,1,0
BRDA:336,52,0,0
BRDA:336,52,1,0
BRDA:338,53,0,0
BRDA:338,53,1,0
BRDA:338,53,2,0
BRDA:339,54,0,0
BRDA:339,54,1,0
BRDA:339,54,2,0
BRDA:340,55,0,0
BRDA:340,55,1,0
BRDA:340,55,2,0
BRDA:341,56,0,0
BRDA:341,56,1,0
BRDA:341,56,2,0
BRDA:342,57,0,0
BRDA:342,57,1,0
BRDA:343,58,0,0
BRDA:343,58,1,0
BRDA:343,58,2,0
BRDA:344,59,0,0
BRDA:344,59,1,0
BRDA:344,59,2,0
BRDA:356,60,0,0
BRDA:356,60,1,0
BRDA:360,61,0,0
BRDA:360,61,1,0
BRDA:360,62,0,0
BRDA:360,62,1,0
BRDA:361,63,0,0
BRDA:361,63,1,0
BRDA:361,64,0,0
BRDA:361,64,1,0
BRDA:363,65,0,0
BRDA:363,65,1,0
BRDA:363,65,2,0
BRDA:364,66,0,0
BRDA:364,66,1,0
BRDA:364,66,2,0
BRDA:365,67,0,0
BRDA:365,67,1,0
BRDA:365,67,2,0
BRDA:366,68,0,0
BRDA:366,68,1,0
BRDA:366,69,0,0
BRDA:366,69,1,0
BRDA:366,70,0,0
BRDA:366,70,1,0
BRDA:367,71,0,0
BRDA:367,71,1,0
BRDA:368,72,0,0
BRDA:368,72,1,0
BRDA:368,73,0,0
BRDA:368,73,1,0
BRDA:369,74,0,0
BRDA:369,74,1,0
BRDA:369,74,2,0
BRDA:408,75,0,0
BRDA:408,75,1,0
BRDA:409,76,0,0
BRDA:409,76,1,0
BRDA:411,77,0,0
BRDA:411,77,1,0
BRDA:412,78,0,0
BRDA:412,78,1,0
BRDA:412,78,2,0
BRDA:413,79,0,0
BRDA:413,79,1,0
BRDA:413,79,2,0
BRDA:414,80,0,0
BRDA:414,80,1,0
BRDA:415,81,0,0
BRDA:415,81,1,0
BRDA:416,82,0,0
BRDA:416,82,1,0
BRDA:416,82,2,0
BRDA:417,83,0,0
BRDA:417,83,1,0
BRDA:417,83,2,0
BRDA:418,84,0,0
BRDA:418,84,1,0
BRDA:419,85,0,0
BRDA:419,85,1,0
BRDA:419,85,2,0
BRDA:420,86,0,0
BRDA:420,86,1,0
BRDA:421,87,0,0
BRDA:421,87,1,0
BRDA:421,88,0,0
BRDA:421,88,1,0
BRDA:422,89,0,0
BRDA:422,89,1,0
BRDA:438,90,0,0
BRDA:438,90,1,0
BRDA:442,91,0,0
BRDA:442,91,1,0
BRDA:442,92,0,0
BRDA:442,92,1,0
BRDA:443,93,0,0
BRDA:443,93,1,0
BRDA:445,94,0,0
BRDA:445,94,1,0
BRDA:445,94,2,0
BRDA:446,95,0,0
BRDA:446,95,1,0
BRDA:446,95,2,0
BRDA:447,96,0,0
BRDA:447,96,1,0
BRDA:447,96,2,0
BRDA:448,97,0,0
BRDA:448,97,1,0
BRDA:448,97,2,0
BRDA:449,98,0,0
BRDA:449,98,1,0
BRDA:450,99,0,0
BRDA:450,99,1,0
BRDA:450,99,2,0
BRDA:451,100,0,0
BRDA:451,100,1,0
BRDA:451,100,2,0
BRDA:464,101,0,0
BRDA:464,101,1,0
BRDA:468,102,0,0
BRDA:468,102,1,0
BRDA:468,103,0,0
BRDA:468,103,1,0
BRDA:469,104,0,0
BRDA:469,104,1,0
BRDA:471,105,0,0
BRDA:471,105,1,0
BRDA:471,105,2,0
BRDA:472,106,0,0
BRDA:472,106,1,0
BRDA:472,106,2,0
BRDA:473,107,0,0
BRDA:473,107,1,0
BRDA:473,107,2,0
BRDA:474,108,0,0
BRDA:474,108,1,0
BRDA:474,109,0,0
BRDA:474,109,1,0
BRDA:474,110,0,0
BRDA:474,110,1,0
BRDA:475,111,0,0
BRDA:475,111,1,0
BRDA:476,112,0,0
BRDA:476,112,1,0
BRDA:476,113,0,0
BRDA:476,113,1,0
BRDA:480,114,0,0
BRDA:480,114,1,0
BRDA:481,115,0,0
BRDA:481,115,1,0
BRDA:484,116,0,0
BRDA:484,116,1,0
BRDA:484,116,2,0
BRDA:487,117,0,0
BRDA:487,117,1,0
BRDA:488,118,0,0
BRDA:488,118,1,0
BRDA:488,119,0,0
BRDA:488,119,1,0
BRDA:491,120,0,0
BRDA:491,120,1,0
BRDA:492,121,0,0
BRDA:492,121,1,0
BRDA:495,122,0,0
BRDA:495,122,1,0
BRDA:560,123,0,0
BRDA:560,123,1,0
BRDA:597,124,0,0
BRDA:597,124,1,0
BRDA:600,125,0,0
BRDA:600,125,1,0
BRDA:612,126,0,0
BRDA:612,126,1,0
BRDA:614,127,0,0
BRDA:614,127,1,0
BRDA:619,128,0,0
BRDA:619,128,1,0
BRDA:619,129,0,0
BRDA:619,129,1,0
BRDA:627,130,0,0
BRDA:627,130,1,0
BRDA:627,130,2,0
BRDA:628,131,0,0
BRDA:628,131,1,0
BRDA:633,132,0,0
BRDA:633,132,1,0
BRDA:638,133,0,0
BRDA:638,133,1,0
BRDA:639,134,0,0
BRDA:639,134,1,0
BRDA:643,135,0,0
BRDA:643,135,1,0
BRDA:643,136,0,0
BRDA:643,136,1,0
BRDA:647,137,0,0
BRDA:647,137,1,0
BRDA:648,138,0,0
BRDA:648,138,1,0
BRDA:650,139,0,0
BRDA:650,139,1,0
BRDA:653,140,0,0
BRDA:653,140,1,0
BRDA:660,141,0,0
BRDA:660,141,1,0
BRDA:660,141,2,0
BRDA:660,141,3,0
BRDA:660,141,4,0
BRDA:660,141,5,0
BRDA:660,141,6,0
BRDA:660,141,7,0
BRDA:661,142,0,0
BRDA:661,142,1,0
BRDA:663,143,0,0
BRDA:663,143,1,0
BRDA:673,144,0,0
BRDA:673,144,1,0
BRDA:674,145,0,0
BRDA:674,145,1,0
BRDA:683,146,0,0
BRDA:683,146,1,0
BRDA:687,147,0,0
BRDA:687,147,1,0
BRDA:688,148,0,0
BRDA:688,148,1,0
BRDA:694,149,0,0
BRDA:694,149,1,0
BRDA:700,150,0,0
BRDA:700,150,1,0
BRDA:718,151,0,0
BRDA:718,151,1,0
BRDA:719,152,0,0
BRDA:719,152,1,0
BRDA:788,153,0,0
BRDA:788,153,1,0
BRDA:789,154,0,0
BRDA:789,154,1,0
BRDA:814,155,0,0
BRDA:814,155,1,0
BRDA:833,156,0,0
BRDA:833,156,1,0
BRDA:844,157,0,0
BRDA:844,157,1,0
BRDA:863,158,0,0
BRDA:863,158,1,0
BRDA:879,159,0,0
BRDA:879,159,1,0
BRDA:902,160,0,0
BRDA:902,160,1,0
BRDA:909,161,0,0
BRDA:909,161,1,0
BRDA:913,162,0,0
BRDA:913,162,1,0
BRDA:931,163,0,0
BRDA:931,163,1,0
BRDA:947,164,0,0
BRDA:947,164,1,0
BRDA:954,165,0,0
BRDA:954,165,1,0
BRDA:961,166,0,0
BRDA:961,166,1,0
BRDA:961,166,2,0
BRDA:989,167,0,0
BRDA:989,167,1,0
BRDA:1006,168,0,0
BRDA:1006,168,1,0
BRDA:1006,168,2,0
BRDA:1037,169,0,0
BRDA:1037,169,1,0
BRDA:1037,169,2,0
BRDA:1092,170,0,0
BRDA:1092,170,1,0
BRDA:1104,171,0,0
BRDA:1104,171,1,0
BRDA:1154,172,0,0
BRDA:1154,172,1,0
BRDA:1235,173,0,0
BRDA:1235,173,1,0
BRDA:1256,174,0,0
BRDA:1256,174,1,0
BRDA:1256,175,0,0
BRDA:1256,175,1,0
BRDA:1257,176,0,0
BRDA:1257,176,1,0
BRDA:1266,177,0,0
BRDA:1266,177,1,0
BRDA:1266,178,0,0
BRDA:1266,178,1,0
BRDA:1284,179,0,0
BRDA:1284,179,1,0
BRDA:1287,180,0,0
BRDA:1287,180,1,0
BRDA:1309,181,0,0
BRDA:1309,181,1,0
BRDA:1313,182,0,0
BRDA:1313,182,1,0
BRDA:1337,183,0,0
BRDA:1337,183,1,0
BRDA:1368,184,0,0
BRDA:1368,184,1,0
BRDA:1368,184,2,0
BRDA:1393,185,0,0
BRDA:1393,185,1,0
BRDA:1393,185,2,0
BRDA:1461,186,0,0
BRDA:1461,187,0,0
BRDA:1463,188,0,0
BRDA:1463,188,1,0
BRDA:1465,189,0,0
BRDA:1465,189,1,0
BRDA:1471,190,0,0
BRDA:1471,190,1,0
BRDA:1475,191,0,0
BRDA:1475,191,1,0
BRDA:1481,192,0,0
BRDA:1481,192,1,0
BRDA:1505,193,0,0
BRDA:1505,193,1,0
BRDA:1512,194,0,0
BRDA:1512,194,1,0
BRDA:1520,195,0,0
BRDA:1520,195,1,0
BRDA:1524,196,0,0
BRDA:1524,196,1,0
BRDA:1536,197,0,0
BRDA:1536,197,1,0
BRDA:1551,198,0,0
BRDA:1551,198,1,0
BRDA:1551,198,2,0
BRDA:1551,198,3,0
BRDA:1563,199,0,0
BRDA:1563,199,1,0
BRDA:1563,199,2,0
BRDA:1563,199,3,0
BRDA:1615,200,0,0
BRDA:1615,200,1,0
BRDA:1619,201,0,0
BRDA:1619,201,1,0
BRDA:1624,202,0,0
BRDA:1624,202,1,0
BRDA:1637,203,0,0
BRDA:1637,203,1,0
BRDA:1637,203,2,0
BRDA:1637,203,3,0
BRDA:1649,204,0,0
BRDA:1649,204,1,0
BRDA:1649,204,2,0
BRDA:1649,204,3,0
BRDA:1688,205,0,0
BRDA:1688,205,1,0
BRDA:1693,206,0,0
BRDA:1693,206,1,0
BRF:466
BRH:0
end_of_record
TN:
SF:src\screens\CaregiversList.js
FN:13,(anonymous_0)
FN:21,(anonymous_1)
FN:23,(anonymous_2)
FN:57,(anonymous_3)
FN:63,(anonymous_4)
FN:65,(anonymous_5)
FN:75,(anonymous_6)
FN:86,(anonymous_7)
FN:102,(anonymous_8)
FN:127,(anonymous_9)
FNF:10
FNH:0
FNDA:0,(anonymous_0)
FNDA:0,(anonymous_1)
FNDA:0,(anonymous_2)
FNDA:0,(anonymous_3)
FNDA:0,(anonymous_4)
FNDA:0,(anonymous_5)
FNDA:0,(anonymous_6)
FNDA:0,(anonymous_7)
FNDA:0,(anonymous_8)
FNDA:0,(anonymous_9)
DA:13,0
DA:14,0
DA:15,0
DA:16,0
DA:17,0
DA:18,0
DA:21,0
DA:23,0
DA:24,0
DA:50,0
DA:51,0
DA:52,0
DA:57,0
DA:58,0
DA:59,0
DA:60,0
DA:63,0
DA:64,0
DA:66,0
DA:71,0
DA:75,0
DA:76,0
DA:86,0
DA:95,0
DA:103,0
DA:104,0
DA:127,0
DA:136,0
LF:28
LH:0
BRDA:58,0,0,0
BRDA:58,0,1,0
BRDA:64,1,0,0
BRDA:64,1,1,0
BRDA:64,1,2,0
BRDA:80,2,0,0
BRDA:80,2,1,0
BRDA:80,2,2,0
BRDA:109,3,0,0
BRDA:109,3,1,0
BRDA:117,4,0,0
BRDA:117,4,1,0
BRDA:117,5,0,0
BRDA:117,5,1,0
BRDA:120,6,0,0
BRDA:120,6,1,0
BRF:16
BRH:0
end_of_record
TN:
SF:src\screens\ChatScreen.js
FN:19,ChatScreen
FN:32,(anonymous_1)
FN:33,(anonymous_2)
FN:49,(anonymous_3)
FN:52,(anonymous_4)
FN:53,(anonymous_5)
FN:68,(anonymous_6)
FN:73,(anonymous_7)
FN:76,(anonymous_8)
FN:77,(anonymous_9)
FN:86,(anonymous_10)
FN:102,(anonymous_11)
FN:109,(anonymous_12)
FN:116,(anonymous_13)
FN:149,(anonymous_14)
FN:173,(anonymous_15)
FN:183,(anonymous_16)
FN:194,(anonymous_17)
FN:216,(anonymous_18)
FN:248,(anonymous_19)
FN:254,(anonymous_20)
FNF:21
FNH:0
FNDA:0,ChatScreen
FNDA:0,(anonymous_1)
FNDA:0,(anonymous_2)
FNDA:0,(anonymous_3)
FNDA:0,(anonymous_4)
FNDA:0,(anonymous_5)
FNDA:0,(anonymous_6)
FNDA:0,(anonymous_7)
FNDA:0,(anonymous_8)
FNDA:0,(anonymous_9)
FNDA:0,(anonymous_10)
FNDA:0,(anonymous_11)
FNDA:0,(anonymous_12)
FNDA:0,(anonymous_13)
FNDA:0,(anonymous_14)
FNDA:0,(anonymous_15)
FNDA:0,(anonymous_16)
FNDA:0,(anonymous_17)
FNDA:0,(anonymous_18)
FNDA:0,(anonymous_19)
FNDA:0,(anonymous_20)
DA:20,0
DA:21,0
DA:22,0
DA:23,0
DA:24,0
DA:25,0
DA:26,0
DA:27,0
DA:28,0
DA:29,0
DA:32,0
DA:33,0
DA:34,0
DA:35,0
DA:37,0
DA:38,0
DA:39,0
DA:42,0
DA:45,0
DA:49,0
DA:50,0
DA:52,0
DA:53,0
DA:68,0
DA:69,0
DA:73,0
DA:74,0
DA:75,0
DA:76,0
DA:77,0
DA:78,0
DA:79,0
DA:80,0
DA:86,0
DA:87,0
DA:88,0
DA:89,0
DA:90,0
DA:92,0
DA:93,0
DA:94,0
DA:96,0
DA:97,0
DA:102,0
DA:104,0
DA:105,0
DA:109,0
DA:116,0
DA:117,0
DA:150,0
DA:173,0
DA:174,0
DA:183,0
DA:184,0
DA:194,0
DA:195,0
DA:202,0
DA:203,0
DA:210,0
DA:216,0
DA:248,0
DA:255,0
DA:264,0
LF:63
LH:0
BRDA:23,0,0,0
BRDA:23,0,1,0
BRDA:35,1,0,0
BRDA:35,1,1,0
BRDA:38,2,0,0
BRDA:38,2,1,0
BRDA:50,3,0,0
BRDA:50,3,1,0
BRDA:52,4,0,0
BRDA:52,4,1,0
BRDA:52,5,0,0
BRDA:52,5,1,0
BRDA:54,6,0,0
BRDA:54,6,1,0
BRDA:55,7,0,0
BRDA:55,7,1,0
BRDA:55,7,2,0
BRDA:56,8,0,0
BRDA:56,8,1,0
BRDA:56,9,0,0
BRDA:56,9,1,0
BRDA:58,10,0,0
BRDA:58,10,1,0
BRDA:59,11,0,0
BRDA:59,11,1,0
BRDA:59,11,2,0
BRDA:60,12,0,0
BRDA:60,12,1,0
BRDA:60,12,2,0
BRDA:64,13,0,0
BRDA:64,13,1,0
BRDA:74,14,0,0
BRDA:74,14,1,0
BRDA:75,15,0,0
BRDA:75,15,1,0
BRDA:76,16,0,0
BRDA:76,16,1,0
BRDA:78,17,0,0
BRDA:78,17,1,0
BRDA:86,18,0,0
BRDA:87,19,0,0
BRDA:87,19,1,0
BRDA:88,20,0,0
BRDA:88,20,1,0
BRDA:88,21,0,0
BRDA:88,21,1,0
BRDA:94,22,0,0
BRDA:94,22,1,0
BRDA:104,23,0,0
BRDA:104,23,1,0
BRDA:153,24,0,0
BRDA:153,24,1,0
BRDA:156,25,0,0
BRDA:156,25,1,0
BRDA:158,26,0,0
BRDA:158,26,1,0
BRDA:160,27,0,0
BRDA:160,27,1,0
BRDA:202,28,0,0
BRDA:202,28,1,0
BRDA:222,29,0,0
BRDA:222,29,1,0
BRDA:224,30,0,0
BRDA:224,30,1,0
BRDA:237,31,0,0
BRDA:237,31,1,0
BRDA:239,32,0,0
BRDA:239,32,1,0
BRF:68
BRH:0
end_of_record
TN:
SF:src\screens\Children.js
FN:9,(anonymous_0)
FN:14,(anonymous_1)
FN:16,(anonymous_2)
FN:21,(anonymous_3)
FN:61,(anonymous_4)
FNF:5
FNH:0
FNDA:0,(anonymous_0)
FNDA:0,(anonymous_1)
FNDA:0,(anonymous_2)
FNDA:0,(anonymous_3)
FNDA:0,(anonymous_4)
DA:4,0
DA:9,0
DA:10,0
DA:11,0
DA:12,0
DA:14,0
DA:15,0
DA:16,0
DA:17,0
DA:18,0
DA:21,0
DA:22,0
DA:33,0
DA:61,0
DA:70,0
LF:15
LH:0
BRDA:15,0,0,0
BRDA:15,0,1,0
BRDA:15,1,0,0
BRDA:15,1,1,0
BRF:4
BRH:0
end_of_record
TN:
SF:src\screens\ChildrenManagementScreen.js
FN:22,(anonymous_0)
FN:48,(anonymous_1)
FN:52,(anonymous_2)
FN:62,(anonymous_3)
FN:86,(anonymous_4)
FN:100,(anonymous_5)
FN:101,(anonymous_6)
FN:108,(anonymous_7)
FN:120,(anonymous_8)
FN:129,(anonymous_9)
FN:130,(anonymous_10)
FN:138,(anonymous_11)
FN:169,(anonymous_12)
FN:176,(anonymous_13)
FN:182,(anonymous_14)
FN:209,(anonymous_15)
FN:237,(anonymous_16)
FN:258,(anonymous_17)
FN:258,(anonymous_18)
FN:267,(anonymous_19)
[...]
FNF:9
FNH:0
FNDA:0,(anonymous_0)
FNDA:0,(anonymous_1)
FNDA:0,(anonymous_2)
FNDA:0,(anonymous_3)
FNDA:0,(anonymous_4)
FNDA:0,(anonymous_5)
FNDA:0,(anonymous_6)
FNDA:0,(anonymous_7)
FNDA:0,(anonymous_8)
DA:5,0
DA:6,0
DA:7,0
DA:10,0
DA:11,0
DA:12,0
DA:13,0
DA:15,0
DA:19,0
DA:22,0
DA:32,0
DA:33,0
DA:35,0
DA:36,0
DA:43,0
DA:44,0
DA:45,0
DA:46,0
DA:59,0
DA:60,0
DA:61,0
DA:67,0
DA:79,0
DA:80,0
DA:82,0
DA:83,0
DA:84,0
DA:87,0
DA:88,0
DA:91,0
DA:92,0
DA:95,0
DA:96,0
DA:97,0
DA:100,0
DA:101,0
DA:104,0
DA:105,0
DA:109,0
DA:113,0
DA:120,0
DA:121,0
LF:42
LH:0
BRDA:7,0,0,0
BRDA:7,0,1,0
BRDA:10,1,0,0
BRDA:10,1,1,0
BRDA:12,2,0,0
BRDA:12,2,1,0
BRDA:12,3,0,0
BRDA:12,3,1,0
BRDA:12,3,2,0
BRDA:12,3,3,0
BRDA:19,4,0,0
BRDA:19,4,1,0
BRDA:19,4,2,0
BRDA:22,5,0,0
BRDA:22,5,1,0
BRDA:22,5,2,0
BRDA:22,5,3,0
BRDA:22,5,4,0
BRDA:22,5,5,0
BRDA:22,5,6,0
BRDA:22,5,7,0
BRDA:22,5,8,0
BRDA:33,6,0,0
BRDA:33,6,1,0
BRDA:44,7,0,0
BRDA:44,7,1,0
BRDA:45,8,0,0
BRDA:45,8,1,0
BRDA:47,9,0,0
BRDA:47,9,1,0
BRDA:47,9,2,0
BRDA:47,9,3,0
BRDA:47,9,4,0
BRDA:47,9,5,0
BRDA:60,10,0,0
BRDA:60,10,1,0
BRDA:61,11,0,0
BRDA:61,11,1,0
BRDA:69,12,0,0
BRDA:69,12,1,0
BRDA:70,13,0,0
BRDA:70,13,1,0
BRDA:71,14,0,0
BRDA:71,14,1,0
BRDA:72,15,0,0
BRDA:72,15,1,0
BRDA:73,16,0,0
BRDA:73,16,1,0
BRDA:80,17,0,0
BRDA:80,17,1,0
BRDA:80,18,0,0
BRDA:80,18,1,0
BRDA:83,19,0,0
BRDA:83,19,1,0
BRDA:83,20,0,0
BRDA:83,20,1,0
BRDA:83,21,0,0
BRDA:83,21,1,0
BRDA:87,22,0,0
BRDA:87,22,1,0
BRDA:87,23,0,0
BRDA:87,23,1,0
BRDA:91,24,0,0
BRDA:91,24,1,0
BRDA:95,25,0,0
BRDA:95,25,1,0
BRDA:96,26,0,0
BRDA:96,26,1,0
BRDA:104,27,0,0
BRDA:104,27,1,0
BRDA:109,28,0,0
BRDA:109,28,1,0
BRDA:122,29,0,0
BRDA:122,29,1,0
BRDA:123,30,0,0
BRDA:123,30,1,0
BRDA:124,31,0,0
BRDA:124,31,1,0
BRDA:125,32,0,0
BRDA:125,32,1,0
BRDA:126,33,0,0
BRDA:126,33,1,0
BRDA:127,34,0,0
BRDA:127,34,1,0
BRDA:128,35,0,0
BRDA:128,35,1,0
BRDA:129,36,0,0
BRDA:129,36,1,0
BRF:88
BRH:0
end_of_record
TN:
SF:src\utils\commonStyles.js
FN:268,(anonymous_0)
FN:279,(anonymous_1)
FN:284,(anonymous_2)
FN:289,(anonymous_3)
FNF:4
FNH:0
FNDA:0,(anonymous_0)
FNDA:0,(anonymous_1)
FNDA:0,(anonymous_2)
FNDA:0,(anonymous_3)
DA:9,0
DA:28,0
DA:60,0
DA:268,0
DA:279,0
DA:284,0
DA:289,0
LF:7
LH:0
BRDA:268,0,0,0
BRDA:280,1,0,0
BRDA:280,1,1,0
BRDA:281,2,0,0
BRDA:281,2,1,0
BRDA:285,3,0,0
BRDA:285,3,1,0
BRDA:289,4,0,0
BRF:8
BRH:0
end_of_record
TN:
SF:src\utils\constants.js
FNF:0
FNH:0
DA:2,0
DA:9,0
DA:16,0
DA:23,0
DA:32,0
DA:40,0
DA:48,0
DA:58,0
DA:71,0
LF:9
LH:0
BRF:0
BRH:0
end_of_record
TN:
SF:src\utils\currency.js
FN:9,(anonymous_0)
FN:30,(anonymous_1)
FN:49,(anonymous_2)
FNF:3
FNH:0
FNDA:0,(anonymous_0)
FNDA:0,(anonymous_1)
FNDA:0,(anonymous_2)
DA:9,0
DA:10,0
DA:11,0
DA:14,0
DA:17,0
DA:18,0
DA:20,0
DA:22,0
DA:30,0
DA:31,0
DA:34,0
DA:39,0
DA:49,0
DA:50,0
DA:52,0
DA:53,0
DA:56,0
DA:57,0
DA:60,0
DA:61,0
DA:64,0
LF:21
LH:0
BRDA:9,0,0,0
BRDA:10,1,0,0
BRDA:10,1,1,0
BRDA:10,2,0,0
BRDA:10,2,1,0
BRDA:10,2,2,0
BRDA:11,3,0,0
BRDA:11,3,1,0
BRDA:22,4,0,0
BRDA:22,4,1,0
BRDA:31,5,0,0
BRDA:31,5,1,0
BRDA:39,6,0,0
BRDA:39,6,1,0
BRDA:49,7,0,0
BRDA:49,8,0,0
BRDA:52,9,0,0
BRDA:52,9,1,0
BRDA:56,10,0,0
BRDA:56,10,1,0
BRDA:60,11,0,0
BRDA:60,11,1,0
BRF:22
BRH:0
end_of_record
TN:
SF:src\utils\documentUtils.js
FN:3,(anonymous_0)
FNF:1
FNH:0
FNDA:0,(anonymous_0)
DA:3,0
DA:4,0
DA:5,0
DA:11,0
DA:12,0
DA:13,0
DA:21,0
DA:23,0
DA:24,0
LF:9
LH:0
BRDA:3,0,0,0
BRDA:11,1,0,0
BRDA:11,1,1,0
BRDA:11,2,0,0
BRDA:11,2,1,0
BRDA:11,2,2,0
BRF:6
BRH:0
end_of_record
TN:
SF:src\utils\errorHandler.js
FN:14,(anonymous_0)
FN:42,(anonymous_1)
FN:52,(anonymous_2)
FN:62,(anonymous_3)
FN:72,(anonymous_4)
FN:81,(anonymous_5)
FN:85,(anonymous_6)
FN:97,(anonymous_7)
FN:109,(anonymous_8)
FN:122,(anonymous_9)
FN:134,(anonymous_10)
FN:146,(anonymous_11)
FN:158,(anonymous_12)
FN:183,(anonymous_13)
FN:196,(anonymous_14)
FNF:15
FNH:0
FNDA:0,(anonymous_0)
FNDA:0,(anonymous_1)
FNDA:0,(anonymous_2)
FNDA:0,(anonymous_3)
FNDA:0,(anonymous_4)
FNDA:0,(anonymous_5)
FNDA:0,(anonymous_6)
FNDA:0,(anonymous_7)
FNDA:0,(anonymous_8)
FNDA:0,(anonymous_9)
FNDA:0,(anonymous_10)
FNDA:0,(anonymous_11)
FNDA:0,(anonymous_12)
FNDA:0,(anonymous_13)
FNDA:0,(anonymous_14)
DA:4,0
DA:16,0
DA:19,0
DA:20,0
DA:23,0
DA:24,0
DA:27,0
DA:28,0
DA:31,0
DA:32,0
DA:35,0
DA:36,0
DA:39,0
DA:43,0
DA:53,0
DA:63,0
DA:73,0
DA:82,0
DA:86,0
DA:98,0
DA:110,0
DA:123,0
DA:135,0
DA:147,0
DA:159,0
DA:161,0
DA:173,0
DA:174,0
DA:175,0
DA:179,0
DA:184,0
DA:193,0
DA:199,0
DA:203,0
LF:34
LH:0
BRDA:19,0,0,0
BRDA:19,0,1,0
BRDA:23,1,0,0
BRDA:23,1,1,0
BRDA:27,2,0,0
BRDA:27,2,1,0
BRDA:31,3,0,0
BRDA:31,3,1,0
BRDA:35,4,0,0
BRDA:35,4,1,0
BRDA:44,5,0,0
BRDA:44,5,1,0
BRDA:44,5,2,0
BRDA:44,5,3,0
BRDA:44,5,4,0
BRDA:54,6,0,0
BRDA:54,6,1,0
BRDA:54,6,2,0
BRDA:54,6,3,0
BRDA:54,6,4,0
BRDA:54,6,5,0
BRDA:54,6,6,0
BRDA:64,7,0,0
BRDA:64,7,1,0
BRDA:64,7,2,0
BRDA:64,7,3,0
BRDA:64,7,4,0
BRDA:64,7,5,0
BRDA:74,8,0,0
BRDA:74,8,1,0
BRDA:74,8,2,0
BRDA:74,8,3,0
BRDA:74,8,4,0
BRDA:82,9,0,0
BRDA:82,9,1,0
BRDA:82,9,2,0
BRDA:101,10,0,0
BRDA:101,10,1,0
BRDA:102,11,0,0
BRDA:102,11,1,0
BRDA:113,12,0,0
BRDA:113,12,1,0
BRDA:126,13,0,0
BRDA:126,13,1,0
BRDA:150,14,0,0
BRDA:150,14,1,0
BRDA:159,15,0,0
BRDA:159,15,1,0
BRDA:174,16,0,0
BRDA:174,16,1,0
BRDA:183,17,0,0
BRF:51
BRH:0
end_of_record
TN:
SF:src\utils\locationUtils.js
FN:6,(anonymous_0)
FN:30,(anonymous_1)
FN:51,(anonymous_2)
FN:66,(anonymous_3)
FN:85,(anonymous_4)
FN:86,(anonymous_5)
FN:89,(anonymous_6)
FN:106,(anonymous_7)
FNF:8
FNH:0
FNDA:0,(anonymous_0)
FNDA:0,(anonymous_1)
FNDA:0,(anonymous_2)
FNDA:0,(anonymous_3)
FNDA:0,(anonymous_4)
FNDA:0,(anonymous_5)
FNDA:0,(anonymous_6)
FNDA:0,(anonymous_7)
DA:6,0
DA:7,0
DA:8,0
DA:9,0
DA:10,0
DA:13,0
DA:17,0
DA:22,0
DA:24,0
DA:25,0
DA:30,0
DA:31,0
DA:32,0
DA:39,0
DA:40,0
DA:43,0
DA:45,0
DA:46,0
DA:51,0
DA:66,0
DA:67,0
DA:69,0
DA:85,0
DA:86,0
DA:89,0
DA:90,0
DA:93,0
DA:96,0
DA:97,0
DA:98,0
DA:99,0
DA:103,0
DA:106,0
DA:107,0
DA:109,0
DA:110,0
DA:111,0
DA:112,0
DA:113,0
DA:114,0
DA:116,0
LF:41
LH:0
BRDA:9,0,0,0
BRDA:9,0,1,0
BRDA:39,1,0,0
BRDA:39,1,1,0
BRDA:56,2,0,0
BRDA:56,2,1,0
BRDA:57,3,0,0
BRDA:57,3,1,0
BRDA:58,4,0,0
BRDA:58,4,1,0
BRDA:59,5,0,0
BRDA:59,5,1,0
BRDA:60,6,0,0
BRDA:60,6,1,0
BRDA:61,7,0,0
BRDA:61,7,1,0
BRDA:62,8,0,0
BRDA:62,8,1,0
BRDA:62,9,0,0
BRDA:62,9,1,0
BRDA:62,10,0,0
BRDA:62,10,1,0
BRDA:86,11,0,0
BRDA:86,11,1,0
BRDA:90,12,0,0
BRDA:90,12,1,0
BRDA:93,13,0,0
BRDA:93,13,1,0
BRDA:93,14,0,0
BRDA:93,14,1,0
BRDA:96,15,0,0
BRDA:96,15,1,0
BRDA:98,16,0,0
BRDA:98,16,1,0
BRDA:98,17,0,0
BRDA:98,17,1,0
BRDA:98,17,2,0
BRDA:98,17,3,0
BRDA:107,18,0,0
BRDA:107,18,1,0
BRDA:110,19,0,0
BRDA:110,19,1,0
BRDA:111,20,0,0
BRDA:111,20,1,0
BRDA:112,21,0,0
BRDA:112,21,1,0
BRDA:113,22,0,0
BRDA:113,22,1,0
BRDA:114,23,0,0
BRDA:114,23,1,0
BRF:50
BRH:0
end_of_record
TN:
SF:src\utils\logger.js
FN:3,(anonymous_0)
FN:6,(anonymous_1)
FN:13,(anonymous_2)
FNF:3
FNH:0
FNDA:0,(anonymous_0)
FNDA:0,(anonymous_1)
FNDA:0,(anonymous_2)
DA:2,0
DA:4,0
DA:7,0
DA:9,0
DA:10,0
DA:14,0
LF:6
LH:0
BRDA:9,0,0,0
BRDA:9,0,1,0
BRF:2
BRH:0
end_of_record
TN:
SF:src\utils\performance.js
FN:5,(anonymous_0)
FN:11,(anonymous_1)
FN:22,(anonymous_2)
FN:41,(anonymous_3)
FN:52,(anonymous_4)
FN:57,(anonymous_5)
FN:75,(anonymous_6)
FN:86,(anonymous_7)
FN:94,(anonymous_8)
FN:95,PerformanceTrackedComponent
FN:98,(anonymous_10)
FNF:11
FNH:0
FNDA:0,(anonymous_0)
FNDA:0,(anonymous_1)
FNDA:0,(anonymous_2)
FNDA:0,(anonymous_3)
FNDA:0,(anonymous_4)
FNDA:0,(anonymous_5)
FNDA:0,(anonymous_6)
FNDA:0,(anonymous_7)
FNDA:0,(anonymous_8)
FNDA:0,PerformanceTrackedComponent
FNDA:0,(anonymous_10)
DA:6,0
DA:7,0
DA:12,0
DA:14,0
DA:23,0
DA:25,0
DA:26,0
DA:27,0
DA:28,0
DA:31,0
DA:32,0
DA:35,0
DA:37,0
DA:42,0
DA:44,0
DA:45,0
DA:46,0
DA:48,0
DA:53,0
DA:58,0
DA:60,0
DA:67,0
DA:68,0
DA:71,0
DA:76,0
DA:82,0
DA:87,0
DA:91,0
DA:94,0
DA:95,0
DA:96,0
DA:98,0
LF:32
LH:0
BRDA:12,0,0,0
BRDA:12,0,1,0
BRDA:23,1,0,0
BRDA:23,1,1,0
BRDA:26,2,0,0
BRDA:26,2,1,0
BRDA:31,3,0,0
BRDA:31,3,1,0
BRDA:42,4,0,0
BRDA:42,4,1,0
BRDA:58,5,0,0
BRDA:58,5,1,0
BRDA:58,6,0,0
BRDA:58,6,1,0
BRDA:67,7,0,0
BRDA:67,7,1,0
BRDA:97,8,0,0
BRDA:97,8,1,0
BRF:18
BRH:0
end_of_record
TN:
SF:src\utils\security.js
FN:6,(anonymous_0)
FN:12,(anonymous_1)
FN:29,(anonymous_2)
FN:40,(anonymous_3)
FN:53,(anonymous_4)
FN:64,(anonymous_5)
FN:83,(anonymous_6)
FN:86,(anonymous_7)
FN:92,(anonymous_8)
FN:114,(anonymous_9)
FN:126,(anonymous_10)
FN:134,(anonymous_11)
FNF:12
FNH:0
FNDA:0,(anonymous_0)
FNDA:0,(anonymous_1)
FNDA:0,(anonymous_2)
FNDA:0,(anonymous_3)
FNDA:0,(anonymous_4)
FNDA:0,(anonymous_5)
FNDA:0,(anonymous_6)
FNDA:0,(anonymous_7)
FNDA:0,(anonymous_8)
FNDA:0,(anonymous_9)
FNDA:0,(anonymous_10)
FNDA:0,(anonymous_11)
DA:7,0
DA:8,0
DA:13,0
DA:14,0
DA:15,0
DA:16,0
DA:19,0
DA:21,0
DA:22,0
DA:23,0
DA:30,0
DA:31,0
DA:33,0
DA:35,0
DA:41,0
DA:42,0
DA:43,0
DA:45,0
DA:47,0
DA:48,0
DA:54,0
DA:56,0
DA:65,0
DA:67,0
DA:68,0
DA:71,0
DA:72,0
DA:75,0
DA:76,0
DA:79,0
DA:84,0
DA:86,0
DA:87,0
DA:88,0
DA:91,0
DA:92,0
DA:93,0
DA:94,0
DA:99,0
DA:101,0
DA:102,0
DA:106,0
DA:107,0
DA:109,0
DA:115,0
DA:116,0
DA:118,0
DA:119,0
DA:122,0
DA:127,0
DA:129,0
DA:130,0
DA:135,0
DA:136,0
DA:138,0
DA:139,0
DA:141,0
DA:143,0
DA:148,0
LF:59
LH:0
BRDA:12,0,0,0
BRDA:15,1,0,0
BRDA:15,1,1,0
BRDA:22,2,0,0
BRDA:22,2,1,0
BRDA:54,3,0,0
BRDA:54,3,1,0
BRDA:64,4,0,0
BRDA:67,5,0,0
BRDA:67,5,1,0
BRDA:71,6,0,0
BRDA:71,6,1,0
BRDA:75,7,0,0
BRDA:75,7,1,0
BRDA:83,8,0,0
BRDA:83,9,0,0
BRDA:93,10,0,0
BRDA:93,10,1,0
BRDA:99,11,0,0
BRDA:99,11,1,0
BRDA:101,12,0,0
BRDA:101,12,1,0
BRDA:114,13,0,0
BRDA:127,14,0,0
BRDA:127,14,1,0
BRDA:127,15,0,0
BRDA:127,15,1,0
BRDA:136,16,0,0
BRDA:136,16,1,0
BRDA:141,17,0,0
BRDA:141,17,1,0
BRF:31
BRH:0
end_of_record
TN:
SF:src\utils\shadows.js
FN:4,(anonymous_0)
FNF:1
FNH:0
FNDA:0,(anonymous_0)
DA:4,0
DA:5,0
DA:7,0
DA:8,0
DA:9,0
DA:11,0
DA:16,0
DA:30,0
DA:39,0
LF:9
LH:0
BRDA:4,0,0,0
BRDA:5,1,0,0
BRDA:5,1,1,0
BRDA:31,2,0,0
BRDA:31,2,1,0
BRDA:45,3,0,0
BRDA:45,3,1,0
BRF:7
BRH:0
end_of_record
TN:
SF:src\utils\validation.js
FN:10,(anonymous_0)
FN:19,(anonymous_1)
FN:31,(anonymous_2)
FN:47,(anonymous_3)
FN:57,(anonymous_4)
FN:65,(anonymous_5)
FN:79,(anonymous_6)
FN:87,(anonymous_7)
FN:97,(anonymous_8)
FN:109,(anonymous_9)
FN:118,(anonymous_10)
FN:127,(anonymous_11)
FN:138,(anonymous_12)
FN:152,(anonymous_13)
FN:172,(anonymous_14)
FN:175,(anonymous_15)
FN:196,(anonymous_16)
FN:204,(anonymous_17)
FN:209,(anonymous_18)
FN:214,(anonymous_19)
FN:235,(anonymous_20)
FN:272,(anonymous_21)
FN:278,(anonymous_22)
FN:284,(anonymous_23)
FN:290,(anonymous_24)
FN:296,(anonymous_25)
FN:300,(anonymous_26)
FN:304,(anonymous_27)
FNF:28
FNH:0
FNDA:0,(anonymous_0)
FNDA:0,(anonymous_1)
FNDA:0,(anonymous_2)
FNDA:0,(anonymous_3)
FNDA:0,(anonymous_4)
FNDA:0,(anonymous_5)
FNDA:0,(anonymous_6)
FNDA:0,(anonymous_7)
FNDA:0,(anonymous_8)
FNDA:0,(anonymous_9)
FNDA:0,(anonymous_10)
FNDA:0,(anonymous_11)
FNDA:0,(anonymous_12)
FNDA:0,(anonymous_13)
FNDA:0,(anonymous_14)
FNDA:0,(anonymous_15)
FNDA:0,(anonymous_16)
FNDA:0,(anonymous_17)
FNDA:0,(anonymous_18)
FNDA:0,(anonymous_19)
FNDA:0,(anonymous_20)
FNDA:0,(anonymous_21)
FNDA:0,(anonymous_22)
FNDA:0,(anonymous_23)
FNDA:0,(anonymous_24)
FNDA:0,(anonymous_25)
FNDA:0,(anonymous_26)
FNDA:0,(anonymous_27)
DA:8,0
DA:11,0
DA:12,0
DA:13,0
DA:15,0
DA:20,0
DA:21,0
DA:22,0
DA:24,0
DA:25,0
DA:27,0
DA:32,0
DA:33,0
DA:34,0
DA:36,0
DA:37,0
DA:40,0
DA:41,0
DA:43,0
DA:48,0
DA:49,0
DA:50,0
DA:51,0
DA:53,0
DA:58,0
DA:59,0
DA:61,0
DA:66,0
DA:67,0
DA:68,0
DA:69,0
DA:70,0
DA:72,0
DA:73,0
DA:75,0
DA:80,0
DA:81,0
DA:83,0
DA:88,0
DA:89,0
DA:90,0
DA:91,0
DA:92,0
DA:93,0
DA:98,0
DA:99,0
DA:100,0
DA:101,0
DA:103,0
DA:104,0
DA:105,0
DA:110,0
DA:111,0
DA:112,0
DA:114,0
DA:119,0
DA:120,0
DA:121,0
DA:123,0
DA:128,0
DA:129,0
DA:131,0
DA:132,0
DA:134,0
DA:139,0
DA:140,0
DA:142,0
DA:143,0
DA:145,0
DA:146,0
DA:148,0
DA:153,0
DA:154,0
DA:156,0
DA:157,0
DA:159,0
DA:160,0
DA:162,0
DA:172,0
DA:173,0
DA:175,0
DA:176,0
DA:177,0
DA:179,0
DA:180,0
DA:181,0
DA:182,0
DA:183,0
DA:188,0
DA:196,0
DA:197,0
DA:203,0
DA:205,0
DA:206,0
DA:210,0
DA:211,0
DA:215,0
DA:216,0
DA:223,0
DA:235,0
DA:273,0
DA:274,0
DA:275,0
DA:279,0
DA:280,0
DA:281,0
DA:285,0
DA:286,0
DA:287,0
DA:291,0
DA:292,0
DA:293,0
DA:297,0
DA:301,0
DA:305,0
DA:309,0
LF:116
LH:0
BRDA:11,0,0,0
BRDA:11,0,1,0
BRDA:12,1,0,0
BRDA:12,1,1,0
BRDA:12,2,0,0
BRDA:12,2,1,0
BRDA:20,3,0,0
BRDA:20,3,1,0
BRDA:21,4,0,0
BRDA:21,4,1,0
BRDA:24,5,0,0
BRDA:24,5,1,0
BRDA:32,6,0,0
BRDA:32,6,1,0
BRDA:33,7,0,0
BRDA:33,7,1,0
BRDA:36,8,0,0
BRDA:36,8,1,0
BRDA:40,9,0,0
BRDA:40,9,1,0
BRDA:48,10,0,0
BRDA:48,10,1,0
BRDA:50,11,0,0
BRDA:50,11,1,0
BRDA:50,12,0,0
BRDA:50,12,1,0
BRDA:50,12,2,0
BRDA:57,13,0,0
BRDA:58,14,0,0
BRDA:58,14,1,0
BRDA:58,15,0,0
BRDA:58,15,1,0
BRDA:58,15,2,0
BRDA:66,16,0,0
BRDA:66,16,1,0
BRDA:68,17,0,0
BRDA:68,17,1,0
BRDA:69,18,0,0
BRDA:69,18,1,0
BRDA:72,19,0,0
BRDA:72,19,1,0
BRDA:80,20,0,0
BRDA:80,20,1,0
BRDA:80,21,0,0
BRDA:80,21,1,0
BRDA:88,22,0,0
BRDA:88,22,1,0
BRDA:90,23,0,0
BRDA:90,23,1,0
BRDA:91,24,0,0
BRDA:91,24,1,0
BRDA:92,25,0,0
BRDA:92,25,1,0
BRDA:97,26,0,0
BRDA:98,27,0,0
BRDA:98,27,1,0
BRDA:103,28,0,0
BRDA:103,28,1,0
BRDA:104,29,0,0
BRDA:104,29,1,0
BRDA:109,30,0,0
BRDA:110,31,0,0
BRDA:110,31,1,0
BRDA:111,32,0,0
BRDA:111,32,1,0
BRDA:119,33,0,0
BRDA:119,33,1,0
BRDA:119,34,0,0
BRDA:119,34,1,0
BRDA:120,35,0,0
BRDA:120,35,1,0
BRDA:120,36,0,0
BRDA:120,36,1,0
BRDA:120,36,2,0
BRDA:127,37,0,0
BRDA:127,38,0,0
BRDA:128,39,0,0
BRDA:128,39,1,0
BRDA:128,40,0,0
BRDA:128,40,1,0
BRDA:131,41,0,0
BRDA:131,41,1,0
BRDA:142,42,0,0
BRDA:142,42,1,0
BRDA:145,43,0,0
BRDA:145,43,1,0
BRDA:156,44,0,0
BRDA:156,44,1,0
BRDA:159,45,0,0
BRDA:159,45,1,0
BRDA:177,46,0,0
BRDA:177,46,1,0
BRDA:181,47,0,0
BRDA:181,47,1,0
BRDA:205,48,0,0
BRDA:205,48,1,0
BRDA:210,49,0,0
BRDA:210,49,1,0
BRDA:215,50,0,0
BRDA:215,50,1,0
BRDA:274,51,0,0
BRDA:274,51,1,0
BRDA:280,52,0,0
BRDA:280,52,1,0
BRDA:286,53,0,0
BRDA:286,53,1,0
BRDA:292,54,0,0
BRDA:292,54,1,0
BRF:108
BRH:0
end_of_record
TN:
SF:src\utils\validator.js
FN:5,(anonymous_0)
FN:17,(anonymous_1)
FN:34,(anonymous_2)
FN:51,(anonymous_3)
FN:66,(anonymous_4)
FN:81,(anonymous_5)
FN:101,(anonymous_6)
FN:114,(anonymous_7)
FN:124,(anonymous_8)
FN:139,(anonymous_9)
FN:157,(anonymous_10)
FN:163,(anonymous_11)
FN:193,(anonymous_12)
FN:215,(anonymous_13)
FN:221,(anonymous_14)
FN:252,(anonymous_15)
FN:258,(anonymous_16)
FN:282,(anonymous_17)
FN:335,(anonymous_18)
FN:378,(anonymous_19)
FN:395,(anonymous_20)
FN:418,(anonymous_21)
FN:423,(anonymous_22)
FN:428,(anonymous_23)
FN:434,(anonymous_24)
FN:449,(anonymous_25)
FNF:26
FNH:0
FNDA:0,(anonymous_0)
FNDA:0,(anonymous_1)
FNDA:0,(anonymous_2)
FNDA:0,(anonymous_3)
FNDA:0,(anonymous_4)
FNDA:0,(anonymous_5)
FNDA:0,(anonymous_6)
FNDA:0,(anonymous_7)
FNDA:0,(anonymous_8)
FNDA:0,(anonymous_9)
FNDA:0,(anonymous_10)
FNDA:0,(anonymous_11)
FNDA:0,(anonymous_12)
FNDA:0,(anonymous_13)
FNDA:0,(anonymous_14)
FNDA:0,(anonymous_15)
FNDA:0,(anonymous_16)
FNDA:0,(anonymous_17)
FNDA:0,(anonymous_18)
FNDA:0,(anonymous_19)
FNDA:0,(anonymous_20)
FNDA:0,(anonymous_21)
FNDA:0,(anonymous_22)
FNDA:0,(anonymous_23)
FNDA:0,(anonymous_24)
FNDA:0,(anonymous_25)
DA:6,0
DA:7,0
DA:10,0
DA:11,0
DA:14,0
DA:18,0
DA:19,0
DA:22,0
DA:23,0
DA:27,0
DA:28,0
DA:31,0
DA:35,0
DA:36,0
DA:39,0
DA:40,0
DA:44,0
DA:45,0
DA:48,0
DA:52,0
DA:53,0
DA:57,0
DA:59,0
DA:60,0
DA:63,0
DA:67,0
DA:69,0
DA:70,0
DA:73,0
DA:74,0
DA:77,0
DA:82,0
DA:83,0
DA:86,0
DA:87,0
DA:88,0
DA:90,0
DA:91,0
DA:94,0
DA:95,0
DA:98,0
DA:102,0
DA:103,0
DA:106,0
DA:107,0
DA:110,0
DA:115,0
DA:116,0
DA:119,0
DA:120,0
DA:123,0
DA:124,0
DA:126,0
DA:127,0
DA:131,0
DA:132,0
DA:135,0
DA:140,0
DA:141,0
DA:144,0
DA:145,0
DA:146,0
DA:150,0
DA:151,0
DA:154,0
DA:158,0
DA:159,0
DA:162,0
DA:163,0
DA:165,0
DA:166,0
DA:170,0
DA:171,0
DA:175,0
DA:176,0
DA:177,0
DA:179,0
DA:181,0
DA:185,0
DA:186,0
DA:189,0
DA:194,0
DA:195,0
DA:197,0
DA:198,0
DA:200,0
DA:201,0
DA:202,0
DA:203,0
DA:207,0
DA:208,0
DA:211,0
DA:216,0
DA:217,0
DA:220,0
DA:221,0
DA:223,0
DA:224,0
DA:228,0
DA:229,0
DA:230,0
DA:232,0
DA:233,0
DA:236,0
DA:237,0
DA:241,0
DA:242,0
DA:246,0
DA:248,0
DA:253,0
DA:254,0
DA:257,0
DA:258,0
DA:260,0
DA:261,0
DA:265,0
DA:266,0
DA:270,0
DA:271,0
DA:274,0
DA:275,0
DA:278,0
DA:283,0
DA:285,0
DA:286,0
DA:287,0
DA:289,0
DA:293,0
DA:294,0
DA:295,0
DA:297,0
DA:301,0
DA:302,0
DA:303,0
DA:305,0
DA:309,0
DA:310,0
DA:311,0
DA:313,0
DA:317,0
DA:318,0
DA:321,0
DA:322,0
DA:323,0
DA:327,0
DA:328,0
DA:331,0
DA:336,0
DA:338,0
DA:339,0
DA:340,0
DA:344,0
DA:345,0
DA:346,0
DA:350,0
DA:351,0
DA:352,0
DA:356,0
DA:357,0
DA:358,0
DA:362,0
DA:363,0
DA:366,0
DA:367,0
DA:370,0
DA:371,0
DA:374,0
DA:379,0
DA:381,0
DA:382,0
DA:385,0
DA:386,0
DA:389,0
DA:396,0
DA:398,0
DA:399,0
DA:402,0
DA:403,0
DA:406,0
DA:407,0
DA:410,0
DA:411,0
DA:414,0
DA:419,0
DA:420,0
DA:424,0
DA:425,0
DA:429,0
DA:430,0
DA:435,0
DA:436,0
DA:438,0
DA:439,0
DA:442,0
DA:443,0
DA:446,0
DA:450,0
DA:451,0
DA:453,0
DA:454,0
DA:457,0
DA:458,0
DA:461,0
DA:465,0
LF:204
LH:0
BRDA:6,0,0,0
BRDA:6,0,1,0
BRDA:10,1,0,0
BRDA:10,1,1,0
BRDA:18,2,0,0
BRDA:18,2,1,0
BRDA:22,3,0,0
BRDA:22,3,1,0
BRDA:27,4,0,0
BRDA:27,4,1,0
BRDA:35,5,0,0
BRDA:35,5,1,0
BRDA:39,6,0,0
BRDA:39,6,1,0
BRDA:44,7,0,0
BRDA:44,7,1,0
BRDA:52,8,0,0
BRDA:52,8,1,0
BRDA:59,9,0,0
BRDA:59,9,1,0
BRDA:59,10,0,0
BRDA:59,10,1,0
BRDA:69,11,0,0
BRDA:69,11,1,0
BRDA:73,12,0,0
BRDA:73,12,1,0
BRDA:81,13,0,0
BRDA:82,14,0,0
BRDA:82,14,1,0
BRDA:90,15,0,0
BRDA:90,15,1,0
BRDA:94,16,0,0
BRDA:94,16,1,0
BRDA:101,17,0,0
BRDA:102,18,0,0
BRDA:102,18,1,0
BRDA:106,19,0,0
BRDA:106,19,1,0
BRDA:115,20,0,0
BRDA:115,20,1,0
BRDA:119,21,0,0
BRDA:119,21,1,0
BRDA:126,22,0,0
BRDA:126,22,1,0
BRDA:131,23,0,0
BRDA:131,23,1,0
BRDA:140,24,0,0
BRDA:140,24,1,0
BRDA:145,25,0,0
BRDA:145,25,1,0
BRDA:150,26,0,0
BRDA:150,26,1,0
BRDA:150,27,0,0
BRDA:150,27,1,0
BRDA:158,28,0,0
BRDA:158,28,1,0
BRDA:165,29,0,0
BRDA:165,29,1,0
BRDA:170,30,0,0
BRDA:170,30,1,0
BRDA:179,31,0,0
BRDA:179,31,1,0
BRDA:179,32,0,0
BRDA:179,32,1,0
BRDA:179,32,2,0
BRDA:185,33,0,0
BRDA:185,33,1,0
BRDA:200,34,0,0
BRDA:200,34,1,0
BRDA:202,35,0,0
BRDA:202,35,1,0
BRDA:216,36,0,0
BRDA:216,36,1,0
BRDA:223,37,0,0
BRDA:223,37,1,0
BRDA:232,38,0,0
BRDA:232,38,1,0
BRDA:236,39,0,0
BRDA:236,39,1,0
BRDA:241,40,0,0
BRDA:241,40,1,0
BRDA:241,41,0,0
BRDA:241,41,1,0
BRDA:253,42,0,0
BRDA:253,42,1,0
BRDA:258,43,0,0
BRDA:258,43,1,0
BRDA:260,44,0,0
BRDA:260,44,1,0
BRDA:265,45,0,0
BRDA:265,45,1,0
BRDA:265,46,0,0
BRDA:265,46,1,0
BRDA:265,46,2,0
BRDA:270,47,0,0
BRDA:270,47,1,0
BRDA:270,48,0,0
BRDA:270,48,1,0
BRDA:274,49,0,0
BRDA:274,49,1,0
BRDA:282,50,0,0
BRDA:285,51,0,0
BRDA:285,51,1,0
BRDA:285,52,0,0
BRDA:285,52,1,0
BRDA:293,53,0,0
BRDA:293,53,1,0
BRDA:293,54,0,0
BRDA:293,54,1,0
BRDA:301,55,0,0
BRDA:301,55,1,0
BRDA:301,56,0,0
BRDA:301,56,1,0
BRDA:309,57,0,0
BRDA:309,57,1,0
BRDA:309,58,0,0
BRDA:309,58,1,0
BRDA:317,59,0,0
BRDA:317,59,1,0
BRDA:317,60,0,0
BRDA:317,60,1,0
BRDA:321,61,0,0
BRDA:321,61,1,0
BRDA:322,62,0,0
BRDA:322,62,1,0
BRDA:322,63,0,0
BRDA:322,63,1,0
BRDA:327,64,0,0
BRDA:327,64,1,0
BRDA:335,65,0,0
BRDA:338,66,0,0
BRDA:338,66,1,0
BRDA:338,67,0,0
BRDA:338,67,1,0
BRDA:339,68,0,0
BRDA:339,68,1,0
BRDA:339,69,0,0
BRDA:339,69,1,0
BRDA:344,70,0,0
BRDA:344,70,1,0
BRDA:344,71,0,0
BRDA:344,71,1,0
BRDA:345,72,0,0
BRDA:345,72,1,0
BRDA:345,73,0,0
BRDA:345,73,1,0
BRDA:350,74,0,0
BRDA:350,74,1,0
BRDA:350,75,0,0
BRDA:350,75,1,0
BRDA:351,76,0,0
BRDA:351,76,1,0
BRDA:351,77,0,0
BRDA:351,77,1,0
BRDA:356,78,0,0
BRDA:356,78,1,0
BRDA:356,79,0,0
BRDA:356,79,1,0
BRDA:357,80,0,0
BRDA:357,80,1,0
BRDA:357,81,0,0
BRDA:357,81,1,0
BRDA:357,81,2,0
BRDA:362,82,0,0
BRDA:362,82,1,0
BRDA:362,83,0,0
BRDA:362,83,1,0
BRDA:366,84,0,0
BRDA:366,84,1,0
BRDA:366,85,0,0
BRDA:366,85,1,0
BRDA:370,86,0,0
BRDA:370,86,1,0
BRDA:381,87,0,0
BRDA:381,87,1,0
BRDA:381,88,0,0
BRDA:381,88,1,0
BRDA:385,89,0,0
BRDA:385,89,1,0
BRDA:398,90,0,0
BRDA:398,90,1,0
BRDA:398,91,0,0
BRDA:398,91,1,0
BRDA:402,92,0,0
BRDA:402,92,1,0
BRDA:402,93,0,0
BRDA:402,93,1,0
BRDA:406,94,0,0
BRDA:406,94,1,0
BRDA:406,95,0,0
BRDA:406,95,1,0
BRDA:406,95,2,0
BRDA:410,96,0,0
BRDA:410,96,1,0
BRDA:419,97,0,0
BRDA:419,97,1,0
BRDA:424,98,0,0
BRDA:424,98,1,0
BRDA:429,99,0,0
BRDA:429,99,1,0
BRDA:438,100,0,0
BRDA:438,100,1,0
BRDA:442,101,0,0
BRDA:442,101,1,0
BRDA:453,102,0,0
BRDA:453,102,1,0
BRDA:457,103,0,0
BRDA:457,103,1,0
BRF:208
BRH:0
end_of_record
