TN:
SF:src\app\App.js
FN:38,App
FN:41,(anonymous_1)
FN:42,prepare
FN:45,(anonymous_3)
FNF:4
FNH:0
FNDA:0,App
FNDA:0,(anonymous_1)
FNDA:0,prepare
FNDA:0,(anonymous_3)
DA:26,0
DA:27,0
DA:30,0
DA:36,0
DA:39,0
DA:41,0
DA:43,0
DA:44,0
DA:45,0
DA:47,0
DA:49,0
DA:50,0
DA:51,0
DA:55,0
DA:58,0
DA:59,0
DA:66,0
LF:17
LH:0
BRDA:26,0,0,0
BRDA:26,0,1,0
BRDA:58,1,0,0
BRDA:58,1,1,0
BRF:4
BRH:0
end_of_record
TN:
SF:src\app\config\api.js
FN:3,(anonymous_0)
FN:20,(anonymous_1)
FN:47,(anonymous_2)
FN:48,(anonymous_3)
FN:51,(anonymous_4)
FN:58,(anonymous_5)
FN:73,(anonymous_6)
FN:88,(anonymous_7)
FN:89,(anonymous_8)
FN:108,(anonymous_9)
FN:109,(anonymous_10)
FN:133,(anonymous_11)
FN:134,(anonymous_12)
FN:158,(anonymous_13)
FN:173,(anonymous_14)
FN:174,(anonymous_15)
FN:189,(anonymous_16)
FN:214,(anonymous_17)
FN:224,(anonymous_18)
FN:225,(anonymous_19)
FN:244,(anonymous_20)
FN:245,(anonymous_21)
FN:270,(anonymous_22)
FN:271,(anonymous_23)
FN:296,(anonymous_24)
FN:297,(anonymous_25)
FN:319,(anonymous_26)
FN:320,(anonymous_27)
FN:329,(anonymous_28)
FN:330,(anonymous_29)
FN:342,(anonymous_30)
FN:343,(anonymous_31)
FN:361,(anonymous_32)
FN:362,(anonymous_33)
FN:371,(anonymous_34)
FN:372,(anonymous_35)
FN:393,(anonymous_36)
FN:394,(anonymous_37)
FN:403,(anonymous_38)
FN:404,(anonymous_39)
FN:425,(anonymous_40)
FN:426,(anonymous_41)
FN:440,(anonymous_42)
FN:441,(anonymous_43)
FN:464,(anonymous_44)
FN:465,(anonymous_45)
FN:491,(anonymous_46)
FN:492,(anonymous_47)
FN:517,(anonymous_48)
FN:518,(anonymous_49)
FN:551,(anonymous_50)
FN:555,(anonymous_51)
FN:559,(anonymous_52)
FN:563,(anonymous_53)
FN:567,(anonymous_54)
FN:571,(anonymous_55)
FN:575,(anonymous_56)
FN:579,(anonymous_57)
FN:583,(anonymous_58)
FNF:59
FNH:0
FNDA:0,(anonymous_0)
FNDA:0,(anonymous_1)
FNDA:0,(anonymous_2)
FNDA:0,(anonymous_3)
FNDA:0,(anonymous_4)
FNDA:0,(anonymous_5)
FNDA:0,(anonymous_6)
FNDA:0,(anonymous_7)
FNDA:0,(anonymous_8)
FNDA:0,(anonymous_9)
FNDA:0,(anonymous_10)
FNDA:0,(anonymous_11)
FNDA:0,(anonymous_12)
FNDA:0,(anonymous_13)
FNDA:0,(anonymous_14)
FNDA:0,(anonymous_15)
FNDA:0,(anonymous_16)
FNDA:0,(anonymous_17)
FNDA:0,(anonymous_18)
FNDA:0,(anonymous_19)
FNDA:0,(anonymous_20)
FNDA:0,(anonymous_21)
FNDA:0,(anonymous_22)
FNDA:0,(anonymous_23)
FNDA:0,(anonymous_24)
FNDA:0,(anonymous_25)
FNDA:0,(anonymous_26)
FNDA:0,(anonymous_27)
FNDA:0,(anonymous_28)
FNDA:0,(anonymous_29)
FNDA:0,(anonymous_30)
FNDA:0,(anonymous_31)
FNDA:0,(anonymous_32)
FNDA:0,(anonymous_33)
FNDA:0,(anonymous_34)
FNDA:0,(anonymous_35)
FNDA:0,(anonymous_36)
FNDA:0,(anonymous_37)
FNDA:0,(anonymous_38)
FNDA:0,(anonymous_39)
FNDA:0,(anonymous_40)
FNDA:0,(anonymous_41)
FNDA:0,(anonymous_42)
FNDA:0,(anonymous_43)
FNDA:0,(anonymous_44)
FNDA:0,(anonymous_45)
FNDA:0,(anonymous_46)
FNDA:0,(anonymous_47)
FNDA:0,(anonymous_48)
FNDA:0,(anonymous_49)
FNDA:0,(anonymous_50)
FNDA:0,(anonymous_51)
FNDA:0,(anonymous_52)
FNDA:0,(anonymous_53)
FNDA:0,(anonymous_54)
FNDA:0,(anonymous_55)
FNDA:0,(anonymous_56)
FNDA:0,(anonymous_57)
FNDA:0,(anonymous_58)
DA:2,0
DA:3,0
DA:4,0
DA:5,0
DA:6,0
DA:10,0
DA:11,0
DA:12,0
DA:14,0
DA:15,0
DA:20,0
DA:21,0
DA:23,0
DA:24,0
DA:25,0
DA:29,0
DA:30,0
DA:31,0
DA:39,0
DA:43,0
DA:45,0
DA:47,0
DA:48,0
DA:51,0
DA:53,0
DA:57,0
DA:59,0
DA:60,0
DA:70,0
DA:74,0
DA:75,0
DA:85,0
DA:89,0
DA:90,0
DA:91,0
DA:94,0
DA:101,0
DA:102,0
DA:105,0
DA:109,0
DA:110,0
DA:111,0
DA:114,0
DA:115,0
DA:126,0
DA:127,0
DA:130,0
DA:134,0
DA:135,0
DA:136,0
DA:139,0
DA:140,0
DA:151,0
DA:152,0
DA:155,0
DA:159,0
DA:160,0
DA:170,0
DA:174,0
DA:175,0
DA:176,0
DA:187,0
DA:190,0
DA:191,0
DA:198,0
DA:200,0
DA:201,0
DA:204,0
DA:206,0
DA:207,0
DA:213,0
DA:215,0
DA:217,0
DA:218,0
DA:221,0
DA:225,0
DA:226,0
DA:227,0
DA:230,0
DA:237,0
DA:238,0
DA:241,0
DA:245,0
DA:246,0
DA:247,0
DA:250,0
DA:251,0
DA:263,0
DA:264,0
DA:267,0
DA:271,0
DA:272,0
DA:273,0
DA:276,0
DA:277,0
DA:289,0
DA:290,0
DA:293,0
DA:297,0
DA:298,0
DA:299,0
DA:302,0
DA:309,0
DA:310,0
DA:313,0
DA:318,0
DA:320,0
DA:321,0
DA:323,0
DA:326,0
DA:330,0
DA:331,0
DA:333,0
DA:336,0
DA:341,0
DA:343,0
DA:344,0
DA:346,0
DA:347,0
DA:358,0
DA:362,0
DA:363,0
DA:365,0
DA:368,0
DA:372,0
DA:373,0
DA:375,0
DA:376,0
DA:387,0
DA:392,0
DA:394,0
DA:395,0
DA:397,0
DA:400,0
DA:404,0
DA:405,0
DA:407,0
DA:408,0
DA:419,0
DA:424,0
DA:426,0
DA:427,0
DA:429,0
DA:433,0
DA:434,0
DA:437,0
DA:441,0
DA:442,0
DA:444,0
DA:445,0
DA:457,0
DA:458,0
DA:461,0
DA:465,0
DA:466,0
DA:468,0
DA:469,0
DA:481,0
DA:482,0
DA:485,0
DA:490,0
DA:492,0
DA:493,0
DA:494,0
DA:497,0
DA:498,0
DA:510,0
DA:511,0
DA:514,0
DA:518,0
DA:519,0
DA:520,0
DA:523,0
DA:524,0
DA:541,0
DA:542,0
DA:545,0
DA:550,0
DA:552,0
DA:556,0
DA:560,0
DA:564,0
DA:568,0
DA:572,0
DA:576,0
DA:580,0
DA:584,0
LF:187
LH:0
BRDA:4,0,0,0
BRDA:4,0,1,0
BRDA:11,1,0,0
BRDA:11,1,1,0
BRDA:29,2,0,0
BRDA:29,2,1,0
BRDA:43,3,0,0
BRDA:43,3,1,0
BRDA:90,4,0,0
BRDA:90,4,1,0
BRDA:101,5,0,0
BRDA:101,5,1,0
BRDA:110,6,0,0
BRDA:110,6,1,0
BRDA:126,7,0,0
BRDA:126,7,1,0
BRDA:135,8,0,0
BRDA:135,8,1,0
BRDA:151,9,0,0
BRDA:151,9,1,0
BRDA:200,10,0,0
BRDA:200,10,1,0
BRDA:201,11,0,0
BRDA:201,11,1,0
BRDA:217,12,0,0
BRDA:217,12,1,0
BRDA:226,13,0,0
BRDA:226,13,1,0
BRDA:237,14,0,0
BRDA:237,14,1,0
BRDA:246,15,0,0
BRDA:246,15,1,0
BRDA:263,16,0,0
BRDA:263,16,1,0
BRDA:272,17,0,0
BRDA:272,17,1,0
BRDA:289,18,0,0
BRDA:289,18,1,0
BRDA:298,19,0,0
BRDA:298,19,1,0
BRDA:309,20,0,0
BRDA:309,20,1,0
BRDA:321,21,0,0
BRDA:321,21,1,0
BRDA:331,22,0,0
BRDA:331,22,1,0
BRDA:344,23,0,0
BRDA:344,23,1,0
BRDA:363,24,0,0
BRDA:363,24,1,0
BRDA:373,25,0,0
BRDA:373,25,1,0
BRDA:395,26,0,0
BRDA:395,26,1,0
BRDA:405,27,0,0
BRDA:405,27,1,0
BRDA:427,28,0,0
BRDA:427,28,1,0
BRDA:433,29,0,0
BRDA:433,29,1,0
BRDA:442,30,0,0
BRDA:442,30,1,0
BRDA:457,31,0,0
BRDA:457,31,1,0
BRDA:466,32,0,0
BRDA:466,32,1,0
BRDA:481,33,0,0
BRDA:481,33,1,0
BRDA:491,34,0,0
BRDA:493,35,0,0
BRDA:493,35,1,0
BRDA:510,36,0,0
BRDA:510,36,1,0
BRDA:519,37,0,0
BRDA:519,37,1,0
BRDA:537,38,0,0
BRDA:537,38,1,0
BRDA:541,39,0,0
BRDA:541,39,1,0
BRF:79
BRH:0
end_of_record
TN:
SF:src\app\config\constants.js
FN:13,(anonymous_0)
FN:145,(anonymous_1)
FNF:2
FNH:0
FNDA:0,(anonymous_0)
FNDA:0,(anonymous_1)
DA:2,0
DA:3,0
DA:4,0
DA:6,0
DA:10,0
DA:13,0
DA:14,0
DA:17,0
DA:19,0
DA:21,0
DA:22,0
DA:26,0
DA:28,0
DA:29,0
DA:30,0
DA:32,0
DA:34,0
DA:36,0
DA:43,0
DA:45,0
DA:49,0
DA:51,0
DA:52,0
DA:56,0
DA:59,0
DA:85,0
DA:93,0
DA:120,0
DA:129,0
DA:145,0
DA:146,0
DA:147,0
DA:148,0
DA:150,0
DA:152,0
DA:156,0
DA:182,0
DA:189,0
DA:201,0
DA:232,0
DA:240,0
DA:253,0
LF:42
LH:0
BRDA:17,0,0,0
BRDA:17,0,1,0
BRDA:17,0,2,0
BRDA:17,0,3,0
BRDA:19,1,0,0
BRDA:19,1,1,0
BRDA:30,2,0,0
BRDA:30,2,1,0
BRDA:34,3,0,0
BRDA:34,3,1,0
BRDA:43,4,0,0
BRDA:43,4,1,0
BRDA:43,5,0,0
BRDA:43,5,1,0
BRDA:122,6,0,0
BRDA:122,6,1,0
BRF:16
BRH:0
end_of_record
TN:
SF:src\app\config\firebase.js
FNF:0
FNH:0
DA:6,0
DA:16,0
DA:19,0
DA:20,0
DA:22,0
LF:5
LH:0
BRDA:19,0,0,0
BRDA:19,0,1,0
BRF:2
BRH:0
end_of_record
TN:
SF:src\app\navigation\AppNavigator.js
FN:48,(anonymous_0)
FN:55,(anonymous_1)
FN:56,(anonymous_2)
FNF:3
FNH:0
FNDA:0,(anonymous_0)
FNDA:0,(anonymous_1)
FNDA:0,(anonymous_2)
DA:46,0
DA:48,0
DA:49,0
DA:50,0
DA:51,0
DA:52,0
DA:53,0
DA:55,0
DA:56,0
DA:57,0
DA:58,0
DA:59,0
DA:61,0
DA:62,0
DA:64,0
DA:68,0
DA:71,0
DA:72,0
DA:79,0
LF:19
LH:0
BRDA:71,0,0,0
BRDA:71,0,1,0
BRDA:71,1,0,0
BRDA:71,1,1,0
BRDA:84,2,0,0
BRDA:84,2,1,0
BRDA:87,3,0,0
BRDA:87,3,1,0
BRDA:89,4,0,0
BRDA:89,4,1,0
BRDA:89,5,0,0
BRDA:89,5,1,0
BRDA:90,6,0,0
BRDA:90,6,1,0
BRF:14
BRH:0
end_of_record
TN:
SF:src\components\BookingDetailsModal.js
FN:7,(anonymous_0)
FN:55,BookingDetailsModal
FN:98,(anonymous_2)
FN:237,(anonymous_3)
FN:270,(anonymous_4)
FN:322,(anonymous_5)
FN:334,(anonymous_6)
FN:347,(anonymous_7)
FNF:8
FNH:0
FNDA:0,(anonymous_0)
FNDA:0,BookingDetailsModal
FNDA:0,(anonymous_2)
FNDA:0,(anonymous_3)
FNDA:0,(anonymous_4)
FNDA:0,(anonymous_5)
FNDA:0,(anonymous_6)
FNDA:0,(anonymous_7)
DA:7,0
DA:8,0
DA:39,0
DA:64,0
DA:66,0
DA:98,0
DA:99,0
DA:101,0
DA:103,0
DA:105,0
DA:107,0
DA:109,0
DA:113,0
DA:115,0
DA:238,0
DA:271,0
DA:323,0
DA:324,0
DA:335,0
DA:336,0
DA:348,0
DA:349,0
DA:362,0
DA:400,0
DA:404,0
LF:25
LH:0
BRDA:39,0,0,0
BRDA:39,0,1,0
BRDA:64,1,0,0
BRDA:64,1,1,0
BRDA:64,2,0,0
BRDA:64,2,1,0
BRDA:68,3,0,0
BRDA:68,3,1,0
BRDA:69,4,0,0
BRDA:69,4,1,0
BRDA:70,5,0,0
BRDA:70,5,1,0
BRDA:71,6,0,0
BRDA:71,6,1,0
BRDA:72,7,0,0
BRDA:72,7,1,0
BRDA:73,8,0,0
BRDA:73,8,1,0
BRDA:74,9,0,0
BRDA:74,9,1,0
BRDA:75,10,0,0
BRDA:75,10,1,0
BRDA:91,11,0,0
BRDA:91,11,1,0
BRDA:99,12,0,0
BRDA:99,12,1,0
BRDA:99,12,2,0
BRDA:99,12,3,0
BRDA:99,12,4,0
BRDA:192,13,0,0
BRDA:192,13,1,0
BRDA:210,14,0,0
BRDA:210,14,1,0
BRDA:253,15,0,0
BRDA:253,15,1,0
BRDA:253,15,2,0
BRDA:280,16,0,0
BRDA:280,16,1,0
BRDA:332,17,0,0
BRDA:332,17,1,0
BRDA:345,18,0,0
BRDA:345,18,1,0
BRDA:345,18,2,0
BRF:43
BRH:0
end_of_record
TN:
SF:src\components\ChatInterface.js
FN:21,(anonymous_0)
FN:40,(anonymous_1)
FN:41,(anonymous_2)
FN:52,(anonymous_3)
FN:54,(anonymous_4)
FN:62,(anonymous_5)
FN:77,(anonymous_6)
FN:131,(anonymous_7)
FN:134,(anonymous_8)
FN:137,(anonymous_9)
FNF:10
FNH:0
FNDA:0,(anonymous_0)
FNDA:0,(anonymous_1)
FNDA:0,(anonymous_2)
FNDA:0,(anonymous_3)
FNDA:0,(anonymous_4)
FNDA:0,(anonymous_5)
FNDA:0,(anonymous_6)
FNDA:0,(anonymous_7)
FNDA:0,(anonymous_8)
FNDA:0,(anonymous_9)
DA:21,0
DA:22,0
DA:23,0
DA:24,0
DA:32,0
DA:34,0
DA:35,0
DA:36,0
DA:40,0
DA:41,0
DA:42,0
DA:43,0
DA:46,0
DA:52,0
DA:53,0
DA:54,0
DA:55,0
DA:62,0
DA:63,0
DA:65,0
DA:66,0
DA:67,0
DA:68,0
DA:70,0
DA:73,0
DA:77,0
DA:78,0
DA:79,0
DA:81,0
DA:104,0
DA:105,0
DA:106,0
DA:113,0
DA:114,0
DA:115,0
DA:122,0
DA:131,0
DA:135,0
DA:137,0
DA:172,0
LF:40
LH:0
BRDA:22,0,0,0
BRDA:22,0,1,0
BRDA:42,1,0,0
BRDA:42,1,1,0
BRDA:53,2,0,0
BRDA:53,2,1,0
BRDA:53,3,0,0
BRDA:53,3,1,0
BRDA:63,4,0,0
BRDA:63,4,1,0
BRDA:63,5,0,0
BRDA:63,5,1,0
BRDA:79,6,0,0
BRDA:79,6,1,0
BRDA:85,7,0,0
BRDA:85,7,1,0
BRDA:88,8,0,0
BRDA:88,8,1,0
BRDA:88,8,2,0
BRDA:104,9,0,0
BRDA:104,9,1,0
BRDA:105,10,0,0
BRDA:105,10,1,0
BRDA:114,11,0,0
BRDA:114,11,1,0
BRDA:125,12,0,0
BRDA:125,12,1,0
BRDA:126,13,0,0
BRDA:126,13,1,0
BRDA:159,14,0,0
BRDA:159,14,1,0
BRDA:161,15,0,0
BRDA:161,15,1,0
BRF:33
BRH:0
end_of_record
TN:
SF:src\components\DataManagement.js
FN:6,DataManagement
FN:18,(anonymous_1)
FN:42,(anonymous_2)
FN:51,(anonymous_3)
FN:64,(anonymous_4)
FN:77,(anonymous_5)
FN:83,(anonymous_6)
FN:96,(anonymous_7)
FN:103,(anonymous_8)
FN:129,(anonymous_9)
FN:141,(anonymous_10)
FN:156,(anonymous_11)
FN:165,(anonymous_12)
FNF:13
FNH:0
FNDA:0,DataManagement
FNDA:0,(anonymous_1)
FNDA:0,(anonymous_2)
FNDA:0,(anonymous_3)
FNDA:0,(anonymous_4)
FNDA:0,(anonymous_5)
FNDA:0,(anonymous_6)
FNDA:0,(anonymous_7)
FNDA:0,(anonymous_8)
FNDA:0,(anonymous_9)
FNDA:0,(anonymous_10)
FNDA:0,(anonymous_11)
FNDA:0,(anonymous_12)
DA:7,0
DA:8,0
DA:9,0
DA:11,0
DA:18,0
DA:19,0
DA:20,0
DA:22,0
DA:24,0
DA:25,0
DA:26,0
DA:30,0
DA:31,0
DA:32,0
DA:35,0
DA:36,0
DA:38,0
DA:42,0
DA:43,0
DA:52,0
DA:54,0
DA:56,0
DA:64,0
DA:65,0
DA:83,0
DA:91,0
DA:97,0
DA:104,0
DA:105,0
DA:130,0
DA:142,0
DA:143,0
DA:144,0
DA:146,0
DA:157,0
DA:166,0
DA:167,0
DA:168,0
DA:170,0
DA:187,0
LF:40
LH:0
BRDA:22,0,0,0
BRDA:22,0,1,0
BRDA:22,0,2,0
BRDA:22,0,3,0
BRDA:31,1,0,0
BRDA:31,1,1,0
BRDA:68,2,0,0
BRDA:68,2,1,0
BRDA:68,2,2,0
BRDA:68,2,3,0
BRDA:71,3,0,0
BRDA:71,3,1,0
BRDA:71,3,2,0
BRDA:71,3,3,0
BRDA:101,4,0,0
BRDA:101,4,1,0
BRDA:111,5,0,0
BRDA:111,5,1,0
BRDA:116,6,0,0
BRDA:116,6,1,0
BRDA:126,7,0,0
BRDA:126,7,1,0
BRDA:128,8,0,0
BRDA:128,8,1,0
BRDA:130,9,0,0
BRDA:130,9,1,0
BRDA:130,9,2,0
BRF:27
BRH:0
end_of_record
TN:
SF:src\components\DeepLinkHandler.js
FN:6,(anonymous_0)
FN:9,(anonymous_1)
FN:10,(anonymous_2)
FN:48,(anonymous_3)
FNF:4
FNH:0
FNDA:0,(anonymous_0)
FNDA:0,(anonymous_1)
FNDA:0,(anonymous_2)
FNDA:0,(anonymous_3)
DA:6,0
DA:7,0
DA:9,0
DA:10,0
DA:11,0
DA:12,0
DA:15,0
DA:16,0
DA:19,0
DA:20,0
DA:22,0
DA:24,0
DA:25,0
DA:27,0
DA:32,0
DA:33,0
DA:35,0
DA:36,0
DA:38,0
DA:43,0
DA:46,0
DA:48,0
DA:51,0
LF:23
LH:0
BRDA:11,0,0,0
BRDA:11,0,1,0
BRDA:15,1,0,0
BRDA:15,1,1,0
BRDA:15,2,0,0
BRDA:15,2,1,0
BRDA:20,3,0,0
BRDA:20,3,1,0
BRDA:24,4,0,0
BRDA:24,4,1,0
BRDA:32,5,0,0
BRDA:32,5,1,0
BRDA:32,6,0,0
BRDA:32,6,1,0
BRDA:36,7,0,0
BRDA:36,7,1,0
BRF:16
BRH:0
end_of_record
TN:
SF:src\components\GlobalErrorHandler.js
FN:7,(anonymous_0)
FN:12,(anonymous_1)
FN:16,(anonymous_2)
FN:22,(anonymous_3)
FN:26,(anonymous_4)
FNF:5
FNH:0
FNDA:0,(anonymous_0)
FNDA:0,(anonymous_1)
FNDA:0,(anonymous_2)
FNDA:0,(anonymous_3)
FNDA:0,(anonymous_4)
DA:8,0
DA:9,0
DA:13,0
DA:18,0
DA:19,0
DA:22,0
DA:23,0
DA:27,0
DA:28,0
DA:41,0
DA:45,0
LF:11
LH:0
BRDA:27,0,0,0
BRDA:27,0,1,0
BRF:2
BRH:0
end_of_record
TN:
SF:src\components\InformationRequests.js
FN:6,InformationRequests
FN:12,(anonymous_1)
FN:16,(anonymous_2)
FN:33,(anonymous_3)
FN:43,(anonymous_4)
FN:54,(anonymous_5)
FN:63,(anonymous_6)
FN:69,(anonymous_7)
FN:93,(anonymous_8)
FN:101,(anonymous_9)
FN:114,(anonymous_10)
FN:115,(anonymous_11)
FNF:12
FNH:0
FNDA:0,InformationRequests
FNDA:0,(anonymous_1)
FNDA:0,(anonymous_2)
FNDA:0,(anonymous_3)
FNDA:0,(anonymous_4)
FNDA:0,(anonymous_5)
FNDA:0,(anonymous_6)
FNDA:0,(anonymous_7)
FNDA:0,(anonymous_8)
FNDA:0,(anonymous_9)
FNDA:0,(anonymous_10)
FNDA:0,(anonymous_11)
DA:7,0
DA:8,0
DA:9,0
DA:10,0
DA:12,0
DA:13,0
DA:16,0
DA:17,0
DA:18,0
DA:19,0
DA:20,0
DA:21,0
DA:23,0
DA:24,0
DA:27,0
DA:29,0
DA:33,0
DA:34,0
DA:35,0
DA:36,0
DA:37,0
DA:39,0
DA:43,0
DA:44,0
DA:55,0
DA:63,0
DA:69,0
DA:86,0
DA:93,0
DA:101,0
DA:114,0
DA:115,0
DA:127,0
LF:33
LH:0
BRDA:19,0,0,0
BRDA:19,0,1,0
BRDA:21,1,0,0
BRDA:21,1,1,0
BRDA:24,2,0,0
BRDA:24,2,1,0
BRDA:33,3,0,0
BRDA:36,4,0,0
BRDA:36,4,1,0
BRDA:59,5,0,0
BRDA:59,5,1,0
BRDA:59,5,2,0
BRDA:76,6,0,0
BRDA:76,6,1,0
BRDA:78,7,0,0
BRDA:78,7,1,0
BRDA:92,8,0,0
BRDA:92,8,1,0
BRDA:95,9,0,0
BRDA:95,9,1,0
BRDA:100,10,0,0
BRDA:100,10,1,0
BRDA:103,11,0,0
BRDA:103,11,1,0
BRDA:110,12,0,0
BRDA:110,12,1,0
BRDA:114,13,0,0
BRDA:114,13,1,0
BRDA:115,14,0,0
BRDA:115,14,1,0
BRDA:116,15,0,0
BRDA:116,15,1,0
BRDA:116,15,2,0
BRDA:116,15,3,0
BRDA:116,15,4,0
BRF:35
BRH:0
end_of_record
TN:
SF:src\components\KeyboardAvoidingWrapper.js
FN:9,(anonymous_0)
FNF:1
FNH:0
FNDA:0,(anonymous_0)
DA:9,0
DA:17,0
DA:23,0
DA:29,0
DA:31,0
DA:40,0
DA:41,0
DA:48,0
DA:61,0
LF:9
LH:0
BRDA:12,0,0,0
BRDA:13,1,0,0
BRDA:24,2,0,0
BRDA:24,2,1,0
BRDA:25,3,0,0
BRDA:25,3,1,0
BRDA:29,4,0,0
BRDA:29,4,1,0
BRDA:31,5,0,0
BRDA:31,5,1,0
BRDA:40,6,0,0
BRDA:40,6,1,0
BRDA:41,7,0,0
BRDA:41,7,1,0
BRDA:51,8,0,0
BRDA:51,8,1,0
BRF:16
BRH:0
end_of_record
TN:
SF:src\components\LoadingSpinner.js
FN:7,(anonymous_0)
FNF:1
FNH:0
FNDA:0,(anonymous_0)
DA:7,0
DA:13,0
DA:15,0
DA:23,0
LF:4
LH:0
BRDA:8,0,0,0
BRDA:9,1,0,0
BRDA:10,2,0,0
BRDA:11,3,0,0
BRDA:13,4,0,0
BRDA:13,4,1,0
BRDA:18,5,0,0
BRDA:18,5,1,0
BRF:8
BRH:0
end_of_record
TN:
SF:src\components\MessagesTab.js
FN:13,(anonymous_0)
FN:17,(anonymous_1)
FN:29,(anonymous_2)
FN:33,(anonymous_3)
FN:38,(anonymous_4)
FN:54,(anonymous_5)
FN:63,(anonymous_6)
FN:66,(anonymous_7)
FN:92,(anonymous_8)
FN:108,(anonymous_9)
FNF:10
FNH:0
FNDA:0,(anonymous_0)
FNDA:0,(anonymous_1)
FNDA:0,(anonymous_2)
FNDA:0,(anonymous_3)
FNDA:0,(anonymous_4)
FNDA:0,(anonymous_5)
FNDA:0,(anonymous_6)
FNDA:0,(anonymous_7)
FNDA:0,(anonymous_8)
FNDA:0,(anonymous_9)
DA:13,0
DA:14,0
DA:15,0
DA:17,0
DA:18,0
DA:19,0
DA:20,0
DA:21,0
DA:23,0
DA:25,0
DA:29,0
DA:30,0
DA:33,0
DA:34,0
DA:35,0
DA:38,0
DA:39,0
DA:40,0
DA:41,0
DA:42,0
DA:43,0
DA:45,0
DA:46,0
DA:47,0
DA:48,0
DA:50,0
DA:54,0
DA:55,0
DA:63,0
DA:64,0
DA:66,0
DA:92,0
DA:93,0
DA:102,0
DA:108,0
DA:125,0
LF:36
LH:0
BRDA:35,0,0,0
BRDA:35,0,1,0
BRDA:45,1,0,0
BRDA:45,1,1,0
BRDA:47,2,0,0
BRDA:47,2,1,0
BRDA:82,3,0,0
BRDA:82,3,1,0
BRDA:111,4,0,0
BRDA:111,4,1,0
BRDA:119,5,0,0
BRDA:119,5,1,0
BRF:12
BRH:0
end_of_record
TN:
SF:src\components\NetworkStatus.js
FN:6,(anonymous_0)
FN:11,(anonymous_1)
FN:16,(anonymous_2)
FN:41,(anonymous_3)
FN:48,(anonymous_4)
FN:51,(anonymous_5)
FN:59,(anonymous_6)
FNF:7
FNH:0
FNDA:0,(anonymous_0)
FNDA:0,(anonymous_1)
FNDA:0,(anonymous_2)
FNDA:0,(anonymous_3)
FNDA:0,(anonymous_4)
FNDA:0,(anonymous_5)
FNDA:0,(anonymous_6)
DA:6,0
DA:7,0
DA:8,0
DA:9,0
DA:11,0
DA:12,0
DA:13,0
DA:15,0
DA:16,0
DA:18,0
DA:23,0
DA:25,0
DA:26,0
DA:27,0
DA:29,0
DA:30,0
DA:33,0
DA:34,0
DA:35,0
DA:37,0
DA:41,0
DA:43,0
DA:46,0
DA:48,0
DA:51,0
DA:52,0
DA:53,0
DA:56,0
DA:59,0
DA:77,0
LF:30
LH:0
BRDA:25,0,0,0
BRDA:25,0,1,0
BRDA:63,1,0,0
BRDA:63,1,1,0
BRF:4
BRH:0
end_of_record
TN:
SF:src\components\NotificationSettings.js
FN:6,NotificationSettings
FN:21,(anonymous_1)
FN:39,(anonymous_2)
FN:40,(anonymous_3)
FN:46,(anonymous_4)
FN:47,(anonymous_5)
FN:56,(anonymous_6)
FN:88,(anonymous_7)
FN:100,(anonymous_8)
FN:112,(anonymous_9)
FN:119,(anonymous_10)
FN:127,(anonymous_11)
FN:140,(anonymous_12)
FNF:13
FNH:0
FNDA:0,NotificationSettings
FNDA:0,(anonymous_1)
FNDA:0,(anonymous_2)
FNDA:0,(anonymous_3)
FNDA:0,(anonymous_4)
FNDA:0,(anonymous_5)
FNDA:0,(anonymous_6)
FNDA:0,(anonymous_7)
FNDA:0,(anonymous_8)
FNDA:0,(anonymous_9)
FNDA:0,(anonymous_10)
FNDA:0,(anonymous_11)
FNDA:0,(anonymous_12)
DA:7,0
DA:21,0
DA:22,0
DA:23,0
DA:39,0
DA:40,0
DA:46,0
DA:47,0
DA:56,0
DA:57,0
DA:60,0
DA:66,0
DA:67,0
DA:75,0
DA:88,0
DA:100,0
DA:112,0
DA:120,0
DA:127,0
DA:140,0
DA:160,0
LF:21
LH:0
BRDA:22,0,0,0
BRDA:22,0,1,0
BRDA:22,1,0,0
BRDA:22,1,1,0
BRDA:24,2,0,0
BRDA:24,2,1,0
BRDA:25,3,0,0
BRDA:25,3,1,0
BRDA:26,4,0,0
BRDA:26,4,1,0
BRDA:27,5,0,0
BRDA:27,5,1,0
BRDA:28,6,0,0
BRDA:28,6,1,0
BRDA:29,7,0,0
BRDA:29,7,1,0
BRDA:30,8,0,0
BRDA:30,8,1,0
BRDA:66,9,0,0
BRDA:66,9,1,0
BRDA:87,10,0,0
BRDA:87,10,1,0
BRDA:99,11,0,0
BRDA:99,11,1,0
BRDA:111,12,0,0
BRDA:111,12,1,0
BRDA:126,13,0,0
BRDA:126,13,1,0
BRDA:139,14,0,0
BRDA:139,14,1,0
BRDA:149,15,0,0
BRDA:149,15,1,0
BRDA:152,16,0,0
BRDA:152,16,1,0
BRF:34
BRH:0
end_of_record
TN:
SF:src\components\PaymentSettings.js
FN:6,PaymentSettings
FN:14,(anonymous_1)
FN:25,(anonymous_2)
FN:26,(anonymous_3)
FN:32,(anonymous_4)
FN:60,(anonymous_5)
FN:66,(anonymous_6)
FN:74,(anonymous_7)
FNF:8
FNH:0
FNDA:0,PaymentSettings
FNDA:0,(anonymous_1)
FNDA:0,(anonymous_2)
FNDA:0,(anonymous_3)
FNDA:0,(anonymous_4)
FNDA:0,(anonymous_5)
FNDA:0,(anonymous_6)
FNDA:0,(anonymous_7)
DA:7,0
DA:14,0
DA:15,0
DA:16,0
DA:25,0
DA:26,0
DA:32,0
DA:33,0
DA:36,0
DA:42,0
DA:43,0
DA:51,0
DA:60,0
DA:67,0
DA:74,0
DA:93,0
LF:16
LH:0
BRDA:15,0,0,0
BRDA:15,0,1,0
BRDA:15,1,0,0
BRDA:15,1,1,0
BRDA:17,2,0,0
BRDA:17,2,1,0
BRDA:18,3,0,0
BRDA:18,3,1,0
BRDA:19,4,0,0
BRDA:19,4,1,0
BRDA:20,5,0,0
BRDA:20,5,1,0
BRDA:42,6,0,0
BRDA:42,6,1,0
BRDA:58,7,0,0
BRDA:58,7,1,0
BRDA:59,8,0,0
BRDA:59,8,1,0
BRDA:73,9,0,0
BRDA:73,9,1,0
BRDA:84,10,0,0
BRDA:84,10,1,0
BRDA:87,11,0,0
BRDA:87,11,1,0
BRF:24
BRH:0
end_of_record
TN:
SF:src\components\PesoSign.js
FN:4,(anonymous_0)
FNF:1
FNH:0
FNDA:0,(anonymous_0)
DA:4,0
DA:5,0
LF:2
LH:0
BRDA:4,0,0,0
BRDA:4,1,0,0
BRF:2
BRH:0
end_of_record
TN:
SF:src\components\PlaceholderImage.js
FN:5,(anonymous_0)
FNF:1
FNH:0
FNDA:0,(anonymous_0)
DA:5,0
DA:6,0
DA:19,0
LF:3
LH:0
BRDA:5,0,0,0
BRDA:5,1,0,0
BRDA:5,2,0,0
BRF:3
BRH:0
end_of_record
TN:
SF:src\components\PrivacySettings.js
FN:5,PrivacySettings
FN:14,(anonymous_1)
FN:26,(anonymous_2)
FN:27,(anonymous_3)
FN:33,(anonymous_4)
FN:59,(anonymous_5)
FN:67,(anonymous_6)
FNF:7
FNH:0
FNDA:0,PrivacySettings
FNDA:0,(anonymous_1)
FNDA:0,(anonymous_2)
FNDA:0,(anonymous_3)
FNDA:0,(anonymous_4)
FNDA:0,(anonymous_5)
FNDA:0,(anonymous_6)
DA:6,0
DA:14,0
DA:15,0
DA:16,0
DA:26,0
DA:27,0
DA:33,0
DA:34,0
DA:37,0
DA:45,0
DA:46,0
DA:54,0
DA:60,0
DA:67,0
DA:93,0
LF:15
LH:0
BRDA:15,0,0,0
BRDA:15,0,1,0
BRDA:15,1,0,0
BRDA:15,1,1,0
BRDA:17,2,0,0
BRDA:17,2,1,0
BRDA:18,3,0,0
BRDA:18,3,1,0
BRDA:19,4,0,0
BRDA:19,4,1,0
BRDA:20,5,0,0
BRDA:20,5,1,0
BRDA:21,6,0,0
BRDA:21,6,1,0
BRDA:45,7,0,0
BRDA:45,7,1,0
BRDA:66,8,0,0
BRDA:66,8,1,0
BRDA:81,9,0,0
BRDA:81,9,1,0
BRDA:85,10,0,0
BRDA:85,10,1,0
BRF:22
BRH:0
end_of_record
TN:
SF:src\components\ProfileImageDebugger.js
FN:8,(anonymous_0)
FN:14,(anonymous_1)
FN:78,(anonymous_2)
FN:82,(anonymous_3)
FN:87,(anonymous_4)
FN:115,(anonymous_5)
FN:116,(anonymous_6)
FN:117,(anonymous_7)
FNF:8
FNH:0
FNDA:0,(anonymous_0)
FNDA:0,(anonymous_1)
FNDA:0,(anonymous_2)
FNDA:0,(anonymous_3)
FNDA:0,(anonymous_4)
FNDA:0,(anonymous_5)
FNDA:0,(anonymous_6)
FNDA:0,(anonymous_7)
DA:8,0
DA:9,0
DA:10,0
DA:11,0
DA:12,0
DA:14,0
DA:15,0
DA:16,0
DA:17,0
DA:20,0
DA:21,0
DA:23,0
DA:24,0
DA:25,0
DA:26,0
DA:28,0
DA:31,0
DA:32,0
DA:33,0
DA:34,0
DA:36,0
DA:39,0
DA:42,0
DA:45,0
DA:47,0
DA:49,0
DA:51,0
DA:52,0
DA:53,0
DA:54,0
DA:56,0
DA:60,0
DA:61,0
DA:63,0
DA:64,0
DA:66,0
DA:67,0
DA:71,0
DA:72,0
DA:74,0
DA:78,0
DA:79,0
DA:82,0
DA:83,0
DA:84,0
DA:86,0
DA:87,0
DA:91,0
DA:115,0
DA:116,0
DA:117,0
DA:140,0
LF:52
LH:0
BRDA:25,0,0,0
BRDA:25,0,1,0
BRDA:25,0,2,0
BRDA:33,1,0,0
BRDA:33,1,1,0
BRDA:42,2,0,0
BRDA:42,2,1,0
BRDA:42,2,2,0
BRDA:42,2,3,0
BRDA:42,2,4,0
BRDA:42,2,5,0
BRDA:47,3,0,0
BRDA:47,3,1,0
BRDA:51,4,0,0
BRDA:51,4,1,0
BRDA:53,5,0,0
BRDA:53,5,1,0
BRDA:61,6,0,0
BRDA:61,6,1,0
BRDA:83,7,0,0
BRDA:83,7,1,0
BRDA:101,8,0,0
BRDA:101,8,1,0
BRDA:102,9,0,0
BRDA:102,9,1,0
BRDA:104,10,0,0
BRDA:104,10,1,0
BRDA:104,10,2,0
BRDA:105,11,0,0
BRDA:105,11,1,0
BRDA:110,12,0,0
BRDA:110,12,1,0
BRF:32
BRH:0
end_of_record
TN:
SF:src\components\ProfileSettings.js
FN:5,ProfileSettings
FN:13,(anonymous_1)
FN:24,(anonymous_2)
FN:25,(anonymous_3)
FN:31,(anonymous_4)
FN:54,(anonymous_5)
FN:65,(anonymous_6)
FN:78,(anonymous_7)
FN:88,(anonymous_8)
FN:95,(anonymous_9)
FNF:10
FNH:0
FNDA:0,ProfileSettings
FNDA:0,(anonymous_1)
FNDA:0,(anonymous_2)
FNDA:0,(anonymous_3)
FNDA:0,(anonymous_4)
FNDA:0,(anonymous_5)
FNDA:0,(anonymous_6)
FNDA:0,(anonymous_7)
FNDA:0,(anonymous_8)
FNDA:0,(anonymous_9)
DA:6,0
DA:13,0
DA:14,0
DA:15,0
DA:24,0
DA:25,0
DA:31,0
DA:32,0
DA:35,0
DA:36,0
DA:44,0
DA:54,0
DA:65,0
DA:78,0
DA:89,0
DA:95,0
DA:123,0
LF:17
LH:0
BRDA:14,0,0,0
BRDA:14,0,1,0
BRDA:14,1,0,0
BRDA:14,1,1,0
BRDA:16,2,0,0
BRDA:16,2,1,0
BRDA:16,2,2,0
BRDA:17,3,0,0
BRDA:17,3,1,0
BRDA:17,3,2,0
BRDA:18,4,0,0
BRDA:18,4,1,0
BRDA:18,4,2,0
BRDA:19,5,0,0
BRDA:19,5,1,0
BRDA:35,6,0,0
BRDA:35,6,1,0
BRDA:52,7,0,0
BRDA:52,7,1,0
BRDA:53,8,0,0
BRDA:53,8,1,0
BRDA:63,9,0,0
BRDA:63,9,1,0
BRDA:64,10,0,0
BRDA:64,10,1,0
BRDA:76,11,0,0
BRDA:76,11,1,0
BRDA:77,12,0,0
BRDA:77,12,1,0
BRDA:93,13,0,0
BRDA:93,13,1,0
BRDA:100,14,0,0
BRDA:100,14,1,0
BRDA:117,15,0,0
BRDA:117,15,1,0
BRF:35
BRH:0
end_of_record
TN:
SF:src\components\RequestInfoModal.js
FN:6,RequestInfoModal
FN:20,(anonymous_1)
FN:21,(anonymous_2)
FN:23,(anonymous_3)
FN:28,(anonymous_4)
FN:65,(anonymous_5)
FN:72,(anonymous_6)
FNF:7
FNH:0
FNDA:0,RequestInfoModal
FNDA:0,(anonymous_1)
FNDA:0,(anonymous_2)
FNDA:0,(anonymous_3)
FNDA:0,(anonymous_4)
FNDA:0,(anonymous_5)
FNDA:0,(anonymous_6)
DA:7,0
DA:8,0
DA:9,0
DA:11,0
DA:20,0
DA:21,0
DA:22,0
DA:23,0
DA:28,0
DA:29,0
DA:31,0
DA:32,0
DA:33,0
DA:39,0
DA:40,0
DA:41,0
DA:43,0
DA:45,0
DA:49,0
DA:66,0
DA:72,0
DA:121,0
LF:22
LH:0
BRDA:22,0,0,0
BRDA:22,0,1,0
BRDA:29,1,0,0
BRDA:29,1,1,0
BRDA:29,2,0,0
BRDA:29,2,1,0
BRDA:61,3,0,0
BRDA:61,3,1,0
BRDA:70,4,0,0
BRDA:70,4,1,0
BRDA:77,5,0,0
BRDA:77,5,1,0
BRDA:81,6,0,0
BRDA:81,6,1,0
BRDA:85,7,0,0
BRDA:85,7,1,0
BRDA:106,8,0,0
BRDA:106,8,1,0
BRDA:106,8,2,0
BRDA:106,8,3,0
BRDA:109,9,0,0
BRDA:109,9,1,0
BRDA:109,9,2,0
BRDA:112,10,0,0
BRDA:112,10,1,0
BRF:25
BRH:0
end_of_record
TN:
SF:src\components\SettingsModal.js
FN:12,SettingsModal
FN:30,(anonymous_1)
FN:36,(anonymous_2)
FN:74,(anonymous_3)
FN:91,(anonymous_4)
FN:122,(anonymous_5)
FN:167,(anonymous_6)
FN:174,(anonymous_7)
FNF:8
FNH:0
FNDA:0,SettingsModal
FNDA:0,(anonymous_1)
FNDA:0,(anonymous_2)
FNDA:0,(anonymous_3)
FNDA:0,(anonymous_4)
FNDA:0,(anonymous_5)
FNDA:0,(anonymous_6)
FNDA:0,(anonymous_7)
DA:13,0
DA:14,0
DA:15,0
DA:16,0
DA:17,0
DA:18,0
DA:19,0
DA:21,0
DA:30,0
DA:31,0
DA:32,0
DA:36,0
DA:37,0
DA:38,0
DA:39,0
DA:41,0
DA:42,0
DA:43,0
DA:45,0
DA:47,0
DA:48,0
DA:49,0
DA:51,0
DA:53,0
DA:54,0
DA:55,0
DA:57,0
DA:59,0
DA:60,0
DA:61,0
DA:63,0
DA:66,0
DA:68,0
DA:70,0
DA:74,0
DA:75,0
DA:77,0
DA:78,0
DA:80,0
DA:81,0
DA:83,0
DA:84,0
DA:86,0
DA:87,0
DA:91,0
DA:92,0
DA:93,0
DA:95,0
DA:97,0
DA:98,0
DA:99,0
DA:101,0
DA:102,0
DA:103,0
DA:105,0
DA:106,0
DA:107,0
DA:109,0
DA:110,0
DA:111,0
DA:113,0
DA:115,0
DA:116,0
DA:118,0
DA:122,0
DA:123,0
DA:132,0
DA:134,0
DA:136,0
DA:138,0
DA:140,0
DA:142,0
DA:144,0
DA:146,0
DA:150,0
DA:168,0
DA:174,0
DA:202,0
LF:78
LH:0
BRDA:31,0,0,0
BRDA:31,0,1,0
BRDA:39,1,0,0
BRDA:39,1,1,0
BRDA:39,1,2,0
BRDA:39,1,3,0
BRDA:41,2,0,0
BRDA:41,2,1,0
BRDA:47,3,0,0
BRDA:47,3,1,0
BRDA:53,4,0,0
BRDA:53,4,1,0
BRDA:59,5,0,0
BRDA:59,5,1,0
BRDA:75,6,0,0
BRDA:75,6,1,0
BRDA:75,6,2,0
BRDA:75,6,3,0
BRDA:77,7,0,0
BRDA:77,7,1,0
BRDA:77,8,0,0
BRDA:77,8,1,0
BRDA:95,9,0,0
BRDA:95,9,1,0
BRDA:95,9,2,0
BRDA:95,9,3,0
BRDA:132,10,0,0
BRDA:132,10,1,0
BRDA:132,10,2,0
BRDA:132,10,3,0
BRDA:132,10,4,0
BRDA:132,10,5,0
BRDA:132,10,6,0
BRDA:172,11,0,0
BRDA:172,11,1,0
BRDA:179,12,0,0
BRDA:179,12,1,0
BRDA:184,13,0,0
BRDA:184,13,1,0
BRF:39
BRH:0
end_of_record
TN:
SF:src\components\SimpleChat.js
FN:13,(anonymous_0)
FN:16,(anonymous_1)
FN:28,(anonymous_2)
FN:60,(anonymous_3)
FNF:4
FNH:0
FNDA:0,(anonymous_0)
FNDA:0,(anonymous_1)
FNDA:0,(anonymous_2)
FNDA:0,(anonymous_3)
DA:13,0
DA:14,0
DA:16,0
DA:17,0
DA:18,0
DA:24,0
DA:28,0
DA:29,0
DA:31,0
DA:52,0
DA:60,0
DA:86,0
LF:12
LH:0
BRDA:13,0,0,0
BRDA:17,1,0,0
BRDA:17,1,1,0
BRDA:22,2,0,0
BRDA:22,2,1,0
BRDA:34,3,0,0
BRDA:34,3,1,0
BRDA:38,4,0,0
BRDA:38,4,1,0
BRDA:55,5,0,0
BRDA:55,5,1,0
BRF:11
BRH:0
end_of_record
TN:
SF:src\components\Toast.js
FN:4,(anonymous_0)
FN:7,(anonymous_1)
FN:10,(anonymous_2)
FN:11,(anonymous_3)
FN:12,(anonymous_4)
FN:18,(anonymous_5)
FNF:6
FNH:0
FNDA:0,(anonymous_0)
FNDA:0,(anonymous_1)
FNDA:0,(anonymous_2)
FNDA:0,(anonymous_3)
FNDA:0,(anonymous_4)
FNDA:0,(anonymous_5)
DA:4,0
DA:5,0
DA:7,0
DA:9,0
DA:10,0
DA:11,0
DA:12,0
DA:13,0
DA:18,0
DA:21,0
DA:23,0
DA:25,0
DA:34,0
LF:13
LH:0
BRDA:4,0,0,0
BRDA:4,1,0,0
BRDA:9,2,0,0
BRDA:9,2,1,0
BRDA:13,3,0,0
BRDA:13,3,1,0
BRDA:18,4,0,0
BRDA:18,4,1,0
BRDA:21,5,0,0
BRDA:21,5,1,0
BRDA:23,6,0,0
BRDA:23,6,1,0
BRDA:23,7,0,0
BRDA:23,7,1,0
BRF:14
BRH:0
end_of_record
TN:
SF:src\components\ToggleSwitch.js
FN:4,ToggleSwitch
FNF:1
FNH:0
FNDA:0,ToggleSwitch
DA:5,0
LF:1
LH:0
BRDA:4,0,0,0
BRDA:11,1,0,0
BRDA:11,1,1,0
BRF:3
BRH:0
end_of_record
TN:
SF:src\components\CaregiverCard\index.js
FN:22,(anonymous_0)
FN:50,(anonymous_1)
FN:63,(anonymous_2)
FN:80,(anonymous_3)
FN:85,(anonymous_4)
FN:90,(anonymous_5)
FN:94,(anonymous_6)
FN:101,(anonymous_7)
FN:106,(anonymous_8)
FN:113,(anonymous_9)
FN:120,(anonymous_10)
FN:131,(anonymous_11)
FN:142,(anonymous_12)
FN:151,(anonymous_13)
FN:211,(anonymous_14)
FNF:15
FNH:0
FNDA:0,(anonymous_0)
FNDA:0,(anonymous_1)
FNDA:0,(anonymous_2)
FNDA:0,(anonymous_3)
FNDA:0,(anonymous_4)
FNDA:0,(anonymous_5)
FNDA:0,(anonymous_6)
FNDA:0,(anonymous_7)
FNDA:0,(anonymous_8)
FNDA:0,(anonymous_9)
FNDA:0,(anonymous_10)
FNDA:0,(anonymous_11)
FNDA:0,(anonymous_12)
FNDA:0,(anonymous_13)
FNDA:0,(anonymous_14)
DA:22,0
DA:33,0
DA:36,0
DA:39,0
DA:42,0
DA:45,0
DA:50,0
DA:51,0
DA:52,0
DA:53,0
DA:54,0
DA:55,0
DA:56,0
DA:58,0
DA:63,0
DA:64,0
DA:65,0
DA:66,0
DA:67,0
DA:68,0
DA:69,0
DA:70,0
DA:71,0
DA:72,0
DA:74,0
DA:77,0
DA:80,0
DA:81,0
DA:82,0
DA:85,0
DA:86,0
DA:87,0
DA:90,0
DA:91,0
DA:94,0
DA:95,0
DA:106,0
DA:113,0
DA:114,0
DA:120,0
DA:121,0
DA:131,0
DA:132,0
DA:142,0
DA:143,0
DA:151,0
DA:152,0
DA:165,0
DA:166,0
DA:183,0
DA:212,0
DA:224,0
DA:235,0
LF:53
LH:0
BRDA:23,0,0,0
BRDA:24,1,0,0
BRDA:29,2,0,0
BRDA:42,3,0,0
BRDA:42,3,1,0
BRDA:45,4,0,0
BRDA:45,4,1,0
BRDA:47,5,0,0
BRDA:47,5,1,0
BRDA:52,6,0,0
BRDA:52,6,1,0
BRDA:52,6,2,0
BRDA:52,6,3,0
BRDA:53,7,0,0
BRDA:53,7,1,0
BRDA:54,8,0,0
BRDA:54,8,1,0
BRDA:54,9,0,0
BRDA:54,9,1,0
BRDA:55,10,0,0
BRDA:55,10,1,0
BRDA:56,11,0,0
BRDA:56,11,1,0
BRDA:58,12,0,0
BRDA:58,12,1,0
BRDA:64,13,0,0
BRDA:64,13,1,0
BRDA:65,14,0,0
BRDA:65,14,1,0
BRDA:66,15,0,0
BRDA:66,15,1,0
BRDA:67,16,0,0
BRDA:67,16,1,0
BRDA:67,17,0,0
BRDA:67,17,1,0
BRDA:68,18,0,0
BRDA:68,18,1,0
BRDA:69,19,0,0
BRDA:69,19,1,0
BRDA:70,20,0,0
BRDA:70,20,1,0
BRDA:81,21,0,0
BRDA:81,21,1,0
BRDA:82,22,0,0
BRDA:82,22,1,0
BRDA:86,23,0,0
BRDA:86,23,1,0
BRDA:87,24,0,0
BRDA:87,24,1,0
BRDA:96,25,0,0
BRDA:96,25,1,0
BRDA:96,26,0,0
BRDA:96,26,1,0
BRDA:121,27,0,0
BRDA:121,27,1,0
BRDA:125,28,0,0
BRDA:125,28,1,0
BRDA:132,29,0,0
BRDA:132,29,1,0
BRDA:143,30,0,0
BRDA:143,30,1,0
BRDA:153,31,0,0
BRDA:153,31,1,0
BRDA:165,32,0,0
BRDA:165,32,1,0
BRDA:201,33,0,0
BRDA:201,33,1,0
BRDA:201,33,2,0
BRDA:209,34,0,0
BRDA:209,34,1,0
BRDA:209,34,2,0
BRDA:209,34,3,0
BRF:72
BRH:0
end_of_record
TN:
SF:src\components\DateTimePicker\index.js
FN:13,(anonymous_0)
FN:30,(anonymous_1)
FN:69,(anonymous_2)
FN:80,(anonymous_3)
FN:93,(anonymous_4)
FN:98,(anonymous_5)
FN:103,(anonymous_6)
FN:154,(anonymous_7)
FNF:8
FNH:0
FNDA:0,(anonymous_0)
FNDA:0,(anonymous_1)
FNDA:0,(anonymous_2)
FNDA:0,(anonymous_3)
FNDA:0,(anonymous_4)
FNDA:0,(anonymous_5)
FNDA:0,(anonymous_6)
FNDA:0,(anonymous_7)
DA:13,0
DA:27,0
DA:28,0
DA:30,0
DA:31,0
DA:33,0
DA:35,0
DA:37,0
DA:43,0
DA:50,0
DA:53,0
DA:59,0
DA:65,0
DA:69,0
DA:70,0
DA:72,0
DA:74,0
DA:76,0
DA:80,0
DA:81,0
DA:82,0
DA:85,0
DA:86,0
DA:87,0
DA:88,0
DA:93,0
DA:94,0
DA:95,0
DA:98,0
DA:99,0
DA:100,0
DA:103,0
DA:104,0
DA:140,0
DA:154,0
LF:35
LH:0
BRDA:15,0,0,0
BRDA:22,1,0,0
BRDA:25,2,0,0
BRDA:28,3,0,0
BRDA:28,3,1,0
BRDA:31,4,0,0
BRDA:31,4,1,0
BRDA:31,5,0,0
BRDA:31,5,1,0
BRDA:33,6,0,0
BRDA:33,6,1,0
BRDA:33,6,2,0
BRDA:33,6,3,0
BRDA:35,7,0,0
BRDA:35,7,1,0
BRDA:35,7,2,0
BRDA:70,8,0,0
BRDA:70,8,1,0
BRDA:70,8,2,0
BRDA:81,9,0,0
BRDA:81,9,1,0
BRDA:85,10,0,0
BRDA:85,10,1,0
BRDA:87,11,0,0
BRDA:87,11,1,0
BRDA:99,12,0,0
BRDA:99,12,1,0
BRDA:117,13,0,0
BRDA:117,13,1,0
BRDA:118,14,0,0
BRDA:118,14,1,0
BRDA:142,15,0,0
BRDA:142,15,1,0
BRDA:143,16,0,0
BRDA:143,16,1,0
BRDA:151,17,0,0
BRDA:151,17,1,0
BRDA:152,18,0,0
BRDA:152,18,1,0
BRDA:154,19,0,0
BRDA:154,19,1,0
BRDA:159,20,0,0
BRDA:159,20,1,0
BRDA:160,21,0,0
BRDA:160,21,1,0
BRDA:169,22,0,0
BRDA:169,22,1,0
BRDA:169,23,0,0
BRDA:169,23,1,0
BRDA:173,24,0,0
BRDA:173,24,1,0
BRDA:177,25,0,0
BRDA:177,25,1,0
BRDA:180,26,0,0
BRDA:180,26,1,0
BRF:55
BRH:0
end_of_record
TN:
SF:src\components\DateTimePicker\styles.js
FNF:0
FNH:0
DA:3,0
LF:1
LH:0
BRF:0
BRH:0
end_of_record
TN:
SF:src\components\ErrorBoundary\ErrorBoundary.js
FN:6,(anonymous_0)
FN:15,(anonymous_1)
FN:19,(anonymous_2)
FN:36,(anonymous_3)
FN:44,(anonymous_4)
FNF:5
FNH:0
FNDA:0,(anonymous_0)
FNDA:0,(anonymous_1)
FNDA:0,(anonymous_2)
FNDA:0,(anonymous_3)
FNDA:0,(anonymous_4)
DA:7,0
DA:8,0
DA:16,0
DA:21,0
DA:22,0
DA:23,0
DA:24,0
DA:27,0
DA:36,0
DA:37,0
DA:45,0
DA:46,0
DA:49,0
DA:50,0
DA:59,0
DA:77,0
DA:81,0
LF:17
LH:0
BRDA:29,0,0,0
BRDA:29,0,1,0
BRDA:45,1,0,0
BRDA:45,1,1,0
BRDA:49,2,0,0
BRDA:49,2,1,0
BRDA:63,3,0,0
BRDA:63,3,1,0
BRDA:65,4,0,0
BRDA:65,4,1,0
BRF:10
BRH:0
end_of_record
TN:
SF:src\components\Privacy\InformationRequestModal.js
FN:7,(anonymous_0)
FN:15,(anonymous_1)
FN:18,(anonymous_2)
FN:55,(anonymous_3)
FN:56,(anonymous_4)
FN:58,(anonymous_5)
FN:63,(anonymous_6)
FN:87,(anonymous_7)
FN:95,(anonymous_8)
FN:125,(anonymous_9)
FN:132,(anonymous_10)
FNF:11
FNH:0
FNDA:0,(anonymous_0)
FNDA:0,(anonymous_1)
FNDA:0,(anonymous_2)
FNDA:0,(anonymous_3)
FNDA:0,(anonymous_4)
FNDA:0,(anonymous_5)
FNDA:0,(anonymous_6)
FNDA:0,(anonymous_7)
FNDA:0,(anonymous_8)
FNDA:0,(anonymous_9)
FNDA:0,(anonymous_10)
DA:7,0
DA:8,0
DA:9,0
DA:10,0
DA:11,0
DA:12,0
DA:15,0
DA:16,0
DA:18,0
DA:19,0
DA:22,0
DA:23,0
DA:24,0
DA:27,0
DA:28,0
DA:29,0
DA:30,0
DA:31,0
DA:32,0
DA:33,0
DA:34,0
DA:35,0
DA:36,0
DA:37,0
DA:38,0
DA:39,0
DA:40,0
DA:41,0
DA:42,0
DA:43,0
DA:46,0
DA:50,0
DA:53,0
DA:55,0
DA:56,0
DA:57,0
DA:58,0
DA:63,0
DA:64,0
DA:65,0
DA:66,0
DA:69,0
DA:70,0
DA:71,0
DA:74,0
DA:75,0
DA:76,0
DA:77,0
DA:78,0
DA:79,0
DA:80,0
DA:83,0
DA:87,0
DA:88,0
DA:89,0
DA:90,0
DA:91,0
DA:95,0
DA:96,0
DA:97,0
DA:98,0
DA:99,0
DA:103,0
DA:126,0
DA:132,0
DA:191,0
LF:66
LH:0
BRDA:7,0,0,0
BRDA:22,1,0,0
BRDA:22,1,1,0
BRDA:22,2,0,0
BRDA:22,2,1,0
BRDA:27,3,0,0
BRDA:27,3,1,0
BRDA:27,3,2,0
BRDA:27,3,3,0
BRDA:27,3,4,0
BRDA:27,3,5,0
BRDA:27,3,6,0
BRDA:27,3,7,0
BRDA:27,3,8,0
BRDA:27,3,9,0
BRDA:27,3,10,0
BRDA:27,3,11,0
BRDA:27,3,12,0
BRDA:27,3,13,0
BRDA:27,3,14,0
BRDA:27,3,15,0
BRDA:57,4,0,0
BRDA:57,4,1,0
BRDA:64,5,0,0
BRDA:64,5,1,0
BRDA:69,6,0,0
BRDA:69,6,1,0
BRDA:77,7,0,0
BRDA:77,7,1,0
BRDA:88,8,0,0
BRDA:88,8,1,0
BRDA:88,8,2,0
BRDA:96,9,0,0
BRDA:96,9,1,0
BRDA:96,9,2,0
BRDA:130,10,0,0
BRDA:130,10,1,0
BRDA:146,11,0,0
BRDA:146,11,1,0
BRDA:177,12,0,0
BRDA:177,12,1,0
BRDA:182,13,0,0
BRDA:182,13,1,0
BRF:43
BRH:0
end_of_record
TN:
SF:src\components\Privacy\PrivacyManager.js
FN:7,(anonymous_0)
FN:8,(anonymous_1)
FN:9,(anonymous_2)
FN:10,(anonymous_3)
FN:11,(anonymous_4)
FN:12,(anonymous_5)
FN:13,(anonymous_6)
FN:14,(anonymous_7)
FN:15,(anonymous_8)
FN:22,(anonymous_9)
FN:30,(anonymous_10)
FN:48,(anonymous_11)
FN:74,(anonymous_12)
FN:87,(anonymous_13)
FN:111,(anonymous_14)
FN:123,(anonymous_15)
FN:136,(anonymous_16)
FN:136,(anonymous_17)
FN:145,(anonymous_18)
FN:156,(anonymous_19)
FN:165,(anonymous_20)
FN:188,(anonymous_21)
FN:203,(anonymous_22)
FN:218,(anonymous_23)
FN:244,(anonymous_24)
FN:270,(anonymous_25)
FN:273,(anonymous_26)
FN:274,(anonymous_27)
FN:285,(anonymous_28)
FNF:29
FNH:0
FNDA:0,(anonymous_0)
FNDA:0,(anonymous_1)
FNDA:0,(anonymous_2)
FNDA:0,(anonymous_3)
FNDA:0,(anonymous_4)
FNDA:0,(anonymous_5)
FNDA:0,(anonymous_6)
FNDA:0,(anonymous_7)
FNDA:0,(anonymous_8)
FNDA:0,(anonymous_9)
FNDA:0,(anonymous_10)
FNDA:0,(anonymous_11)
FNDA:0,(anonymous_12)
FNDA:0,(anonymous_13)
FNDA:0,(anonymous_14)
FNDA:0,(anonymous_15)
FNDA:0,(anonymous_16)
FNDA:0,(anonymous_17)
FNDA:0,(anonymous_18)
FNDA:0,(anonymous_19)
FNDA:0,(anonymous_20)
FNDA:0,(anonymous_21)
FNDA:0,(anonymous_22)
FNDA:0,(anonymous_23)
FNDA:0,(anonymous_24)
FNDA:0,(anonymous_25)
FNDA:0,(anonymous_26)
FNDA:0,(anonymous_27)
FNDA:0,(anonymous_28)
DA:6,0
DA:7,0
DA:8,0
DA:9,0
DA:10,0
DA:11,0
DA:12,0
DA:13,0
DA:14,0
DA:15,0
DA:20,0
DA:22,0
DA:23,0
DA:24,0
DA:25,0
DA:27,0
DA:30,0
DA:31,0
DA:33,0
DA:44,0
DA:45,0
DA:46,0
DA:48,0
DA:49,0
DA:50,0
DA:52,0
DA:53,0
DA:54,0
DA:55,0
DA:58,0
DA:59,0
DA:60,0
DA:63,0
DA:65,0
DA:66,0
DA:67,0
DA:70,0
DA:74,0
DA:75,0
DA:76,0
DA:77,0
DA:79,0
DA:80,0
DA:82,0
DA:83,0
DA:87,0
DA:88,0
DA:89,0
DA:97,0
DA:99,0
DA:100,0
DA:101,0
DA:103,0
DA:105,0
DA:106,0
DA:107,0
DA:111,0
DA:112,0
DA:113,0
DA:121,0
DA:123,0
DA:124,0
DA:125,0
DA:134,0
DA:136,0
DA:139,0
DA:145,0
DA:147,0
DA:149,0
DA:151,0
DA:152,0
DA:156,0
DA:158,0
DA:159,0
DA:163,0
DA:165,0
DA:166,0
DA:168,0
DA:170,0
DA:171,0
DA:173,0
DA:174,0
DA:175,0
DA:177,0
DA:179,0
DA:181,0
DA:185,0
DA:188,0
DA:189,0
DA:190,0
DA:191,0
DA:192,0
DA:193,0
DA:195,0
DA:197,0
DA:198,0
DA:199,0
DA:203,0
DA:204,0
DA:205,0
DA:206,0
DA:207,0
DA:208,0
DA:210,0
DA:212,0
DA:213,0
DA:214,0
DA:218,0
DA:219,0
DA:220,0
DA:222,0
DA:223,0
DA:224,0
DA:225,0
DA:228,0
DA:229,0
DA:230,0
DA:233,0
DA:235,0
DA:236,0
DA:237,0
DA:240,0
DA:244,0
DA:245,0
DA:246,0
DA:248,0
DA:249,0
DA:250,0
DA:251,0
DA:254,0
DA:255,0
DA:256,0
DA:259,0
DA:261,0
DA:262,0
DA:263,0
DA:266,0
DA:270,0
DA:271,0
DA:272,0
DA:273,0
DA:274,0
DA:275,0
DA:281,0
DA:285,0
DA:286,0
DA:287,0
DA:288,0
DA:291,0
DA:308,0
LF:150
LH:0
BRDA:6,0,0,0
BRDA:6,0,1,0
BRDA:24,1,0,0
BRDA:24,1,1,0
BRDA:53,2,0,0
BRDA:53,2,1,0
BRDA:59,3,0,0
BRDA:59,3,1,0
BRDA:65,4,0,0
BRDA:65,4,1,0
BRDA:65,5,0,0
BRDA:65,5,1,0
BRDA:99,6,0,0
BRDA:99,6,1,0
BRDA:111,7,0,0
BRDA:111,8,0,0
BRDA:121,9,0,0
BRDA:121,9,1,0
BRDA:121,10,0,0
BRDA:121,10,1,0
BRDA:124,11,0,0
BRDA:124,11,1,0
BRDA:134,12,0,0
BRDA:134,12,1,0
BRDA:142,13,0,0
BRDA:142,13,1,0
BRDA:156,14,0,0
BRDA:158,15,0,0
BRDA:158,15,1,0
BRDA:158,16,0,0
BRDA:158,16,1,0
BRDA:168,17,0,0
BRDA:168,17,1,0
BRDA:171,18,0,0
BRDA:171,18,1,0
BRDA:174,19,0,0
BRDA:174,19,1,0
BRDA:179,20,0,0
BRDA:179,20,1,0
BRDA:188,21,0,0
BRDA:191,22,0,0
BRDA:191,22,1,0
BRDA:203,23,0,0
BRDA:206,24,0,0
BRDA:206,24,1,0
BRDA:223,25,0,0
BRDA:223,25,1,0
BRDA:229,26,0,0
BRDA:229,26,1,0
BRDA:235,27,0,0
BRDA:235,27,1,0
BRDA:235,28,0,0
BRDA:235,28,1,0
BRDA:249,29,0,0
BRDA:249,29,1,0
BRDA:255,30,0,0
BRDA:255,30,1,0
BRDA:261,31,0,0
BRDA:261,31,1,0
BRDA:261,32,0,0
BRDA:261,32,1,0
BRDA:275,33,0,0
BRDA:275,33,1,0
BRF:63
BRH:0
end_of_record
TN:
SF:src\components\Privacy\PrivacyNotificationModal.js
FN:6,(anonymous_0)
FN:10,(anonymous_1)
FN:11,(anonymous_2)
FN:19,(anonymous_3)
FN:23,(anonymous_4)
FN:32,(anonymous_5)
FN:33,(anonymous_6)
FN:40,(anonymous_7)
FN:48,(anonymous_8)
FN:58,(anonymous_9)
FN:86,(anonymous_10)
FN:108,(anonymous_11)
FN:123,(anonymous_12)
FN:132,(anonymous_13)
FNF:14
FNH:0
FNDA:0,(anonymous_0)
FNDA:0,(anonymous_1)
FNDA:0,(anonymous_2)
FNDA:0,(anonymous_3)
FNDA:0,(anonymous_4)
FNDA:0,(anonymous_5)
FNDA:0,(anonymous_6)
FNDA:0,(anonymous_7)
FNDA:0,(anonymous_8)
FNDA:0,(anonymous_9)
FNDA:0,(anonymous_10)
FNDA:0,(anonymous_11)
FNDA:0,(anonymous_12)
FNDA:0,(anonymous_13)
DA:6,0
DA:7,0
DA:8,0
DA:10,0
DA:11,0
DA:13,0
DA:14,0
DA:15,0
DA:16,0
DA:19,0
DA:23,0
DA:24,0
DA:33,0
DA:34,0
DA:35,0
DA:36,0
DA:37,0
DA:40,0
DA:48,0
DA:49,0
DA:50,0
DA:51,0
DA:53,0
DA:54,0
DA:55,0
DA:58,0
DA:59,0
DA:60,0
DA:61,0
DA:62,0
DA:66,0
DA:87,0
DA:109,0
DA:123,0
DA:132,0
DA:157,0
LF:36
LH:0
BRDA:6,0,0,0
BRDA:10,1,0,0
BRDA:15,2,0,0
BRDA:15,2,1,0
BRDA:36,3,0,0
BRDA:36,3,1,0
BRDA:53,4,0,0
BRDA:53,4,1,0
BRDA:54,5,0,0
BRDA:54,5,1,0
BRDA:59,6,0,0
BRDA:59,6,1,0
BRDA:59,6,2,0
BRDA:77,7,0,0
BRDA:77,7,1,0
BRDA:92,8,0,0
BRDA:92,8,1,0
BRDA:137,9,0,0
BRDA:137,9,1,0
BRF:19
BRH:0
end_of_record
TN:
SF:src\components\Privacy\PrivacySettingsModal.js
FN:7,(anonymous_0)
FN:143,(anonymous_1)
FN:144,(anonymous_2)
FN:148,(anonymous_3)
FN:152,(anonymous_4)
FN:160,(anonymous_5)
FN:194,(anonymous_6)
FN:213,(anonymous_7)
FNF:8
FNH:0
FNDA:0,(anonymous_0)
FNDA:0,(anonymous_1)
FNDA:0,(anonymous_2)
FNDA:0,(anonymous_3)
FNDA:0,(anonymous_4)
FNDA:0,(anonymous_5)
FNDA:0,(anonymous_6)
FNDA:0,(anonymous_7)
DA:7,0
DA:8,0
DA:9,0
DA:10,0
DA:12,0
DA:15,0
DA:68,0
DA:141,0
DA:143,0
DA:144,0
DA:145,0
DA:146,0
DA:148,0
DA:152,0
DA:153,0
DA:154,0
DA:155,0
DA:156,0
DA:160,0
DA:161,0
DA:162,0
DA:163,0
DA:164,0
DA:168,0
DA:195,0
DA:213,0
DA:258,0
LF:27
LH:0
BRDA:141,0,0,0
BRDA:141,0,1,0
BRDA:153,1,0,0
BRDA:153,1,1,0
BRDA:153,1,2,0
BRDA:161,2,0,0
BRDA:161,2,1,0
BRDA:161,2,2,0
BRDA:183,3,0,0
BRDA:183,3,1,0
BRDA:212,4,0,0
BRDA:212,4,1,0
BRDA:216,5,0,0
BRDA:216,5,1,0
BRF:14
BRH:0
end_of_record
TN:
SF:src\components\Privacy\ProfileDataManager.js
FN:8,(anonymous_0)
FN:16,(anonymous_1)
FN:54,(anonymous_2)
FN:122,(anonymous_3)
FN:148,(anonymous_4)
FN:159,(anonymous_5)
FN:167,(anonymous_6)
FN:182,(anonymous_7)
FN:226,(anonymous_8)
FNF:9
FNH:0
FNDA:0,(anonymous_0)
FNDA:0,(anonymous_1)
FNDA:0,(anonymous_2)
FNDA:0,(anonymous_3)
FNDA:0,(anonymous_4)
FNDA:0,(anonymous_5)
FNDA:0,(anonymous_6)
FNDA:0,(anonymous_7)
FNDA:0,(anonymous_8)
DA:6,0
DA:8,0
DA:9,0
DA:10,0
DA:11,0
DA:13,0
DA:16,0
DA:17,0
DA:18,0
DA:21,0
DA:28,0
DA:54,0
DA:55,0
DA:56,0
DA:59,0
DA:61,0
DA:62,0
DA:64,0
DA:88,0
DA:90,0
DA:91,0
DA:93,0
DA:112,0
DA:114,0
DA:115,0
DA:117,0
DA:122,0
DA:123,0
DA:124,0
DA:127,0
DA:129,0
DA:141,0
DA:142,0
DA:144,0
DA:148,0
DA:149,0
DA:151,0
DA:152,0
DA:154,0
DA:159,0
DA:160,0
DA:162,0
DA:163,0
DA:164,0
DA:166,0
DA:167,0
DA:168,0
DA:169,0
DA:172,0
DA:176,0
DA:178,0
DA:180,0
DA:182,0
DA:183,0
DA:185,0
DA:187,0
DA:188,0
DA:190,0
DA:193,0
DA:194,0
DA:197,0
DA:198,0
DA:199,0
DA:201,0
DA:204,0
DA:206,0
DA:210,0
DA:211,0
DA:213,0
DA:218,0
DA:220,0
DA:221,0
DA:226,0
DA:227,0
DA:228,0
DA:231,0
DA:232,0
DA:234,0
DA:236,0
DA:237,0
DA:240,0
DA:242,0
DA:243,0
DA:245,0
DA:249,0
DA:260,0
LF:86
LH:0
BRDA:10,0,0,0
BRDA:10,0,1,0
BRDA:54,1,0,0
BRDA:54,2,0,0
BRDA:59,3,0,0
BRDA:59,3,1,0
BRDA:62,4,0,0
BRDA:62,4,1,0
BRDA:62,4,2,0
BRDA:62,4,3,0
BRDA:62,4,4,0
BRDA:66,5,0,0
BRDA:66,5,1,0
BRDA:66,5,2,0
BRDA:67,6,0,0
BRDA:67,6,1,0
BRDA:67,6,2,0
BRDA:68,7,0,0
BRDA:68,7,1,0
BRDA:68,7,2,0
BRDA:69,8,0,0
BRDA:69,8,1,0
BRDA:69,8,2,0
BRDA:70,9,0,0
BRDA:70,9,1,0
BRDA:70,9,2,0
BRDA:71,10,0,0
BRDA:71,10,1,0
BRDA:72,11,0,0
BRDA:72,11,1,0
BRDA:75,12,0,0
BRDA:75,12,1,0
BRDA:75,12,2,0
BRDA:76,13,0,0
BRDA:76,13,1,0
BRDA:76,13,2,0
BRDA:77,14,0,0
BRDA:77,14,1,0
BRDA:78,15,0,0
BRDA:78,15,1,0
BRDA:79,16,0,0
BRDA:79,16,1,0
BRDA:80,17,0,0
BRDA:80,17,1,0
BRDA:83,18,0,0
BRDA:83,18,1,0
BRDA:84,19,0,0
BRDA:84,19,1,0
BRDA:85,20,0,0
BRDA:85,20,1,0
BRDA:86,21,0,0
BRDA:86,21,1,0
BRDA:88,22,0,0
BRDA:88,22,1,0
BRDA:91,23,0,0
BRDA:91,23,1,0
BRDA:91,23,2,0
BRDA:95,24,0,0
BRDA:95,24,1,0
BRDA:96,25,0,0
BRDA:96,25,1,0
BRDA:99,26,0,0
BRDA:99,26,1,0
BRDA:99,26,2,0
BRDA:100,27,0,0
BRDA:100,27,1,0
BRDA:100,27,2,0
BRDA:101,28,0,0
BRDA:101,28,1,0
BRDA:104,29,0,0
BRDA:104,29,1,0
BRDA:105,30,0,0
BRDA:105,30,1,0
BRDA:106,31,0,0
BRDA:106,31,1,0
BRDA:107,32,0,0
BRDA:107,32,1,0
BRDA:108,33,0,0
BRDA:108,33,1,0
BRDA:122,34,0,0
BRDA:127,35,0,0
BRDA:127,35,1,0
BRDA:134,36,0,0
BRDA:134,36,1,0
BRDA:135,37,0,0
BRDA:135,37,1,0
BRDA:136,38,0,0
BRDA:136,38,1,0
BRDA:137,39,0,0
BRDA:137,39,1,0
BRDA:138,40,0,0
BRDA:138,40,1,0
BRDA:142,41,0,0
BRDA:142,41,1,0
BRDA:159,42,0,0
BRDA:163,43,0,0
BRDA:163,43,1,0
BRDA:168,44,0,0
BRDA:168,44,1,0
BRDA:185,45,0,0
BRDA:185,45,1,0
BRDA:188,46,0,0
BRDA:188,46,1,0
BRDA:190,47,0,0
BRDA:190,47,1,0
BRDA:193,48,0,0
BRDA:193,48,1,0
BRDA:198,49,0,0
BRDA:198,49,1,0
BRDA:204,50,0,0
BRDA:204,50,1,0
BRDA:206,51,0,0
BRDA:206,51,1,0
BRDA:206,51,2,0
BRDA:210,52,0,0
BRDA:210,52,1,0
BRDA:210,53,0,0
BRDA:210,53,1,0
BRDA:226,54,0,0
BRDA:232,55,0,0
BRDA:232,55,1,0
BRDA:234,56,0,0
BRDA:234,56,1,0
BRF:123
BRH:0
end_of_record
TN:
SF:src\components\TimePicker\index.js
FN:13,(anonymous_0)
FN:25,(anonymous_1)
FN:39,(anonymous_2)
FN:44,(anonymous_3)
FN:51,(anonymous_4)
FN:53,(anonymous_5)
FN:55,(anonymous_6)
FN:59,(anonymous_7)
FN:67,(anonymous_8)
FN:78,(anonymous_9)
FN:99,(anonymous_10)
FN:119,(anonymous_11)
FN:123,(anonymous_12)
FN:150,(anonymous_13)
FN:157,(anonymous_14)
FN:177,(anonymous_15)
FN:184,(anonymous_16)
FN:205,(anonymous_17)
FN:212,(anonymous_18)
FN:245,(anonymous_19)
FNF:20
FNH:0
FNDA:0,(anonymous_0)
FNDA:0,(anonymous_1)
FNDA:0,(anonymous_2)
FNDA:0,(anonymous_3)
FNDA:0,(anonymous_4)
FNDA:0,(anonymous_5)
FNDA:0,(anonymous_6)
FNDA:0,(anonymous_7)
FNDA:0,(anonymous_8)
FNDA:0,(anonymous_9)
FNDA:0,(anonymous_10)
FNDA:0,(anonymous_11)
FNDA:0,(anonymous_12)
FNDA:0,(anonymous_13)
FNDA:0,(anonymous_14)
FNDA:0,(anonymous_15)
FNDA:0,(anonymous_16)
FNDA:0,(anonymous_17)
FNDA:0,(anonymous_18)
FNDA:0,(anonymous_19)
DA:13,0
DA:24,0
DA:25,0
DA:26,0
DA:27,0
DA:28,0
DA:30,0
DA:31,0
DA:34,0
DA:35,0
DA:36,0
DA:39,0
DA:40,0
DA:41,0
DA:42,0
DA:44,0
DA:45,0
DA:46,0
DA:47,0
DA:48,0
DA:51,0
DA:52,0
DA:53,0
DA:55,0
DA:59,0
DA:60,0
DA:61,0
DA:62,0
DA:64,0
DA:67,0
DA:68,0
DA:69,0
DA:71,0
DA:72,0
DA:74,0
DA:78,0
DA:79,0
DA:81,0
DA:82,0
DA:84,0
DA:85,0
DA:86,0
DA:87,0
DA:88,0
DA:89,0
DA:92,0
DA:99,0
DA:100,0
DA:102,0
DA:103,0
DA:104,0
DA:105,0
DA:106,0
DA:111,0
DA:112,0
DA:114,0
DA:115,0
DA:116,0
DA:119,0
DA:120,0
DA:123,0
DA:124,0
DA:151,0
DA:157,0
DA:178,0
DA:184,0
DA:206,0
DA:212,0
DA:231,0
DA:245,0
LF:70
LH:0
BRDA:18,0,0,0
BRDA:20,1,0,0
BRDA:21,2,0,0
BRDA:22,3,0,0
BRDA:26,4,0,0
BRDA:26,4,1,0
BRDA:26,5,0,0
BRDA:26,5,1,0
BRDA:27,6,0,0
BRDA:27,6,1,0
BRDA:30,7,0,0
BRDA:30,7,1,0
BRDA:34,8,0,0
BRDA:34,8,1,0
BRDA:35,9,0,0
BRDA:35,9,1,0
BRDA:40,10,0,0
BRDA:40,10,1,0
BRDA:41,11,0,0
BRDA:41,11,1,0
BRDA:45,12,0,0
BRDA:45,12,1,0
BRDA:46,13,0,0
BRDA:46,13,1,0
BRDA:47,14,0,0
BRDA:47,14,1,0
BRDA:48,15,0,0
BRDA:48,15,1,0
BRDA:52,16,0,0
BRDA:52,16,1,0
BRDA:71,17,0,0
BRDA:71,17,1,0
BRDA:79,18,0,0
BRDA:79,18,1,0
BRDA:81,19,0,0
BRDA:81,19,1,0
BRDA:82,20,0,0
BRDA:82,20,1,0
BRDA:87,21,0,0
BRDA:87,21,1,0
BRDA:87,22,0,0
BRDA:87,22,1,0
BRDA:88,23,0,0
BRDA:88,23,1,0
BRDA:102,24,0,0
BRDA:102,24,1,0
BRDA:102,25,0,0
BRDA:102,25,1,0
BRDA:103,26,0,0
BRDA:103,26,1,0
BRDA:103,27,0,0
BRDA:103,27,1,0
BRDA:105,28,0,0
BRDA:105,28,1,0
BRDA:105,29,0,0
BRDA:105,29,1,0
BRDA:155,30,0,0
BRDA:155,30,1,0
BRDA:161,31,0,0
BRDA:161,31,1,0
BRDA:163,32,0,0
BRDA:163,32,1,0
BRDA:182,33,0,0
BRDA:182,33,1,0
BRDA:188,34,0,0
BRDA:188,34,1,0
BRDA:198,35,0,0
BRDA:198,35,1,0
BRDA:210,36,0,0
BRDA:210,36,1,0
BRDA:216,37,0,0
BRDA:216,37,1,0
BRDA:233,38,0,0
BRDA:233,38,1,0
BRDA:234,39,0,0
BRDA:234,39,1,0
BRDA:242,40,0,0
BRDA:242,40,1,0
BRDA:243,41,0,0
BRDA:243,41,1,0
BRDA:245,42,0,0
BRDA:245,42,1,0
BRDA:250,43,0,0
BRDA:250,43,1,0
BRDA:251,44,0,0
BRDA:251,44,1,0
BRDA:259,45,0,0
BRDA:259,45,1,0
BRDA:259,46,0,0
BRDA:259,46,1,0
BRDA:263,47,0,0
BRDA:263,47,1,0
BRF:92
BRH:0
end_of_record
TN:
SF:src\components\TimePicker\styles.js
FNF:0
FNH:0
DA:3,0
LF:1
LH:0
BRF:0
BRH:0
end_of_record
TN:
SF:src\components\forms\DocumentUpload.js
FN:10,(anonymous_0)
FN:15,(anonymous_1)
FN:39,(anonymous_2)
FN:81,(anonymous_3)
FNF:4
FNH:0
FNDA:0,(anonymous_0)
FNDA:0,(anonymous_1)
FNDA:0,(anonymous_2)
FNDA:0,(anonymous_3)
DA:8,0
DA:10,0
DA:11,0
DA:12,0
DA:13,0
DA:15,0
DA:16,0
DA:17,0
DA:18,0
DA:19,0
DA:20,0
DA:23,0
DA:30,0
DA:31,0
DA:34,0
DA:35,0
DA:39,0
DA:40,0
DA:41,0
DA:42,0
DA:44,0
DA:45,0
DA:46,0
DA:49,0
DA:50,0
DA:51,0
DA:54,0
DA:55,0
DA:56,0
DA:60,0
DA:61,0
DA:63,0
DA:64,0
DA:67,0
DA:68,0
DA:70,0
DA:71,0
DA:72,0
DA:73,0
DA:75,0
DA:76,0
DA:77,0
DA:81,0
DA:82,0
DA:83,0
DA:86,0
DA:130,0
LF:47
LH:0
BRDA:8,0,0,0
BRDA:8,0,1,0
BRDA:10,1,0,0
BRDA:18,2,0,0
BRDA:18,2,1,0
BRDA:30,3,0,0
BRDA:30,3,1,0
BRDA:45,4,0,0
BRDA:45,4,1,0
BRDA:45,5,0,0
BRDA:45,5,1,0
BRDA:54,6,0,0
BRDA:54,6,1,0
BRDA:67,7,0,0
BRDA:67,7,1,0
BRDA:68,8,0,0
BRDA:68,8,1,0
BRDA:68,9,0,0
BRDA:68,9,1,0
BRDA:76,10,0,0
BRDA:76,10,1,0
BRDA:90,11,0,0
BRDA:90,11,1,0
BRDA:122,12,0,0
BRDA:122,12,1,0
BRF:25
BRH:0
end_of_record
TN:
SF:src\components\forms\ProfileForm.js
FN:24,(anonymous_0)
FN:51,(anonymous_1)
FN:58,(anonymous_2)
FN:90,(anonymous_3)
FN:91,(anonymous_4)
FN:101,(anonymous_5)
FN:105,(anonymous_6)
FN:106,(anonymous_7)
FN:113,(anonymous_8)
FN:115,(anonymous_9)
FN:122,(anonymous_10)
FN:123,(anonymous_11)
FN:125,(anonymous_12)
FN:129,(anonymous_13)
FN:137,(anonymous_14)
FN:141,(anonymous_15)
FN:145,(anonymous_16)
FN:160,(anonymous_17)
FN:160,(anonymous_18)
FN:161,(anonymous_19)
FN:228,(anonymous_20)
FN:229,(anonymous_21)
FN:251,(anonymous_22)
FN:257,(anonymous_23)
FN:267,(anonymous_24)
FN:291,(anonymous_25)
FN:299,(anonymous_26)
FN:330,(anonymous_27)
FN:337,(anonymous_28)
FN:344,(anonymous_29)
FNF:30
FNH:0
FNDA:0,(anonymous_0)
FNDA:0,(anonymous_1)
FNDA:0,(anonymous_2)
FNDA:0,(anonymous_3)
FNDA:0,(anonymous_4)
FNDA:0,(anonymous_5)
FNDA:0,(anonymous_6)
FNDA:0,(anonymous_7)
FNDA:0,(anonymous_8)
FNDA:0,(anonymous_9)
FNDA:0,(anonymous_10)
FNDA:0,(anonymous_11)
FNDA:0,(anonymous_12)
FNDA:0,(anonymous_13)
FNDA:0,(anonymous_14)
FNDA:0,(anonymous_15)
FNDA:0,(anonymous_16)
FNDA:0,(anonymous_17)
FNDA:0,(anonymous_18)
FNDA:0,(anonymous_19)
FNDA:0,(anonymous_20)
FNDA:0,(anonymous_21)
FNDA:0,(anonymous_22)
FNDA:0,(anonymous_23)
FNDA:0,(anonymous_24)
FNDA:0,(anonymous_25)
FNDA:0,(anonymous_26)
FNDA:0,(anonymous_27)
FNDA:0,(anonymous_28)
FNDA:0,(anonymous_29)
DA:24,0
DA:25,0
DA:26,0
DA:43,0
DA:44,0
DA:45,0
DA:48,0
DA:49,0
DA:51,0
DA:53,0
DA:54,0
DA:58,0
DA:59,0
DA:61,0
DA:62,0
DA:63,0
DA:64,0
DA:66,0
DA:67,0
DA:70,0
DA:71,0
DA:75,0
DA:76,0
DA:77,0
DA:83,0
DA:85,0
DA:86,0
DA:90,0
DA:91,0
DA:101,0
DA:102,0
DA:105,0
DA:106,0
DA:110,0
DA:113,0
DA:114,0
DA:115,0
DA:122,0
DA:123,0
DA:125,0
DA:129,0
DA:130,0
DA:132,0
DA:133,0
DA:136,0
DA:137,0
DA:138,0
DA:141,0
DA:142,0
DA:143,0
DA:144,0
DA:145,0
DA:150,0
DA:151,0
DA:153,0
DA:157,0
DA:160,0
DA:161,0
DA:164,0
DA:229,0
DA:230,0
DA:252,0
DA:257,0
DA:268,0
DA:269,0
DA:291,0
DA:300,0
DA:301,0
DA:330,0
DA:337,0
DA:344,0
DA:371,0
LF:72
LH:0
BRDA:24,0,0,0
BRDA:24,1,0,0
BRDA:27,2,0,0
BRDA:27,2,1,0
BRDA:28,3,0,0
BRDA:28,3,1,0
BRDA:29,4,0,0
BRDA:29,4,1,0
BRDA:30,5,0,0
BRDA:30,5,1,0
BRDA:31,6,0,0
BRDA:31,6,1,0
BRDA:32,7,0,0
BRDA:32,7,1,0
BRDA:37,8,0,0
BRDA:37,8,1,0
BRDA:38,9,0,0
BRDA:38,9,1,0
BRDA:39,10,0,0
BRDA:39,10,1,0
BRDA:40,11,0,0
BRDA:40,11,1,0
BRDA:46,12,0,0
BRDA:46,12,1,0
BRDA:53,13,0,0
BRDA:53,13,1,0
BRDA:66,14,0,0
BRDA:66,14,1,0
BRDA:70,15,0,0
BRDA:70,15,1,0
BRDA:75,16,0,0
BRDA:75,16,1,0
BRDA:76,17,0,0
BRDA:76,17,1,0
BRDA:76,18,0,0
BRDA:76,18,1,0
BRDA:85,19,0,0
BRDA:85,19,1,0
BRDA:114,20,0,0
BRDA:114,20,1,0
BRDA:114,21,0,0
BRDA:114,21,1,0
BRDA:132,22,0,0
BRDA:132,22,1,0
BRDA:136,23,0,0
BRDA:136,23,1,0
BRDA:205,24,0,0
BRDA:205,24,1,0
BRDA:220,25,0,0
BRDA:220,25,1,0
BRDA:278,26,0,0
BRDA:278,26,1,0
BRDA:322,27,0,0
BRDA:322,27,1,0
BRDA:348,28,0,0
BRDA:348,28,1,0
BRDA:362,29,0,0
BRDA:362,29,1,0
BRDA:362,30,0,0
BRDA:362,30,1,0
BRF:60
BRH:0
end_of_record
TN:
SF:src\components\forms\ValidatedInput.js
FN:6,(anonymous_0)
FN:19,(anonymous_1)
FN:25,(anonymous_2)
FN:38,(anonymous_3)
FNF:4
FNH:0
FNDA:0,(anonymous_0)
FNDA:0,(anonymous_1)
FNDA:0,(anonymous_2)
FNDA:0,(anonymous_3)
DA:6,0
DA:15,0
DA:16,0
DA:17,0
DA:19,0
DA:20,0
DA:21,0
DA:25,0
DA:26,0
DA:27,0
DA:28,0
DA:30,0
DA:31,0
DA:33,0
DA:34,0
DA:38,0
DA:39,0
DA:40,0
DA:43,0
DA:61,0
LF:20
LH:0
BRDA:20,0,0,0
BRDA:20,0,1,0
BRDA:27,1,0,0
BRDA:27,1,1,0
BRDA:45,2,0,0
BRDA:45,2,1,0
BRDA:52,3,0,0
BRDA:52,3,1,0
BRDA:56,4,0,0
BRDA:56,4,1,0
BRF:10
BRH:0
end_of_record
TN:
SF:src\components\profile\ReviewForm.js
FN:11,(anonymous_0)
FN:19,(anonymous_1)
FN:23,(anonymous_2)
FN:39,(anonymous_3)
FN:39,(anonymous_4)
FN:47,(anonymous_5)
FN:48,(anonymous_6)
FN:48,(anonymous_7)
FN:51,(anonymous_8)
FN:71,(anonymous_9)
FN:138,(anonymous_10)
FN:145,(anonymous_11)
FNF:12
FNH:0
FNDA:0,(anonymous_0)
FNDA:0,(anonymous_1)
FNDA:0,(anonymous_2)
FNDA:0,(anonymous_3)
FNDA:0,(anonymous_4)
FNDA:0,(anonymous_5)
FNDA:0,(anonymous_6)
FNDA:0,(anonymous_7)
FNDA:0,(anonymous_8)
FNDA:0,(anonymous_9)
FNDA:0,(anonymous_10)
FNDA:0,(anonymous_11)
DA:9,0
DA:11,0
DA:12,0
DA:13,0
DA:14,0
DA:15,0
DA:16,0
DA:17,0
DA:19,0
DA:20,0
DA:23,0
DA:24,0
DA:25,0
DA:26,0
DA:27,0
DA:28,0
DA:31,0
DA:38,0
DA:39,0
DA:42,0
DA:43,0
DA:47,0
DA:48,0
DA:51,0
DA:52,0
DA:53,0
DA:54,0
DA:57,0
DA:58,0
DA:59,0
DA:62,0
DA:63,0
DA:64,0
DA:65,0
DA:66,0
DA:67,0
DA:68,0
DA:71,0
DA:72,0
DA:73,0
DA:74,0
DA:75,0
DA:76,0
DA:77,0
DA:79,0
DA:80,0
DA:82,0
DA:86,0
DA:94,0
DA:95,0
DA:96,0
DA:99,0
DA:100,0
DA:102,0
DA:106,0
DA:139,0
DA:145,0
DA:194,0
LF:58
LH:0
BRDA:9,0,0,0
BRDA:9,0,1,0
BRDA:11,1,0,0
BRDA:26,2,0,0
BRDA:26,2,1,0
BRDA:38,3,0,0
BRDA:38,3,1,0
BRDA:38,4,0,0
BRDA:38,4,1,0
BRDA:52,5,0,0
BRDA:52,5,1,0
BRDA:63,6,0,0
BRDA:63,6,1,0
BRDA:64,7,0,0
BRDA:64,7,1,0
BRDA:64,8,0,0
BRDA:64,8,1,0
BRDA:73,9,0,0
BRDA:73,9,1,0
BRDA:77,10,0,0
BRDA:77,10,1,0
BRDA:77,11,0,0
BRDA:77,11,1,0
BRDA:150,12,0,0
BRDA:150,12,1,0
BRDA:163,13,0,0
BRDA:163,13,1,0
BRDA:178,14,0,0
BRDA:178,14,1,0
BRDA:185,15,0,0
BRDA:185,15,1,0
BRDA:185,15,2,0
BRF:32
BRH:0
end_of_record
TN:
SF:src\components\profile\ReviewList.js
FN:7,(anonymous_0)
FN:10,(anonymous_1)
FN:49,(anonymous_2)
FN:50,(anonymous_3)
FN:71,(anonymous_4)
FNF:5
FNH:0
FNDA:0,(anonymous_0)
FNDA:0,(anonymous_1)
FNDA:0,(anonymous_2)
FNDA:0,(anonymous_3)
FNDA:0,(anonymous_4)
DA:7,0
DA:8,0
DA:10,0
DA:11,0
DA:13,0
DA:49,0
DA:51,0
DA:67,0
DA:71,0
DA:82,0
LF:10
LH:0
BRDA:18,0,0,0
BRDA:18,0,1,0
BRDA:23,1,0,0
BRDA:23,1,1,0
BRDA:41,2,0,0
BRDA:41,2,1,0
BRDA:45,3,0,0
BRDA:45,3,1,0
BRDA:45,3,2,0
BRF:9
BRH:0
end_of_record
TN:
SF:src\components\shared\JobCard.js
FN:7,JobCard
FN:55,(anonymous_1)
FN:75,(anonymous_2)
FN:91,(anonymous_3)
FNF:4
FNH:0
FNDA:0,JobCard
FNDA:0,(anonymous_1)
FNDA:0,(anonymous_2)
FNDA:0,(anonymous_3)
DA:16,0
DA:17,0
DA:19,0
DA:56,0
DA:75,0
DA:91,0
LF:6
LH:0
BRDA:9,0,0,0
BRDA:14,1,0,0
BRDA:16,2,0,0
BRDA:16,2,1,0
BRDA:17,3,0,0
BRDA:17,3,1,0
BRDA:24,4,0,0
BRDA:24,4,1,0
BRDA:30,5,0,0
BRDA:30,5,1,0
BRDA:36,6,0,0
BRDA:36,6,1,0
BRDA:60,7,0,0
BRDA:60,7,1,0
BRDA:67,8,0,0
BRDA:67,8,1,0
BRDA:75,9,0,0
BRDA:75,9,1,0
BRDA:79,10,0,0
BRDA:79,10,1,0
BRDA:91,11,0,0
BRDA:91,11,1,0
BRF:22
BRH:0
end_of_record
TN:
SF:src\config\api.js
FN:20,(anonymous_0)
FN:21,(anonymous_1)
FN:24,(anonymous_2)
FN:31,(anonymous_3)
FN:44,(anonymous_4)
FN:57,(anonymous_5)
FN:58,(anonymous_6)
FN:77,(anonymous_7)
FN:78,(anonymous_8)
FN:101,(anonymous_9)
FN:102,(anonymous_10)
FN:125,(anonymous_11)
FN:138,(anonymous_12)
FN:139,(anonymous_13)
FN:152,(anonymous_14)
FN:177,(anonymous_15)
FN:187,(anonymous_16)
FN:188,(anonymous_17)
FN:207,(anonymous_18)
FN:208,(anonymous_19)
FN:231,(anonymous_20)
FN:232,(anonymous_21)
FN:255,(anonymous_22)
FN:256,(anonymous_23)
FN:278,(anonymous_24)
FN:279,(anonymous_25)
FN:288,(anonymous_26)
FN:289,(anonymous_27)
FN:298,(anonymous_28)
FN:299,(anonymous_29)
FN:322,(anonymous_30)
FN:323,(anonymous_31)
FN:339,(anonymous_32)
FN:340,(anonymous_33)
FN:349,(anonymous_34)
FN:350,(anonymous_35)
FN:367,(anonymous_36)
FN:368,(anonymous_37)
FN:377,(anonymous_38)
FN:378,(anonymous_39)
FN:395,(anonymous_40)
FN:396,(anonymous_41)
FN:410,(anonymous_42)
FN:411,(anonymous_43)
FN:430,(anonymous_44)
FN:431,(anonymous_45)
FN:453,(anonymous_46)
FN:454,(anonymous_47)
FN:475,(anonymous_48)
FN:476,(anonymous_49)
FN:505,(anonymous_50)
FN:509,(anonymous_51)
FN:513,(anonymous_52)
FN:517,(anonymous_53)
FN:521,(anonymous_54)
FN:525,(anonymous_55)
FN:529,(anonymous_56)
FN:533,(anonymous_57)
FN:537,(anonymous_58)
FNF:59
FNH:0
FNDA:0,(anonymous_0)
FNDA:0,(anonymous_1)
FNDA:0,(anonymous_2)
FNDA:0,(anonymous_3)
FNDA:0,(anonymous_4)
FNDA:0,(anonymous_5)
FNDA:0,(anonymous_6)
FNDA:0,(anonymous_7)
FNDA:0,(anonymous_8)
FNDA:0,(anonymous_9)
FNDA:0,(anonymous_10)
FNDA:0,(anonymous_11)
FNDA:0,(anonymous_12)
FNDA:0,(anonymous_13)
FNDA:0,(anonymous_14)
FNDA:0,(anonymous_15)
FNDA:0,(anonymous_16)
FNDA:0,(anonymous_17)
FNDA:0,(anonymous_18)
FNDA:0,(anonymous_19)
FNDA:0,(anonymous_20)
FNDA:0,(anonymous_21)
FNDA:0,(anonymous_22)
FNDA:0,(anonymous_23)
FNDA:0,(anonymous_24)
FNDA:0,(anonymous_25)
FNDA:0,(anonymous_26)
FNDA:0,(anonymous_27)
FNDA:0,(anonymous_28)
FNDA:0,(anonymous_29)
FNDA:0,(anonymous_30)
FNDA:0,(anonymous_31)
FNDA:0,(anonymous_32)
FNDA:0,(anonymous_33)
FNDA:0,(anonymous_34)
FNDA:0,(anonymous_35)
FNDA:0,(anonymous_36)
FNDA:0,(anonymous_37)
FNDA:0,(anonymous_38)
FNDA:0,(anonymous_39)
FNDA:0,(anonymous_40)
FNDA:0,(anonymous_41)
FNDA:0,(anonymous_42)
FNDA:0,(anonymous_43)
FNDA:0,(anonymous_44)
FNDA:0,(anonymous_45)
FNDA:0,(anonymous_46)
FNDA:0,(anonymous_47)
FNDA:0,(anonymous_48)
FNDA:0,(anonymous_49)
FNDA:0,(anonymous_50)
FNDA:0,(anonymous_51)
FNDA:0,(anonymous_52)
FNDA:0,(anonymous_53)
FNDA:0,(anonymous_54)
FNDA:0,(anonymous_55)
FNDA:0,(anonymous_56)
FNDA:0,(anonymous_57)
FNDA:0,(anonymous_58)
DA:7,0
DA:10,0
DA:17,0
DA:18,0
DA:20,0
DA:21,0
DA:24,0
DA:26,0
DA:30,0
DA:32,0
DA:41,0
DA:45,0
DA:54,0
DA:58,0
DA:59,0
DA:60,0
DA:63,0
DA:70,0
DA:71,0
DA:74,0
DA:78,0
DA:79,0
DA:80,0
DA:83,0
DA:94,0
DA:95,0
DA:98,0
DA:102,0
DA:103,0
DA:104,0
DA:107,0
DA:118,0
DA:119,0
DA:122,0
DA:126,0
DA:135,0
DA:139,0
DA:140,0
DA:150,0
DA:153,0
DA:154,0
DA:161,0
DA:163,0
DA:164,0
DA:167,0
DA:169,0
DA:170,0
DA:176,0
DA:178,0
DA:180,0
DA:181,0
DA:184,0
DA:188,0
DA:189,0
DA:190,0
DA:193,0
DA:200,0
DA:201,0
DA:204,0
DA:208,0
DA:209,0
DA:210,0
DA:213,0
DA:224,0
DA:225,0
DA:228,0
DA:232,0
DA:233,0
DA:234,0
DA:237,0
DA:248,0
DA:249,0
DA:252,0
DA:256,0
DA:257,0
DA:258,0
DA:261,0
DA:268,0
DA:269,0
DA:272,0
DA:277,0
DA:279,0
DA:280,0
DA:282,0
DA:285,0
DA:289,0
DA:290,0
DA:292,0
DA:295,0
DA:299,0
DA:300,0
DA:302,0
DA:311,0
DA:312,0
DA:313,0
DA:316,0
DA:321,0
DA:323,0
DA:324,0
DA:326,0
DA:336,0
DA:340,0
DA:341,0
DA:343,0
DA:346,0
DA:350,0
DA:351,0
DA:353,0
DA:361,0
DA:366,0
DA:368,0
DA:369,0
DA:371,0
DA:374,0
DA:378,0
DA:379,0
DA:381,0
DA:389,0
DA:394,0
DA:396,0
DA:397,0
DA:399,0
DA:403,0
DA:404,0
DA:407,0
DA:411,0
DA:412,0
DA:414,0
DA:423,0
DA:424,0
DA:427,0
DA:431,0
DA:432,0
DA:434,0
DA:443,0
DA:444,0
DA:447,0
DA:452,0
DA:454,0
DA:455,0
DA:456,0
DA:459,0
DA:468,0
DA:469,0
DA:472,0
DA:476,0
DA:477,0
DA:478,0
DA:481,0
DA:495,0
DA:496,0
DA:499,0
DA:504,0
DA:506,0
DA:510,0
DA:514,0
DA:518,0
DA:522,0
DA:526,0
DA:530,0
DA:534,0
DA:538,0
LF:162
LH:0
BRDA:7,0,0,0
BRDA:7,0,1,0
BRDA:10,1,0,0
BRDA:10,1,1,0
BRDA:59,2,0,0
BRDA:59,2,1,0
BRDA:70,3,0,0
BRDA:70,3,1,0
BRDA:79,4,0,0
BRDA:79,4,1,0
BRDA:94,5,0,0
BRDA:94,5,1,0
BRDA:103,6,0,0
BRDA:103,6,1,0
BRDA:118,7,0,0
BRDA:118,7,1,0
BRDA:163,8,0,0
BRDA:163,8,1,0
BRDA:164,9,0,0
BRDA:164,9,1,0
BRDA:180,10,0,0
BRDA:180,10,1,0
BRDA:189,11,0,0
BRDA:189,11,1,0
BRDA:200,12,0,0
BRDA:200,12,1,0
BRDA:209,13,0,0
BRDA:209,13,1,0
BRDA:224,14,0,0
BRDA:224,14,1,0
BRDA:233,15,0,0
BRDA:233,15,1,0
BRDA:248,16,0,0
BRDA:248,16,1,0
BRDA:257,17,0,0
BRDA:257,17,1,0
BRDA:268,18,0,0
BRDA:268,18,1,0
BRDA:280,19,0,0
BRDA:280,19,1,0
BRDA:290,20,0,0
BRDA:290,20,1,0
BRDA:300,21,0,0
BRDA:300,21,1,0
BRDA:311,22,0,0
BRDA:311,22,1,0
BRDA:313,23,0,0
BRDA:313,23,1,0
BRDA:324,24,0,0
BRDA:324,24,1,0
BRDA:341,25,0,0
BRDA:341,25,1,0
BRDA:351,26,0,0
BRDA:351,26,1,0
BRDA:369,27,0,0
BRDA:369,27,1,0
BRDA:379,28,0,0
BRDA:379,28,1,0
BRDA:397,29,0,0
BRDA:397,29,1,0
BRDA:403,30,0,0
BRDA:403,30,1,0
BRDA:412,31,0,0
BRDA:412,31,1,0
BRDA:423,32,0,0
BRDA:423,32,1,0
BRDA:432,33,0,0
BRDA:432,33,1,0
BRDA:443,34,0,0
BRDA:443,34,1,0
BRDA:453,35,0,0
BRDA:455,36,0,0
BRDA:455,36,1,0
BRDA:468,37,0,0
BRDA:468,37,1,0
BRDA:477,38,0,0
BRDA:477,38,1,0
BRDA:491,39,0,0
BRDA:491,39,1,0
BRDA:495,40,0,0
BRDA:495,40,1,0
BRF:81
BRH:0
end_of_record
TN:
SF:src\config\constants.js
FN:31,(anonymous_0)
FN:163,(anonymous_1)
FNF:2
FNH:0
FNDA:0,(anonymous_0)
FNDA:0,(anonymous_1)
DA:2,0
DA:3,0
DA:4,0
DA:6,0
DA:11,0
DA:22,0
DA:23,0
DA:24,0
DA:28,0
DA:31,0
DA:32,0
DA:35,0
DA:37,0
DA:39,0
DA:40,0
DA:44,0
DA:46,0
DA:47,0
DA:48,0
DA:50,0
DA:52,0
DA:54,0
DA:61,0
DA:63,0
DA:67,0
DA:69,0
DA:70,0
DA:74,0
DA:77,0
DA:103,0
DA:111,0
DA:138,0
DA:147,0
DA:163,0
DA:164,0
DA:165,0
DA:166,0
DA:168,0
DA:170,0
DA:174,0
DA:200,0
DA:207,0
DA:219,0
DA:250,0
DA:258,0
DA:271,0
LF:46
LH:0
BRDA:22,0,0,0
BRDA:22,0,1,0
BRDA:22,1,0,0
BRDA:22,1,1,0
BRDA:35,2,0,0
BRDA:35,2,1,0
BRDA:35,2,2,0
BRDA:35,2,3,0
BRDA:37,3,0,0
BRDA:37,3,1,0
BRDA:48,4,0,0
BRDA:48,4,1,0
BRDA:52,5,0,0
BRDA:52,5,1,0
BRDA:61,6,0,0
BRDA:61,6,1,0
BRDA:61,7,0,0
BRDA:61,7,1,0
BRDA:140,8,0,0
BRDA:140,8,1,0
BRF:20
BRH:0
end_of_record
TN:
SF:src\config\firebaseConfig.js
FNF:0
FNH:0
DA:6,0
DA:16,0
DA:19,0
DA:20,0
DA:22,0
LF:5
LH:0
BRDA:19,0,0,0
BRDA:19,0,1,0
BRF:2
BRH:0
end_of_record
TN:
SF:src\config\sampleData.js
FNF:0
FNH:0
DA:2,0
DA:7,0
LF:2
LH:0
BRF:0
BRH:0
end_of_record
TN:
SF:src\constants\strings.js
FNF:0
FNH:0
DA:2,0
LF:1
LH:0
BRF:0
BRH:0
end_of_record
TN:
SF:src\contexts\AppContext.js
FN:58,(anonymous_0)
FN:96,(anonymous_1)
FN:149,(anonymous_2)
FN:200,(anonymous_3)
FN:213,(anonymous_4)
FN:225,(anonymous_5)
FN:226,(anonymous_6)
FN:237,(anonymous_7)
FN:252,(anonymous_8)
FN:269,(anonymous_9)
FN:282,(anonymous_10)
FN:307,(anonymous_11)
FN:311,(anonymous_12)
FN:313,(anonymous_13)
FN:342,(anonymous_14)
FN:367,(anonymous_15)
FN:403,(anonymous_16)
FN:423,(anonymous_17)
FN:433,(anonymous_18)
FN:463,(anonymous_19)
FN:493,(anonymous_20)
FN:517,(anonymous_21)
FN:564,(anonymous_22)
FNF:23
FNH:0
FNDA:0,(anonymous_0)
FNDA:0,(anonymous_1)
FNDA:0,(anonymous_2)
FNDA:0,(anonymous_3)
FNDA:0,(anonymous_4)
FNDA:0,(anonymous_5)
FNDA:0,(anonymous_6)
FNDA:0,(anonymous_7)
FNDA:0,(anonymous_8)
FNDA:0,(anonymous_9)
FNDA:0,(anonymous_10)
FNDA:0,(anonymous_11)
FNDA:0,(anonymous_12)
FNDA:0,(anonymous_13)
FNDA:0,(anonymous_14)
FNDA:0,(anonymous_15)
FNDA:0,(anonymous_16)
FNDA:0,(anonymous_17)
FNDA:0,(anonymous_18)
FNDA:0,(anonymous_19)
FNDA:0,(anonymous_20)
FNDA:0,(anonymous_21)
FNDA:0,(anonymous_22)
DA:14,0
DA:58,0
DA:61,0
DA:96,0
DA:97,0
DA:99,0
DA:102,0
DA:110,0
DA:113,0
DA:114,0
DA:126,0
DA:129,0
DA:132,0
DA:135,0
DA:138,0
DA:141,0
DA:147,0
DA:149,0
DA:153,0
DA:156,0
DA:159,0
DA:162,0
DA:165,0
DA:168,0
DA:174,0
DA:180,0
DA:186,0
DA:192,0
DA:197,0
DA:200,0
DA:201,0
DA:203,0
DA:205,0
DA:206,0
DA:209,0
DA:210,0
DA:213,0
DA:214,0
DA:215,0
DA:225,0
DA:226,0
DA:227,0
DA:228,0
DA:230,0
DA:233,0
DA:237,0
DA:238,0
DA:240,0
DA:241,0
DA:242,0
DA:243,0
DA:246,0
DA:247,0
DA:252,0
DA:253,0
DA:255,0
DA:256,0
DA:257,0
DA:259,0
DA:264,0
DA:265,0
DA:266,0
DA:269,0
DA:270,0
DA:272,0
DA:275,0
DA:277,0
DA:278,0
DA:282,0
DA:283,0
DA:284,0
DA:290,0
DA:295,0
DA:296,0
DA:299,0
DA:300,0
DA:303,0
DA:307,0
DA:309,0
DA:310,0
DA:311,0
DA:313,0
DA:314,0
DA:315,0
DA:318,0
DA:319,0
DA:320,0
DA:321,0
DA:322,0
DA:323,0
DA:325,0
DA:326,0
DA:327,0
DA:330,0
DA:331,0
DA:335,0
DA:341,0
DA:343,0
DA:344,0
DA:348,0
DA:350,0
DA:352,0
DA:353,0
DA:355,0
DA:357,0
DA:358,0
DA:360,0
DA:368,0
DA:369,0
DA:373,0
DA:375,0
DA:377,0
DA:378,0
DA:381,0
DA:382,0
DA:388,0
DA:391,0
DA:393,0
DA:394,0
DA:396,0
DA:404,0
DA:405,0
DA:407,0
DA:408,0
DA:413,0
DA:415,0
DA:416,0
DA:417,0
DA:419,0
DA:424,0
DA:429,0
DA:434,0
DA:435,0
DA:439,0
DA:440,0
DA:441,0
DA:442,0
DA:444,0
DA:445,0
DA:446,0
DA:450,0
DA:452,0
DA:453,0
DA:455,0
DA:464,0
DA:465,0
DA:470,0
DA:471,0
DA:472,0
DA:473,0
DA:474,0
DA:476,0
DA:477,0
DA:481,0
DA:483,0
DA:484,0
DA:486,0
DA:494,0
DA:495,0
DA:499,0
DA:501,0
DA:505,0
DA:507,0
DA:508,0
DA:510,0
DA:518,0
DA:519,0
DA:524,0
DA:525,0
DA:529,0
DA:530,0
DA:535,0
DA:541,0
DA:545,0
DA:547,0
DA:548,0
DA:550,0
DA:558,0
DA:560,0
DA:564,0
DA:565,0
DA:566,0
DA:567,0
DA:569,0
LF:184
LH:0
BRDA:58,0,0,0
BRDA:58,0,1,0
BRDA:97,1,0,0
BRDA:97,1,1,0
BRDA:97,1,2,0
BRDA:97,1,3,0
BRDA:97,1,4,0
BRDA:97,1,5,0
BRDA:97,1,6,0
BRDA:97,1,7,0
BRDA:97,1,8,0
BRDA:97,1,9,0
BRDA:97,1,10,0
BRDA:97,1,11,0
BRDA:97,1,12,0
BRDA:97,1,13,0
BRDA:97,1,14,0
BRDA:97,1,15,0
BRDA:97,1,16,0
BRDA:97,1,17,0
BRDA:97,1,18,0
BRDA:97,1,19,0
BRDA:97,1,20,0
BRDA:203,2,0,0
BRDA:203,2,1,0
BRDA:219,3,0,0
BRDA:219,3,1,0
BRDA:238,4,0,0
BRDA:238,4,1,0
BRDA:240,5,0,0
BRDA:240,5,1,0
BRDA:241,6,0,0
BRDA:241,6,1,0
BRDA:253,7,0,0
BRDA:253,7,1,0
BRDA:255,8,0,0
BRDA:255,8,1,0
BRDA:256,9,0,0
BRDA:256,9,1,0
BRDA:257,10,0,0
BRDA:257,10,1,0
BRDA:295,11,0,0
BRDA:295,11,1,0
BRDA:299,12,0,0
BRDA:299,12,1,0
BRDA:309,13,0,0
BRDA:309,13,1,0
BRDA:319,14,0,0
BRDA:319,14,1,0
BRDA:319,15,0,0
BRDA:319,15,1,0
BRDA:319,15,2,0
BRDA:319,15,3,0
BRDA:322,16,0,0
BRDA:322,16,1,0
BRDA:325,17,0,0
BRDA:325,17,1,0
BRDA:352,18,0,0
BRDA:352,18,1,0
BRDA:377,19,0,0
BRDA:377,19,1,0
BRDA:385,20,0,0
BRDA:385,20,1,0
BRDA:439,21,0,0
BRDA:439,21,1,0
BRDA:439,22,0,0
BRDA:439,22,1,0
BRDA:463,23,0,0
BRDA:471,24,0,0
BRDA:471,24,1,0
BRDA:471,25,0,0
BRDA:471,25,1,0
BRDA:503,26,0,0
BRDA:503,26,1,0
BRDA:524,27,0,0
BRDA:524,27,1,0
BRDA:529,28,0,0
BRDA:529,28,1,0
BRDA:543,29,0,0
BRDA:543,29,1,0
BRDA:566,30,0,0
BRDA:566,30,1,0
BRF:82
BRH:0
end_of_record
TN:
SF:src\contexts\AuthContext.js
FN:11,(anonymous_0)
FN:18,(anonymous_1)
FN:85,(anonymous_2)
FN:87,(anonymous_3)
FN:141,(anonymous_4)
FN:144,(anonymous_5)
FN:171,(anonymous_6)
FN:193,(anonymous_7)
FN:212,(anonymous_8)
FN:250,(anonymous_9)
FN:288,(anonymous_10)
FNF:11
FNH:0
FNDA:0,(anonymous_0)
FNDA:0,(anonymous_1)
FNDA:0,(anonymous_2)
FNDA:0,(anonymous_3)
FNDA:0,(anonymous_4)
FNDA:0,(anonymous_5)
FNDA:0,(anonymous_6)
FNDA:0,(anonymous_7)
FNDA:0,(anonymous_8)
FNDA:0,(anonymous_9)
FNDA:0,(anonymous_10)
DA:9,0
DA:11,0
DA:12,0
DA:13,0
DA:14,0
DA:15,0
DA:18,0
DA:19,0
DA:20,0
DA:21,0
DA:22,0
DA:23,0
DA:27,0
DA:28,0
DA:29,0
DA:30,0
DA:33,0
DA:34,0
DA:40,0
DA:41,0
DA:42,0
DA:43,0
DA:45,0
DA:48,0
DA:65,0
DA:66,0
DA:75,0
DA:78,0
DA:79,0
DA:81,0
DA:85,0
DA:87,0
DA:88,0
DA:89,0
DA:90,0
DA:93,0
DA:94,0
DA:100,0
DA:101,0
DA:102,0
DA:103,0
DA:105,0
DA:108,0
DA:125,0
DA:126,0
DA:135,0
DA:136,0
DA:138,0
DA:141,0
DA:144,0
DA:145,0
DA:146,0
DA:147,0
DA:148,0
DA:150,0
DA:151,0
DA:152,0
DA:154,0
DA:155,0
DA:156,0
DA:159,0
DA:160,0
DA:162,0
DA:163,0
DA:164,0
DA:165,0
DA:167,0
DA:171,0
DA:172,0
DA:173,0
DA:174,0
DA:175,0
DA:177,0
DA:179,0
DA:180,0
DA:182,0
DA:184,0
DA:185,0
DA:186,0
DA:187,0
DA:189,0
DA:193,0
DA:194,0
DA:195,0
DA:196,0
DA:198,0
DA:199,0
DA:201,0
DA:202,0
DA:203,0
DA:204,0
DA:206,0
DA:208,0
DA:212,0
DA:213,0
DA:214,0
DA:215,0
DA:217,0
DA:218,0
DA:219,0
DA:221,0
DA:223,0
DA:224,0
DA:227,0
DA:230,0
DA:231,0
DA:232,0
DA:235,0
DA:236,0
DA:237,0
DA:240,0
DA:242,0
DA:243,0
DA:244,0
DA:246,0
DA:250,0
DA:251,0
DA:252,0
DA:253,0
DA:254,0
DA:256,0
DA:257,0
DA:258,0
DA:262,0
DA:274,0
DA:288,0
DA:289,0
DA:290,0
DA:291,0
DA:293,0
LF:130
LH:0
BRDA:20,0,0,0
BRDA:20,0,1,0
BRDA:28,1,0,0
BRDA:28,1,1,0
BRDA:28,2,0,0
BRDA:28,2,1,0
BRDA:34,3,0,0
BRDA:34,3,1,0
BRDA:41,4,0,0
BRDA:41,4,1,0
BRDA:51,5,0,0
BRDA:51,5,1,0
BRDA:53,6,0,0
BRDA:53,6,1,0
BRDA:88,7,0,0
BRDA:88,7,1,0
BRDA:88,8,0,0
BRDA:88,8,1,0
BRDA:94,9,0,0
BRDA:94,9,1,0
BRDA:101,10,0,0
BRDA:101,10,1,0
BRDA:111,11,0,0
BRDA:111,11,1,0
BRDA:113,12,0,0
BRDA:113,12,1,0
BRDA:154,13,0,0
BRDA:154,13,1,0
BRDA:163,14,0,0
BRDA:163,14,1,0
BRDA:185,15,0,0
BRDA:185,15,1,0
BRDA:221,16,0,0
BRDA:221,16,1,0
BRDA:221,17,0,0
BRDA:221,17,1,0
BRDA:230,18,0,0
BRDA:230,18,1,0
BRDA:232,19,0,0
BRDA:232,19,1,0
BRDA:240,20,0,0
BRDA:240,20,1,0
BRDA:256,21,0,0
BRDA:256,21,1,0
BRDA:276,22,0,0
BRDA:276,22,1,0
BRDA:290,23,0,0
BRDA:290,23,1,0
BRF:48
BRH:0
end_of_record
TN:
SF:src\contexts\MessagingContext.js
FN:10,(anonymous_0)
FN:22,(anonymous_1)
FN:28,(anonymous_2)
FN:33,(anonymous_3)
FN:39,(anonymous_4)
FN:48,(anonymous_5)
FN:67,(anonymous_6)
FN:74,(anonymous_7)
FN:76,(anonymous_8)
FN:82,(anonymous_9)
FN:95,(anonymous_10)
FN:96,(anonymous_11)
FN:98,(anonymous_12)
FN:107,(anonymous_13)
FN:113,(anonymous_14)
FN:115,(anonymous_15)
FN:124,(anonymous_16)
FN:134,(anonymous_17)
FN:141,(anonymous_18)
FN:150,(anonymous_19)
FN:155,(anonymous_20)
FN:183,(anonymous_21)
FN:189,(anonymous_22)
FN:234,(anonymous_23)
FN:239,(anonymous_24)
FN:239,(anonymous_25)
FN:241,(anonymous_26)
FN:241,(anonymous_27)
FN:255,(anonymous_28)
FN:256,(anonymous_29)
FN:260,(anonymous_30)
FN:262,(anonymous_31)
FN:298,(anonymous_32)
FNF:33
FNH:0
FNDA:0,(anonymous_0)
FNDA:0,(anonymous_1)
FNDA:0,(anonymous_2)
FNDA:0,(anonymous_3)
FNDA:0,(anonymous_4)
FNDA:0,(anonymous_5)
FNDA:0,(anonymous_6)
FNDA:0,(anonymous_7)
FNDA:0,(anonymous_8)
FNDA:0,(anonymous_9)
FNDA:0,(anonymous_10)
FNDA:0,(anonymous_11)
FNDA:0,(anonymous_12)
FNDA:0,(anonymous_13)
FNDA:0,(anonymous_14)
FNDA:0,(anonymous_15)
FNDA:0,(anonymous_16)
FNDA:0,(anonymous_17)
FNDA:0,(anonymous_18)
FNDA:0,(anonymous_19)
FNDA:0,(anonymous_20)
FNDA:0,(anonymous_21)
FNDA:0,(anonymous_22)
FNDA:0,(anonymous_23)
FNDA:0,(anonymous_24)
FNDA:0,(anonymous_25)
FNDA:0,(anonymous_26)
FNDA:0,(anonymous_27)
FNDA:0,(anonymous_28)
FNDA:0,(anonymous_29)
FNDA:0,(anonymous_30)
FNDA:0,(anonymous_31)
FNDA:0,(anonymous_32)
DA:8,0
DA:10,0
DA:11,0
DA:12,0
DA:13,0
DA:14,0
DA:15,0
DA:16,0
DA:17,0
DA:18,0
DA:19,0
DA:22,0
DA:23,0
DA:25,0
DA:28,0
DA:29,0
DA:30,0
DA:32,0
DA:33,0
DA:39,0
DA:40,0
DA:41,0
DA:42,0
DA:43,0
DA:44,0
DA:47,0
DA:48,0
DA:49,0
DA:50,0
DA:52,0
DA:54,0
DA:55,0
DA:57,0
DA:61,0
DA:63,0
DA:66,0
DA:67,0
DA:68,0
DA:69,0
DA:74,0
DA:75,0
DA:76,0
DA:77,0
DA:78,0
DA:79,0
DA:80,0
DA:82,0
DA:83,0
DA:84,0
DA:85,0
DA:86,0
DA:87,0
DA:89,0
DA:90,0
DA:92,0
DA:95,0
DA:96,0
DA:98,0
DA:99,0
DA:100,0
DA:105,0
DA:106,0
DA:107,0
DA:108,0
DA:110,0
DA:111,0
DA:112,0
DA:113,0
DA:115,0
DA:116,0
DA:117,0
DA:118,0
DA:123,0
DA:124,0
DA:125,0
DA:126,0
DA:127,0
DA:128,0
DA:129,0
DA:134,0
DA:135,0
DA:136,0
DA:138,0
DA:141,0
DA:142,0
DA:143,0
DA:145,0
DA:150,0
DA:151,0
DA:152,0
DA:154,0
DA:155,0
DA:157,0
DA:158,0
DA:159,0
DA:162,0
DA:163,0
DA:171,0
DA:172,0
DA:174,0
DA:175,0
DA:176,0
DA:178,0
DA:183,0
DA:184,0
DA:185,0
DA:186,0
DA:187,0
DA:188,0
DA:189,0
DA:190,0
DA:198,0
DA:201,0
DA:202,0
DA:203,0
DA:207,0
DA:208,0
DA:209,0
DA:221,0
DA:225,0
DA:227,0
DA:228,0
DA:229,0
DA:234,0
DA:236,0
DA:237,0
DA:238,0
DA:239,0
DA:240,0
DA:241,0
DA:243,0
DA:244,0
DA:246,0
DA:250,0
DA:255,0
DA:256,0
DA:260,0
DA:261,0
DA:262,0
DA:265,0
DA:266,0
DA:267,0
DA:270,0
DA:273,0
DA:298,0
DA:299,0
DA:300,0
DA:301,0
DA:303,0
LF:149
LH:0
BRDA:23,0,0,0
BRDA:23,0,1,0
BRDA:32,1,0,0
BRDA:32,1,1,0
BRDA:42,2,0,0
BRDA:42,2,1,0
BRDA:42,3,0,0
BRDA:42,3,1,0
BRDA:43,4,0,0
BRDA:43,4,1,0
BRDA:50,5,0,0
BRDA:50,5,1,0
BRDA:50,6,0,0
BRDA:50,6,1,0
BRDA:50,6,2,0
BRDA:50,6,3,0
BRDA:55,7,0,0
BRDA:55,7,1,0
BRDA:57,8,0,0
BRDA:57,8,1,0
BRDA:69,9,0,0
BRDA:69,9,1,0
BRDA:75,10,0,0
BRDA:75,10,1,0
BRDA:86,11,0,0
BRDA:86,11,1,0
BRDA:86,12,0,0
BRDA:86,12,1,0
BRDA:87,13,0,0
BRDA:87,13,1,0
BRDA:90,14,0,0
BRDA:90,14,1,0
BRDA:92,15,0,0
BRDA:92,15,1,0
BRDA:98,16,0,0
BRDA:98,16,1,0
BRDA:98,16,2,0
BRDA:99,17,0,0
BRDA:99,17,1,0
BRDA:106,18,0,0
BRDA:106,18,1,0
BRDA:108,19,0,0
BRDA:108,19,1,0
BRDA:110,20,0,0
BRDA:110,20,1,0
BRDA:110,21,0,0
BRDA:110,21,1,0
BRDA:110,21,2,0
BRDA:112,22,0,0
BRDA:112,22,1,0
BRDA:116,23,0,0
BRDA:116,23,1,0
BRDA:117,24,0,0
BRDA:117,24,1,0
BRDA:117,25,0,0
BRDA:117,25,1,0
BRDA:127,26,0,0
BRDA:127,26,1,0
BRDA:128,27,0,0
BRDA:128,27,1,0
BRDA:129,28,0,0
BRDA:129,28,1,0
BRDA:135,29,0,0
BRDA:135,29,1,0
BRDA:142,30,0,0
BRDA:142,30,1,0
BRDA:150,31,0,0
BRDA:155,32,0,0
BRDA:155,32,1,0
BRDA:155,32,2,0
BRDA:155,32,3,0
BRDA:157,33,0,0
BRDA:157,33,1,0
BRDA:184,34,0,0
BRDA:184,34,1,0
BRDA:184,34,2,0
BRDA:185,35,0,0
BRDA:185,35,1,0
BRDA:185,36,0,0
BRDA:185,36,1,0
BRDA:185,37,0,0
BRDA:185,37,1,0
BRDA:186,38,0,0
BRDA:186,38,1,0
BRDA:186,39,0,0
BRDA:186,39,1,0
BRDA:187,40,0,0
BRDA:187,40,1,0
BRDA:187,41,0,0
BRDA:187,41,1,0
BRDA:187,41,2,0
BRDA:191,42,0,0
BRDA:191,42,1,0
BRDA:193,43,0,0
BRDA:193,43,1,0
BRDA:201,44,0,0
BRDA:201,44,1,0
BRDA:201,45,0,0
BRDA:201,45,1,0
BRDA:207,46,0,0
BRDA:207,46,1,0
BRDA:212,47,0,0
BRDA:212,47,1,0
BRDA:215,48,0,0
BRDA:215,48,1,0
BRDA:216,49,0,0
BRDA:216,49,1,0
BRDA:236,50,0,0
BRDA:236,50,1,0
BRDA:236,51,0,0
BRDA:236,51,1,0
BRDA:238,52,0,0
BRDA:238,52,1,0
BRDA:238,53,0,0
BRDA:238,53,1,0
BRDA:239,54,0,0
BRDA:239,54,1,0
BRDA:240,55,0,0
BRDA:240,55,1,0
BRDA:243,56,0,0
BRDA:243,56,1,0
BRDA:260,57,0,0
BRDA:262,58,0,0
BRDA:262,58,1,0
BRDA:262,58,2,0
BRDA:265,59,0,0
BRDA:265,59,1,0
BRDA:300,60,0,0
BRDA:300,60,1,0
BRF:129
BRH:0
end_of_record
TN:
SF:src\contexts\ThemeContext.js
FN:24,(anonymous_0)
FN:64,(anonymous_1)
FN:65,(anonymous_2)
FN:66,(anonymous_3)
FN:69,(anonymous_4)
FN:75,(anonymous_5)
FN:90,(anonymous_6)
FN:99,(anonymous_7)
FN:113,(anonymous_8)
FN:114,(anonymous_9)
FN:131,(anonymous_10)
FN:133,(anonymous_11)
FN:147,(anonymous_12)
FN:173,(anonymous_13)
FNF:14
FNH:0
FNDA:0,(anonymous_0)
FNDA:0,(anonymous_1)
FNDA:0,(anonymous_2)
FNDA:0,(anonymous_3)
FNDA:0,(anonymous_4)
FNDA:0,(anonymous_5)
FNDA:0,(anonymous_6)
FNDA:0,(anonymous_7)
FNDA:0,(anonymous_8)
FNDA:0,(anonymous_9)
FNDA:0,(anonymous_10)
FNDA:0,(anonymous_11)
FNDA:0,(anonymous_12)
FNDA:0,(anonymous_13)
DA:7,0
DA:24,0
DA:33,0
DA:42,0
DA:57,0
DA:60,0
DA:69,0
DA:70,0
DA:71,0
DA:72,0
DA:75,0
DA:76,0
DA:77,0
DA:79,0
DA:81,0
DA:82,0
DA:86,0
DA:87,0
DA:90,0
DA:91,0
DA:92,0
DA:95,0
DA:98,0
DA:99,0
DA:107,0
DA:108,0
DA:113,0
DA:114,0
DA:115,0
DA:117,0
DA:118,0
DA:119,0
DA:122,0
DA:124,0
DA:128,0
DA:131,0
DA:132,0
DA:133,0
DA:134,0
DA:139,0
DA:140,0
DA:143,0
DA:147,0
DA:148,0
DA:149,0
DA:150,0
DA:155,0
DA:156,0
DA:159,0
DA:173,0
DA:174,0
DA:175,0
DA:176,0
DA:178,0
LF:54
LH:0
BRDA:27,0,0,0
BRDA:27,0,1,0
BRDA:33,1,0,0
BRDA:33,1,1,0
BRDA:42,2,0,0
BRDA:42,2,1,0
BRDA:57,3,0,0
BRDA:57,3,1,0
BRDA:70,4,0,0
BRDA:70,4,1,0
BRDA:77,5,0,0
BRDA:77,5,1,0
BRDA:77,5,2,0
BRDA:79,6,0,0
BRDA:79,6,1,0
BRDA:92,7,0,0
BRDA:92,7,1,0
BRDA:92,7,2,0
BRDA:98,8,0,0
BRDA:98,8,1,0
BRDA:118,9,0,0
BRDA:118,9,1,0
BRDA:118,10,0,0
BRDA:118,10,1,0
BRDA:134,11,0,0
BRDA:134,11,1,0
BRDA:135,12,0,0
BRDA:135,12,1,0
BRDA:136,13,0,0
BRDA:136,13,1,0
BRDA:148,14,0,0
BRDA:148,14,1,0
BRDA:155,15,0,0
BRDA:155,15,1,0
BRDA:175,16,0,0
BRDA:175,16,1,0
BRF:36
BRH:0
end_of_record
TN:
SF:src\contexts\useAuth.js
FN:5,useAuth
FNF:1
FNH:0
FNDA:0,useAuth
DA:6,0
DA:8,0
DA:9,0
DA:12,0
LF:4
LH:0
BRDA:8,0,0,0
BRDA:8,0,1,0
BRF:2
BRH:0
end_of_record
TN:
SF:src\core\api\APIClient.js
FN:16,(anonymous_0)
FN:29,(anonymous_1)
FN:32,(anonymous_2)
FN:39,(anonymous_3)
FN:44,(anonymous_4)
FN:45,(anonymous_5)
FN:68,(anonymous_6)
FN:87,(anonymous_7)
FN:93,(anonymous_8)
FN:122,(anonymous_9)
FN:130,(anonymous_10)
FN:136,(anonymous_11)
FN:137,(anonymous_12)
FN:140,(anonymous_13)
FN:141,(anonymous_14)
FN:144,(anonymous_15)
FN:145,(anonymous_16)
FN:148,(anonymous_17)
FN:149,(anonymous_18)
FNF:19
FNH:0
FNDA:0,(anonymous_0)
FNDA:0,(anonymous_1)
FNDA:0,(anonymous_2)
FNDA:0,(anonymous_3)
FNDA:0,(anonymous_4)
FNDA:0,(anonymous_5)
FNDA:0,(anonymous_6)
FNDA:0,(anonymous_7)
FNDA:0,(anonymous_8)
FNDA:0,(anonymous_9)
FNDA:0,(anonymous_10)
FNDA:0,(anonymous_11)
FNDA:0,(anonymous_12)
FNDA:0,(anonymous_13)
FNDA:0,(anonymous_14)
FNDA:0,(anonymous_15)
FNDA:0,(anonymous_16)
FNDA:0,(anonymous_17)
FNDA:0,(anonymous_18)
DA:6,0
DA:17,0
DA:26,0
DA:31,0
DA:33,0
DA:34,0
DA:35,0
DA:37,0
DA:39,0
DA:43,0
DA:44,0
DA:46,0
DA:49,0
DA:50,0
DA:52,0
DA:53,0
DA:54,0
DA:55,0
DA:56,0
DA:58,0
DA:59,0
DA:63,0
DA:69,0
DA:70,0
DA:71,0
DA:73,0
DA:77,0
DA:78,0
DA:79,0
DA:81,0
DA:83,0
DA:88,0
DA:89,0
DA:94,0
DA:96,0
DA:103,0
DA:105,0
DA:107,0
DA:109,0
DA:111,0
DA:113,0
DA:115,0
DA:117,0
DA:123,0
DA:124,0
DA:125,0
DA:127,0
DA:128,0
DA:130,0
DA:137,0
DA:141,0
DA:145,0
DA:149,0
LF:53
LH:0
BRDA:7,0,0,0
BRDA:7,0,1,0
BRDA:34,1,0,0
BRDA:34,1,1,0
BRDA:49,2,0,0
BRDA:49,2,1,0
BRDA:49,3,0,0
BRDA:49,3,1,0
BRDA:71,4,0,0
BRDA:71,4,1,0
BRDA:94,5,0,0
BRDA:94,5,1,0
BRDA:105,6,0,0
BRDA:105,6,1,0
BRDA:105,6,2,0
BRDA:105,6,3,0
BRDA:105,6,4,0
BRDA:105,6,5,0
BRDA:107,7,0,0
BRDA:107,7,1,0
BRDA:117,8,0,0
BRDA:117,8,1,0
BRDA:122,9,0,0
BRDA:127,10,0,0
BRDA:127,10,1,0
BRDA:127,11,0,0
BRDA:127,11,1,0
BRDA:136,12,0,0
BRDA:140,13,0,0
BRDA:144,14,0,0
BRDA:148,15,0,0
BRF:31
BRH:0
end_of_record
TN:
SF:src\core\api\index.js
FNF:0
FNH:0
LF:0
LH:0
BRF:0
BRH:0
end_of_record
TN:
SF:src\core\api\services.js
FN:5,(anonymous_0)
FN:10,(anonymous_1)
FN:15,(anonymous_2)
FN:20,(anonymous_3)
FN:25,(anonymous_4)
FN:36,(anonymous_5)
FN:41,(anonymous_6)
FN:46,(anonymous_7)
FN:51,(anonymous_8)
FN:59,(anonymous_9)
FN:64,(anonymous_10)
FN:69,(anonymous_11)
FN:74,(anonymous_12)
FN:79,(anonymous_13)
FN:87,(anonymous_14)
FN:92,(anonymous_15)
FN:97,(anonymous_16)
FN:108,(anonymous_17)
FN:113,(anonymous_18)
FN:124,(anonymous_19)
FN:129,(anonymous_20)
FN:134,(anonymous_21)
FN:139,(anonymous_22)
FNF:23
FNH:0
FNDA:0,(anonymous_0)
FNDA:0,(anonymous_1)
FNDA:0,(anonymous_2)
FNDA:0,(anonymous_3)
FNDA:0,(anonymous_4)
FNDA:0,(anonymous_5)
FNDA:0,(anonymous_6)
FNDA:0,(anonymous_7)
FNDA:0,(anonymous_8)
FNDA:0,(anonymous_9)
FNDA:0,(anonymous_10)
FNDA:0,(anonymous_11)
FNDA:0,(anonymous_12)
FNDA:0,(anonymous_13)
FNDA:0,(anonymous_14)
FNDA:0,(anonymous_15)
FNDA:0,(anonymous_16)
FNDA:0,(anonymous_17)
FNDA:0,(anonymous_18)
FNDA:0,(anonymous_19)
FNDA:0,(anonymous_20)
FNDA:0,(anonymous_21)
FNDA:0,(anonymous_22)
DA:4,0
DA:6,0
DA:7,0
DA:11,0
DA:12,0
DA:16,0
DA:17,0
DA:21,0
DA:22,0
DA:26,0
DA:30,0
DA:35,0
DA:37,0
DA:38,0
DA:42,0
DA:43,0
DA:47,0
DA:48,0
DA:52,0
DA:53,0
DA:58,0
DA:60,0
DA:61,0
DA:65,0
DA:66,0
DA:70,0
DA:71,0
DA:75,0
DA:76,0
DA:80,0
DA:81,0
DA:86,0
DA:88,0
DA:89,0
DA:93,0
DA:94,0
DA:98,0
DA:102,0
DA:107,0
DA:109,0
DA:110,0
DA:114,0
DA:118,0
DA:123,0
DA:125,0
DA:126,0
DA:130,0
DA:131,0
DA:135,0
DA:136,0
DA:140,0
DA:141,0
LF:52
LH:0
BRF:0
BRH:0
end_of_record
TN:
SF:src\core\config\environment.js
FNF:0
FNH:0
DA:2,0
DA:4,0
LF:2
LH:0
BRDA:6,0,0,0
BRDA:6,0,1,0
BRDA:10,1,0,0
BRDA:10,1,1,0
BRDA:17,2,0,0
BRDA:17,2,1,0
BRF:6
BRH:0
end_of_record
TN:
SF:src\core\contexts\AppContext.js
FN:58,(anonymous_0)
FN:96,(anonymous_1)
FN:149,(anonymous_2)
FN:200,(anonymous_3)
FN:211,(anonymous_4)
FN:223,(anonymous_5)
FN:224,(anonymous_6)
FN:235,(anonymous_7)
FN:250,(anonymous_8)
FN:267,(anonymous_9)
FN:280,(anonymous_10)
FN:305,(anonymous_11)
FN:309,(anonymous_12)
FN:311,(anonymous_13)
FN:340,(anonymous_14)
FN:365,(anonymous_15)
FN:401,(anonymous_16)
FN:421,(anonymous_17)
FN:431,(anonymous_18)
FN:461,(anonymous_19)
FN:491,(anonymous_20)
FN:515,(anonymous_21)
FN:562,(anonymous_22)
FNF:23
FNH:0
FNDA:0,(anonymous_0)
FNDA:0,(anonymous_1)
FNDA:0,(anonymous_2)
FNDA:0,(anonymous_3)
FNDA:0,(anonymous_4)
FNDA:0,(anonymous_5)
FNDA:0,(anonymous_6)
FNDA:0,(anonymous_7)
FNDA:0,(anonymous_8)
FNDA:0,(anonymous_9)
FNDA:0,(anonymous_10)
FNDA:0,(anonymous_11)
FNDA:0,(anonymous_12)
FNDA:0,(anonymous_13)
FNDA:0,(anonymous_14)
FNDA:0,(anonymous_15)
FNDA:0,(anonymous_16)
FNDA:0,(anonymous_17)
FNDA:0,(anonymous_18)
FNDA:0,(anonymous_19)
FNDA:0,(anonymous_20)
FNDA:0,(anonymous_21)
FNDA:0,(anonymous_22)
DA:14,0
DA:58,0
DA:61,0
DA:96,0
DA:97,0
DA:99,0
DA:102,0
DA:110,0
DA:113,0
DA:114,0
DA:126,0
DA:129,0
DA:132,0
DA:135,0
DA:138,0
DA:141,0
DA:147,0
DA:149,0
DA:153,0
DA:156,0
DA:159,0
DA:162,0
DA:165,0
DA:168,0
DA:174,0
DA:180,0
DA:186,0
DA:192,0
DA:197,0
DA:200,0
DA:201,0
DA:203,0
DA:205,0
DA:206,0
DA:208,0
DA:211,0
DA:212,0
DA:213,0
DA:223,0
DA:224,0
DA:225,0
DA:226,0
DA:228,0
DA:231,0
DA:235,0
DA:236,0
DA:238,0
DA:239,0
DA:240,0
DA:241,0
DA:244,0
DA:245,0
DA:250,0
DA:251,0
DA:253,0
DA:254,0
DA:255,0
DA:257,0
DA:262,0
DA:263,0
DA:264,0
DA:267,0
DA:268,0
DA:270,0
DA:273,0
DA:275,0
DA:276,0
DA:280,0
DA:281,0
DA:282,0
DA:288,0
DA:293,0
DA:294,0
DA:297,0
DA:298,0
DA:301,0
DA:305,0
DA:307,0
DA:308,0
DA:309,0
DA:311,0
DA:312,0
DA:313,0
DA:316,0
DA:317,0
DA:318,0
DA:319,0
DA:320,0
DA:321,0
DA:323,0
DA:324,0
DA:325,0
DA:328,0
DA:329,0
DA:333,0
DA:339,0
DA:341,0
DA:342,0
DA:346,0
DA:348,0
DA:350,0
DA:351,0
DA:353,0
DA:355,0
DA:356,0
DA:358,0
DA:366,0
DA:367,0
DA:371,0
DA:373,0
DA:375,0
DA:376,0
DA:379,0
DA:380,0
DA:386,0
DA:389,0
DA:391,0
DA:392,0
DA:394,0
DA:402,0
DA:403,0
DA:405,0
DA:406,0
DA:411,0
DA:413,0
DA:414,0
DA:415,0
DA:417,0
DA:422,0
DA:427,0
DA:432,0
DA:433,0
DA:437,0
DA:438,0
DA:439,0
DA:440,0
DA:442,0
DA:443,0
DA:444,0
DA:448,0
DA:450,0
DA:451,0
DA:453,0
DA:462,0
DA:463,0
DA:468,0
DA:469,0
DA:470,0
DA:471,0
DA:472,0
DA:474,0
DA:475,0
DA:479,0
DA:481,0
DA:482,0
DA:484,0
DA:492,0
DA:493,0
DA:497,0
DA:499,0
DA:503,0
DA:505,0
DA:506,0
DA:508,0
DA:516,0
DA:517,0
DA:522,0
DA:523,0
DA:527,0
DA:528,0
DA:533,0
DA:539,0
DA:543,0
DA:545,0
DA:546,0
DA:548,0
DA:556,0
DA:558,0
DA:562,0
DA:563,0
DA:564,0
DA:565,0
DA:567,0
LF:183
LH:0
BRDA:58,0,0,0
BRDA:58,0,1,0
BRDA:97,1,0,0
BRDA:97,1,1,0
BRDA:97,1,2,0
BRDA:97,1,3,0
BRDA:97,1,4,0
BRDA:97,1,5,0
BRDA:97,1,6,0
BRDA:97,1,7,0
BRDA:97,1,8,0
BRDA:97,1,9,0
BRDA:97,1,10,0
BRDA:97,1,11,0
BRDA:97,1,12,0
BRDA:97,1,13,0
BRDA:97,1,14,0
BRDA:97,1,15,0
BRDA:97,1,16,0
BRDA:97,1,17,0
BRDA:97,1,18,0
BRDA:97,1,19,0
BRDA:97,1,20,0
BRDA:203,2,0,0
BRDA:203,2,1,0
BRDA:217,3,0,0
BRDA:217,3,1,0
BRDA:236,4,0,0
BRDA:236,4,1,0
BRDA:238,5,0,0
BRDA:238,5,1,0
BRDA:239,6,0,0
BRDA:239,6,1,0
BRDA:251,7,0,0
BRDA:251,7,1,0
BRDA:253,8,0,0
BRDA:253,8,1,0
BRDA:254,9,0,0
BRDA:254,9,1,0
BRDA:255,10,0,0
BRDA:255,10,1,0
BRDA:293,11,0,0
BRDA:293,11,1,0
BRDA:297,12,0,0
BRDA:297,12,1,0
BRDA:307,13,0,0
BRDA:307,13,1,0
BRDA:317,14,0,0
BRDA:317,14,1,0
BRDA:317,15,0,0
BRDA:317,15,1,0
BRDA:317,15,2,0
BRDA:317,15,3,0
BRDA:320,16,0,0
BRDA:320,16,1,0
BRDA:323,17,0,0
BRDA:323,17,1,0
BRDA:350,18,0,0
BRDA:350,18,1,0
BRDA:375,19,0,0
BRDA:375,19,1,0
BRDA:383,20,0,0
BRDA:383,20,1,0
BRDA:437,21,0,0
BRDA:437,21,1,0
BRDA:437,22,0,0
BRDA:437,22,1,0
BRDA:461,23,0,0
BRDA:469,24,0,0
BRDA:469,24,1,0
BRDA:469,25,0,0
BRDA:469,25,1,0
BRDA:501,26,0,0
BRDA:501,26,1,0
BRDA:522,27,0,0
BRDA:522,27,1,0
BRDA:527,28,0,0
BRDA:527,28,1,0
BRDA:541,29,0,0
BRDA:541,29,1,0
BRDA:564,30,0,0
BRDA:564,30,1,0
BRF:82
BRH:0
end_of_record
TN:
SF:src\core\contexts\AuthContext.js
FN:11,(anonymous_0)
FN:18,(anonymous_1)
FN:85,(anonymous_2)
FN:87,(anonymous_3)
FN:141,(anonymous_4)
FN:144,(anonymous_5)
FN:171,(anonymous_6)
FN:193,(anonymous_7)
FN:212,(anonymous_8)
FN:250,(anonymous_9)
FN:288,(anonymous_10)
FNF:11
FNH:0
FNDA:0,(anonymous_0)
FNDA:0,(anonymous_1)
FNDA:0,(anonymous_2)
FNDA:0,(anonymous_3)
FNDA:0,(anonymous_4)
FNDA:0,(anonymous_5)
FNDA:0,(anonymous_6)
FNDA:0,(anonymous_7)
FNDA:0,(anonymous_8)
FNDA:0,(anonymous_9)
FNDA:0,(anonymous_10)
DA:9,0
DA:11,0
DA:12,0
DA:13,0
DA:14,0
DA:15,0
DA:18,0
DA:19,0
DA:20,0
DA:21,0
DA:22,0
DA:23,0
DA:27,0
DA:28,0
DA:29,0
DA:30,0
DA:33,0
DA:34,0
DA:40,0
DA:41,0
DA:42,0
DA:43,0
DA:45,0
DA:48,0
DA:65,0
DA:66,0
DA:75,0
DA:78,0
DA:79,0
DA:81,0
DA:85,0
DA:87,0
DA:88,0
DA:89,0
DA:90,0
DA:93,0
DA:94,0
DA:100,0
DA:101,0
DA:102,0
DA:103,0
DA:105,0
DA:108,0
DA:125,0
DA:126,0
DA:135,0
DA:136,0
DA:138,0
DA:141,0
DA:144,0
DA:145,0
DA:146,0
DA:147,0
DA:148,0
DA:150,0
DA:151,0
DA:152,0
DA:154,0
DA:155,0
DA:156,0
DA:159,0
DA:160,0
DA:162,0
DA:163,0
DA:164,0
DA:165,0
DA:167,0
DA:171,0
DA:172,0
DA:173,0
DA:174,0
DA:175,0
DA:177,0
DA:179,0
DA:180,0
DA:182,0
DA:184,0
DA:185,0
DA:186,0
DA:187,0
DA:189,0
DA:193,0
DA:194,0
DA:195,0
DA:196,0
DA:198,0
DA:199,0
DA:201,0
DA:202,0
DA:203,0
DA:204,0
DA:206,0
DA:208,0
DA:212,0
DA:213,0
DA:214,0
DA:215,0
DA:217,0
DA:218,0
DA:219,0
DA:221,0
DA:223,0
DA:224,0
DA:227,0
DA:230,0
DA:231,0
DA:232,0
DA:235,0
DA:236,0
DA:237,0
DA:240,0
DA:242,0
DA:243,0
DA:244,0
DA:246,0
DA:250,0
DA:251,0
DA:252,0
DA:253,0
DA:254,0
DA:256,0
DA:257,0
DA:258,0
DA:262,0
DA:274,0
DA:288,0
DA:289,0
DA:290,0
DA:291,0
DA:293,0
LF:130
LH:0
BRDA:20,0,0,0
BRDA:20,0,1,0
BRDA:28,1,0,0
BRDA:28,1,1,0
BRDA:28,2,0,0
BRDA:28,2,1,0
BRDA:34,3,0,0
BRDA:34,3,1,0
BRDA:41,4,0,0
BRDA:41,4,1,0
BRDA:51,5,0,0
BRDA:51,5,1,0
BRDA:53,6,0,0
BRDA:53,6,1,0
BRDA:88,7,0,0
BRDA:88,7,1,0
BRDA:88,8,0,0
BRDA:88,8,1,0
BRDA:94,9,0,0
BRDA:94,9,1,0
BRDA:101,10,0,0
BRDA:101,10,1,0
BRDA:111,11,0,0
[...]
BRDA:133,27,0,0
BRDA:133,27,1,0
BRDA:146,28,0,0
BRDA:146,28,1,0
BRDA:148,29,0,0
BRDA:148,29,1,0
BRDA:150,30,0,0
BRDA:150,30,1,0
BRDA:150,31,0,0
BRDA:150,31,1,0
BRDA:150,31,2,0
BRDA:151,32,0,0
BRDA:151,32,1,0
BRDA:151,32,2,0
BRDA:169,33,0,0
BRDA:169,33,1,0
BRDA:169,34,0,0
BRDA:169,34,1,0
BRDA:180,35,0,0
BRDA:180,35,1,0
BRDA:181,36,0,0
BRDA:181,36,1,0
BRDA:195,37,0,0
BRDA:195,37,1,0
BRDA:199,38,0,0
BRDA:199,38,1,0
BRDA:200,39,0,0
BRDA:200,39,1,0
BRDA:204,40,0,0
BRDA:204,40,1,0
BRDA:204,40,2,0
BRDA:207,41,0,0
BRDA:207,41,1,0
BRDA:208,42,0,0
BRDA:208,42,1,0
BRDA:208,42,2,0
BRDA:210,43,0,0
BRDA:210,43,1,0
BRDA:210,43,2,0
BRDA:211,44,0,0
BRDA:211,44,1,0
BRDA:211,44,2,0
BRDA:216,45,0,0
BRDA:216,45,1,0
BRDA:217,46,0,0
BRDA:217,46,1,0
BRDA:220,47,0,0
BRDA:220,47,1,0
BRDA:243,48,0,0
BRDA:243,48,1,0
BRF:107
BRH:0
end_of_record
TN:
SF:src\utils\caregiverUtils.js
FN:5,(anonymous_0)
FN:43,(anonymous_1)
FN:59,(anonymous_2)
FN:67,(anonymous_3)
FN:79,(anonymous_4)
FN:82,(anonymous_5)
FN:97,(anonymous_6)
FN:100,(anonymous_7)
FN:120,(anonymous_8)
FNF:9
FNH:0
FNDA:0,(anonymous_0)
FNDA:0,(anonymous_1)
FNDA:0,(anonymous_2)
FNDA:0,(anonymous_3)
FNDA:0,(anonymous_4)
FNDA:0,(anonymous_5)
FNDA:0,(anonymous_6)
FNDA:0,(anonymous_7)
FNDA:0,(anonymous_8)
DA:5,0
DA:6,0
DA:7,0
DA:10,0
DA:11,0
DA:12,0
DA:13,0
DA:15,0
DA:19,0
DA:22,0
DA:32,0
DA:33,0
DA:35,0
DA:36,0
DA:43,0
DA:44,0
DA:45,0
DA:46,0
DA:59,0
DA:60,0
DA:61,0
DA:67,0
DA:79,0
DA:80,0
DA:82,0
DA:83,0
DA:84,0
DA:87,0
DA:88,0
DA:91,0
DA:92,0
DA:95,0
DA:96,0
DA:97,0
DA:100,0
DA:101,0
DA:104,0
DA:105,0
DA:109,0
DA:113,0
DA:120,0
DA:121,0
LF:42
LH:0
BRDA:7,0,0,0
BRDA:7,0,1,0
BRDA:10,1,0,0
BRDA:10,1,1,0
BRDA:12,2,0,0
BRDA:12,2,1,0
BRDA:12,3,0,0
BRDA:12,3,1,0
BRDA:12,3,2,0
BRDA:12,3,3,0
BRDA:19,4,0,0
BRDA:19,4,1,0
BRDA:19,4,2,0
BRDA:22,5,0,0
BRDA:22,5,1,0
BRDA:22,5,2,0
BRDA:22,5,3,0
BRDA:22,5,4,0
BRDA:22,5,5,0
BRDA:22,5,6,0
BRDA:22,5,7,0
BRDA:22,5,8,0
BRDA:33,6,0,0
BRDA:33,6,1,0
BRDA:44,7,0,0
BRDA:44,7,1,0
BRDA:45,8,0,0
BRDA:45,8,1,0
BRDA:47,9,0,0
BRDA:47,9,1,0
BRDA:47,9,2,0
BRDA:47,9,3,0
BRDA:47,9,4,0
BRDA:47,9,5,0
BRDA:60,10,0,0
BRDA:60,10,1,0
BRDA:61,11,0,0
BRDA:61,11,1,0
BRDA:69,12,0,0
BRDA:69,12,1,0
BRDA:70,13,0,0
BRDA:70,13,1,0
BRDA:71,14,0,0
BRDA:71,14,1,0
BRDA:72,15,0,0
BRDA:72,15,1,0
BRDA:73,16,0,0
BRDA:73,16,1,0
BRDA:80,17,0,0
BRDA:80,17,1,0
BRDA:80,18,0,0
BRDA:80,18,1,0
BRDA:83,19,0,0
BRDA:83,19,1,0
BRDA:83,20,0,0
BRDA:83,20,1,0
BRDA:83,21,0,0
BRDA:83,21,1,0
BRDA:87,22,0,0
BRDA:87,22,1,0
BRDA:87,23,0,0
BRDA:87,23,1,0
BRDA:91,24,0,0
BRDA:91,24,1,0
BRDA:95,25,0,0
BRDA:95,25,1,0
BRDA:96,26,0,0
BRDA:96,26,1,0
BRDA:104,27,0,0
BRDA:104,27,1,0
BRDA:109,28,0,0
BRDA:109,28,1,0
BRDA:122,29,0,0
BRDA:122,29,1,0
BRDA:123,30,0,0
BRDA:123,30,1,0
BRDA:124,31,0,0
BRDA:124,31,1,0
BRDA:125,32,0,0
BRDA:125,32,1,0
BRDA:126,33,0,0
BRDA:126,33,1,0
BRDA:127,34,0,0
BRDA:127,34,1,0
BRDA:128,35,0,0
BRDA:128,35,1,0
BRDA:129,36,0,0
BRDA:129,36,1,0
BRF:88
BRH:0
end_of_record
TN:
SF:src\utils\commonStyles.js
FN:268,(anonymous_0)
FN:279,(anonymous_1)
FN:284,(anonymous_2)
FN:289,(anonymous_3)
FNF:4
FNH:0
FNDA:0,(anonymous_0)
FNDA:0,(anonymous_1)
FNDA:0,(anonymous_2)
FNDA:0,(anonymous_3)
DA:9,0
DA:28,0
DA:60,0
DA:268,0
DA:279,0
DA:284,0
DA:289,0
LF:7
LH:0
BRDA:268,0,0,0
BRDA:280,1,0,0
BRDA:280,1,1,0
BRDA:281,2,0,0
BRDA:281,2,1,0
BRDA:285,3,0,0
BRDA:285,3,1,0
BRDA:289,4,0,0
BRF:8
BRH:0
end_of_record
TN:
SF:src\utils\constants.js
FNF:0
FNH:0
DA:2,0
DA:9,0
DA:16,0
DA:23,0
DA:32,0
DA:40,0
DA:48,0
DA:60,0
DA:73,0
LF:9
LH:0
BRF:0
BRH:0
end_of_record
TN:
SF:src\utils\currency.js
FN:9,(anonymous_0)
FN:30,(anonymous_1)
FN:49,(anonymous_2)
FNF:3
FNH:0
FNDA:0,(anonymous_0)
FNDA:0,(anonymous_1)
FNDA:0,(anonymous_2)
DA:9,0
DA:10,0
DA:11,0
DA:14,0
DA:17,0
DA:18,0
DA:20,0
DA:22,0
DA:30,0
DA:31,0
DA:34,0
DA:39,0
DA:49,0
DA:50,0
DA:52,0
DA:53,0
DA:56,0
DA:57,0
DA:60,0
DA:61,0
DA:64,0
LF:21
LH:0
BRDA:9,0,0,0
BRDA:10,1,0,0
BRDA:10,1,1,0
BRDA:10,2,0,0
BRDA:10,2,1,0
BRDA:10,2,2,0
BRDA:11,3,0,0
BRDA:11,3,1,0
BRDA:22,4,0,0
BRDA:22,4,1,0
BRDA:31,5,0,0
BRDA:31,5,1,0
BRDA:39,6,0,0
BRDA:39,6,1,0
BRDA:49,7,0,0
BRDA:49,8,0,0
BRDA:52,9,0,0
BRDA:52,9,1,0
BRDA:56,10,0,0
BRDA:56,10,1,0
BRDA:60,11,0,0
BRDA:60,11,1,0
BRF:22
BRH:0
end_of_record
TN:
SF:src\utils\dateUtils.js
FN:1,(anonymous_0)
FN:19,(anonymous_1)
FNF:2
FNH:0
FNDA:0,(anonymous_0)
FNDA:0,(anonymous_1)
DA:1,0
DA:2,0
DA:4,0
DA:5,0
DA:7,0
DA:9,0
DA:10,0
DA:12,0
DA:13,0
DA:16,0
DA:19,0
DA:20,0
DA:22,0
DA:23,0
LF:14
LH:0
BRDA:2,0,0,0
BRDA:2,0,1,0
BRDA:7,1,0,0
BRDA:7,1,1,0
BRDA:12,2,0,0
BRDA:12,2,1,0
BRDA:12,3,0,0
BRDA:12,3,1,0
BRDA:12,3,2,0
BRDA:20,4,0,0
BRDA:20,4,1,0
BRF:11
BRH:0
end_of_record
TN:
SF:src\utils\documentUtils.js
FN:3,(anonymous_0)
FNF:1
FNH:0
FNDA:0,(anonymous_0)
DA:3,0
DA:4,0
DA:5,0
DA:11,0
DA:12,0
DA:13,0
DA:21,0
DA:23,0
DA:24,0
LF:9
LH:0
BRDA:3,0,0,0
BRDA:11,1,0,0
BRDA:11,1,1,0
BRDA:11,2,0,0
BRDA:11,2,1,0
BRDA:11,2,2,0
BRF:6
BRH:0
end_of_record
TN:
SF:src\utils\errorHandler.js
FN:14,(anonymous_0)
FN:64,(anonymous_1)
FN:74,(anonymous_2)
FN:84,(anonymous_3)
FN:94,(anonymous_4)
FN:103,(anonymous_5)
FN:107,(anonymous_6)
FN:119,(anonymous_7)
FN:131,(anonymous_8)
FN:144,(anonymous_9)
FN:156,(anonymous_10)
FN:168,(anonymous_11)
FN:180,(anonymous_12)
FN:205,(anonymous_13)
FN:222,(anonymous_14)
FNF:15
FNH:0
FNDA:0,(anonymous_0)
FNDA:0,(anonymous_1)
FNDA:0,(anonymous_2)
FNDA:0,(anonymous_3)
FNDA:0,(anonymous_4)
FNDA:0,(anonymous_5)
FNDA:0,(anonymous_6)
FNDA:0,(anonymous_7)
FNDA:0,(anonymous_8)
FNDA:0,(anonymous_9)
FNDA:0,(anonymous_10)
FNDA:0,(anonymous_11)
FNDA:0,(anonymous_12)
FNDA:0,(anonymous_13)
FNDA:0,(anonymous_14)
DA:4,0
DA:16,0
DA:18,0
DA:30,0
DA:41,0
DA:42,0
DA:45,0
DA:46,0
DA:49,0
DA:50,0
DA:53,0
DA:54,0
DA:57,0
DA:58,0
DA:61,0
DA:65,0
DA:75,0
DA:85,0
DA:95,0
DA:104,0
DA:108,0
DA:120,0
DA:132,0
DA:145,0
DA:157,0
DA:169,0
DA:181,0
DA:183,0
DA:195,0
DA:196,0
DA:197,0
DA:201,0
DA:206,0
DA:207,0
DA:216,0
DA:218,0
DA:225,0
DA:229,0
LF:38
LH:0
BRDA:16,0,0,0
BRDA:16,0,1,0
BRDA:16,1,0,0
BRDA:16,1,1,0
BRDA:16,1,2,0
BRDA:33,2,0,0
BRDA:33,2,1,0
BRDA:41,3,0,0
BRDA:41,3,1,0
BRDA:45,4,0,0
BRDA:45,4,1,0
BRDA:49,5,0,0
BRDA:49,5,1,0
BRDA:53,6,0,0
BRDA:53,6,1,0
BRDA:57,7,0,0
BRDA:57,7,1,0
BRDA:66,8,0,0
BRDA:66,8,1,0
BRDA:66,8,2,0
BRDA:66,8,3,0
BRDA:66,8,4,0
BRDA:76,9,0,0
BRDA:76,9,1,0
BRDA:76,9,2,0
BRDA:76,9,3,0
BRDA:76,9,4,0
BRDA:76,9,5,0
BRDA:76,9,6,0
BRDA:86,10,0,0
BRDA:86,10,1,0
BRDA:86,10,2,0
BRDA:86,10,3,0
BRDA:86,10,4,0
BRDA:86,10,5,0
BRDA:96,11,0,0
BRDA:96,11,1,0
BRDA:96,11,2,0
BRDA:96,11,3,0
BRDA:96,11,4,0
BRDA:104,12,0,0
BRDA:104,12,1,0
BRDA:104,12,2,0
BRDA:123,13,0,0
BRDA:123,13,1,0
BRDA:124,14,0,0
BRDA:124,14,1,0
BRDA:135,15,0,0
BRDA:135,15,1,0
BRDA:148,16,0,0
BRDA:148,16,1,0
BRDA:172,17,0,0
BRDA:172,17,1,0
BRDA:176,18,0,0
BRDA:176,18,1,0
BRDA:181,19,0,0
BRDA:181,19,1,0
BRDA:196,20,0,0
BRDA:196,20,1,0
BRDA:205,21,0,0
BRF:60
BRH:0
end_of_record
TN:
SF:src\utils\imagePickerUtils.js
FN:10,(anonymous_0)
FN:29,(anonymous_1)
FNF:2
FNH:0
FNDA:0,(anonymous_0)
FNDA:0,(anonymous_1)
DA:4,0
DA:10,0
DA:11,0
DA:12,0
DA:13,0
DA:14,0
DA:17,0
DA:22,0
DA:24,0
DA:25,0
DA:29,0
DA:30,0
DA:31,0
DA:32,0
DA:33,0
DA:36,0
DA:41,0
DA:43,0
DA:44,0
LF:19
LH:0
BRDA:10,0,0,0
BRDA:13,1,0,0
BRDA:13,1,1,0
BRDA:29,2,0,0
BRDA:32,3,0,0
BRDA:32,3,1,0
BRF:6
BRH:0
end_of_record
TN:
SF:src\utils\imageUploadUtils.js
FN:5,(anonymous_0)
FN:34,(anonymous_1)
FN:48,(anonymous_2)
FN:64,(anonymous_3)
FN:73,(anonymous_4)
FNF:5
FNH:0
FNDA:0,(anonymous_0)
FNDA:0,(anonymous_1)
FNDA:0,(anonymous_2)
FNDA:0,(anonymous_3)
FNDA:0,(anonymous_4)
DA:5,0
DA:6,0
DA:7,0
DA:9,0
DA:21,0
DA:22,0
DA:23,0
DA:24,0
DA:26,0
DA:28,0
DA:29,0
DA:34,0
DA:35,0
DA:36,0
DA:38,0
DA:40,0
DA:41,0
DA:44,0
DA:48,0
DA:51,0
DA:52,0
DA:53,0
DA:54,0
DA:55,0
DA:56,0
DA:58,0
DA:59,0
DA:61,0
DA:62,0
DA:63,0
DA:64,0
DA:69,0
DA:73,0
DA:74,0
DA:76,0
DA:78,0
DA:79,0
DA:80,0
DA:81,0
DA:82,0
DA:83,0
DA:84,0
DA:85,0
DA:86,0
DA:87,0
DA:90,0
LF:46
LH:0
BRDA:5,0,0,0
BRDA:5,1,0,0
BRDA:5,2,0,0
BRDA:24,3,0,0
BRDA:24,3,1,0
BRDA:34,4,0,0
BRDA:40,5,0,0
BRDA:40,5,1,0
BRDA:48,6,0,0
BRDA:48,7,0,0
BRDA:61,8,0,0
BRDA:61,8,1,0
BRDA:78,9,0,0
BRDA:78,9,1,0
BRDA:80,10,0,0
BRDA:80,10,1,0
BRDA:82,11,0,0
BRDA:82,11,1,0
BRDA:84,12,0,0
BRDA:84,12,1,0
BRDA:86,13,0,0
BRDA:86,13,1,0
BRF:22
BRH:0
end_of_record
TN:
SF:src\utils\locationUtils.js
FN:6,(anonymous_0)
FN:30,(anonymous_1)
FN:51,(anonymous_2)
FN:66,(anonymous_3)
FN:85,(anonymous_4)
FN:86,(anonymous_5)
FN:89,(anonymous_6)
FN:106,(anonymous_7)
FNF:8
FNH:0
FNDA:0,(anonymous_0)
FNDA:0,(anonymous_1)
FNDA:0,(anonymous_2)
FNDA:0,(anonymous_3)
FNDA:0,(anonymous_4)
FNDA:0,(anonymous_5)
FNDA:0,(anonymous_6)
FNDA:0,(anonymous_7)
DA:6,0
DA:7,0
DA:8,0
DA:9,0
DA:10,0
DA:13,0
DA:17,0
DA:22,0
DA:24,0
DA:25,0
DA:30,0
DA:31,0
DA:32,0
DA:39,0
DA:40,0
DA:43,0
DA:45,0
DA:46,0
DA:51,0
DA:66,0
DA:67,0
DA:69,0
DA:85,0
DA:86,0
DA:89,0
DA:90,0
DA:93,0
DA:96,0
DA:97,0
DA:98,0
DA:99,0
DA:103,0
DA:106,0
DA:107,0
DA:109,0
DA:110,0
DA:111,0
DA:112,0
DA:113,0
DA:114,0
DA:116,0
LF:41
LH:0
BRDA:9,0,0,0
BRDA:9,0,1,0
BRDA:39,1,0,0
BRDA:39,1,1,0
BRDA:56,2,0,0
BRDA:56,2,1,0
BRDA:57,3,0,0
BRDA:57,3,1,0
BRDA:58,4,0,0
BRDA:58,4,1,0
BRDA:59,5,0,0
BRDA:59,5,1,0
BRDA:60,6,0,0
BRDA:60,6,1,0
BRDA:61,7,0,0
BRDA:61,7,1,0
BRDA:62,8,0,0
BRDA:62,8,1,0
BRDA:62,9,0,0
BRDA:62,9,1,0
BRDA:62,10,0,0
BRDA:62,10,1,0
BRDA:86,11,0,0
BRDA:86,11,1,0
BRDA:90,12,0,0
BRDA:90,12,1,0
BRDA:93,13,0,0
BRDA:93,13,1,0
BRDA:93,14,0,0
BRDA:93,14,1,0
BRDA:96,15,0,0
BRDA:96,15,1,0
BRDA:98,16,0,0
BRDA:98,16,1,0
BRDA:98,17,0,0
BRDA:98,17,1,0
BRDA:98,17,2,0
BRDA:98,17,3,0
BRDA:107,18,0,0
BRDA:107,18,1,0
BRDA:110,19,0,0
BRDA:110,19,1,0
BRDA:111,20,0,0
BRDA:111,20,1,0
BRDA:112,21,0,0
BRDA:112,21,1,0
BRDA:113,22,0,0
BRDA:113,22,1,0
BRDA:114,23,0,0
BRDA:114,23,1,0
BRF:50
BRH:0
end_of_record
TN:
SF:src\utils\logger.js
FN:3,(anonymous_0)
FN:8,(anonymous_1)
FN:11,(anonymous_2)
FN:13,(anonymous_3)
FN:25,(anonymous_4)
FNF:5
FNH:0
FNDA:0,(anonymous_0)
FNDA:0,(anonymous_1)
FNDA:0,(anonymous_2)
FNDA:0,(anonymous_3)
FNDA:0,(anonymous_4)
DA:2,0
DA:4,0
DA:5,0
DA:9,0
DA:13,0
DA:14,0
DA:15,0
DA:17,0
DA:21,0
DA:22,0
DA:26,0
LF:11
LH:0
BRDA:4,0,0,0
BRDA:4,0,1,0
BRDA:14,1,0,0
BRDA:14,1,1,0
BRDA:14,2,0,0
BRDA:14,2,1,0
BRDA:17,3,0,0
BRDA:17,3,1,0
BRDA:21,4,0,0
BRDA:21,4,1,0
BRF:10
BRH:0
end_of_record
TN:
SF:src\utils\navigationUtils.js
FN:3,(anonymous_0)
FNF:1
FNH:0
FNDA:0,(anonymous_0)
DA:3,0
DA:4,0
DA:6,0
DA:8,0
LF:4
LH:0
BRDA:4,0,0,0
BRDA:4,0,1,0
BRF:2
BRH:0
end_of_record
TN:
SF:src\utils\networkConfig.js
FN:7,(anonymous_0)
FN:20,(anonymous_1)
FN:23,(anonymous_2)
FN:42,(anonymous_3)
FN:60,(anonymous_4)
FN:93,(anonymous_5)
FN:116,(anonymous_6)
FN:121,(anonymous_7)
FN:129,(anonymous_8)
FN:130,(anonymous_9)
FNF:10
FNH:0
FNDA:0,(anonymous_0)
FNDA:0,(anonymous_1)
FNDA:0,(anonymous_2)
FNDA:0,(anonymous_3)
FNDA:0,(anonymous_4)
FNDA:0,(anonymous_5)
FNDA:0,(anonymous_6)
FNDA:0,(anonymous_7)
FNDA:0,(anonymous_8)
FNDA:0,(anonymous_9)
DA:7,0
DA:9,0
DA:21,0
DA:22,0
DA:23,0
DA:25,0
DA:34,0
DA:35,0
DA:37,0
DA:43,0
DA:45,0
DA:46,0
DA:47,0
DA:49,0
DA:50,0
DA:51,0
DA:55,0
DA:56,0
DA:61,0
DA:62,0
DA:64,0
DA:94,0
DA:96,0
DA:98,0
DA:99,0
DA:100,0
DA:107,0
DA:108,0
DA:117,0
DA:118,0
DA:119,0
DA:120,0
DA:121,0
DA:122,0
DA:127,0
DA:129,0
DA:130,0
DA:131,0
DA:132,0
LF:39
LH:0
BRDA:20,0,0,0
BRDA:42,1,0,0
BRDA:49,2,0,0
BRDA:49,2,1,0
BRDA:62,3,0,0
BRDA:62,3,1,0
BRDA:98,4,0,0
BRDA:98,4,1,0
BRDA:127,5,0,0
BRDA:127,5,1,0
BRDA:131,6,0,0
BRDA:131,6,1,0
BRF:12
BRH:0
end_of_record
TN:
SF:src\utils\onboarding.js
FN:5,(anonymous_0)
FN:15,(anonymous_1)
FNF:2
FNH:0
FNDA:0,(anonymous_0)
FNDA:0,(anonymous_1)
DA:3,0
DA:5,0
DA:6,0
DA:7,0
DA:8,0
DA:10,0
DA:11,0
DA:15,0
DA:16,0
DA:17,0
DA:18,0
DA:20,0
DA:21,0
LF:13
LH:0
BRF:0
BRH:0
end_of_record
TN:
SF:src\utils\performance.js
FN:5,(anonymous_0)
FN:11,(anonymous_1)
FN:22,(anonymous_2)
FN:41,(anonymous_3)
FN:52,(anonymous_4)
FN:57,(anonymous_5)
FN:75,(anonymous_6)
FN:86,(anonymous_7)
FN:94,(anonymous_8)
FN:95,PerformanceTrackedComponent
FN:98,(anonymous_10)
FNF:11
FNH:0
FNDA:0,(anonymous_0)
FNDA:0,(anonymous_1)
FNDA:0,(anonymous_2)
FNDA:0,(anonymous_3)
FNDA:0,(anonymous_4)
FNDA:0,(anonymous_5)
FNDA:0,(anonymous_6)
FNDA:0,(anonymous_7)
FNDA:0,(anonymous_8)
FNDA:0,PerformanceTrackedComponent
FNDA:0,(anonymous_10)
DA:6,0
DA:7,0
DA:12,0
DA:14,0
DA:23,0
DA:25,0
DA:26,0
DA:27,0
DA:28,0
DA:31,0
DA:32,0
DA:35,0
DA:37,0
DA:42,0
DA:44,0
DA:45,0
DA:46,0
DA:48,0
DA:53,0
DA:58,0
DA:60,0
DA:67,0
DA:68,0
DA:71,0
DA:76,0
DA:82,0
DA:87,0
DA:91,0
DA:94,0
DA:95,0
DA:96,0
DA:98,0
LF:32
LH:0
BRDA:12,0,0,0
BRDA:12,0,1,0
BRDA:23,1,0,0
BRDA:23,1,1,0
BRDA:26,2,0,0
BRDA:26,2,1,0
BRDA:31,3,0,0
BRDA:31,3,1,0
BRDA:42,4,0,0
BRDA:42,4,1,0
BRDA:58,5,0,0
BRDA:58,5,1,0
BRDA:58,6,0,0
BRDA:58,6,1,0
BRDA:67,7,0,0
BRDA:67,7,1,0
BRDA:97,8,0,0
BRDA:97,8,1,0
BRF:18
BRH:0
end_of_record
TN:
SF:src\utils\security.js
FN:6,(anonymous_0)
FN:12,(anonymous_1)
FN:29,(anonymous_2)
FN:40,(anonymous_3)
FN:53,(anonymous_4)
FN:64,(anonymous_5)
FN:83,(anonymous_6)
FN:86,(anonymous_7)
FN:92,(anonymous_8)
FN:114,(anonymous_9)
FN:126,(anonymous_10)
FN:134,(anonymous_11)
FNF:12
FNH:0
FNDA:0,(anonymous_0)
FNDA:0,(anonymous_1)
FNDA:0,(anonymous_2)
FNDA:0,(anonymous_3)
FNDA:0,(anonymous_4)
FNDA:0,(anonymous_5)
FNDA:0,(anonymous_6)
FNDA:0,(anonymous_7)
FNDA:0,(anonymous_8)
FNDA:0,(anonymous_9)
FNDA:0,(anonymous_10)
FNDA:0,(anonymous_11)
DA:7,0
DA:8,0
DA:13,0
DA:14,0
DA:15,0
DA:16,0
DA:19,0
DA:21,0
DA:22,0
DA:23,0
DA:30,0
DA:31,0
DA:33,0
DA:35,0
DA:41,0
DA:42,0
DA:43,0
DA:45,0
DA:47,0
DA:48,0
DA:54,0
DA:56,0
DA:65,0
DA:67,0
DA:68,0
DA:71,0
DA:72,0
DA:75,0
DA:76,0
DA:79,0
DA:84,0
DA:86,0
DA:87,0
DA:88,0
DA:91,0
DA:92,0
DA:93,0
DA:94,0
DA:99,0
DA:101,0
DA:102,0
DA:106,0
DA:107,0
DA:109,0
DA:115,0
DA:116,0
DA:118,0
DA:119,0
DA:122,0
DA:127,0
DA:129,0
DA:130,0
DA:135,0
DA:136,0
DA:138,0
DA:139,0
DA:141,0
DA:143,0
DA:148,0
LF:59
LH:0
BRDA:12,0,0,0
BRDA:15,1,0,0
BRDA:15,1,1,0
BRDA:22,2,0,0
BRDA:22,2,1,0
BRDA:54,3,0,0
BRDA:54,3,1,0
BRDA:64,4,0,0
BRDA:67,5,0,0
BRDA:67,5,1,0
BRDA:71,6,0,0
BRDA:71,6,1,0
BRDA:75,7,0,0
BRDA:75,7,1,0
BRDA:83,8,0,0
BRDA:83,9,0,0
BRDA:93,10,0,0
BRDA:93,10,1,0
BRDA:99,11,0,0
BRDA:99,11,1,0
BRDA:101,12,0,0
BRDA:101,12,1,0
BRDA:114,13,0,0
BRDA:127,14,0,0
BRDA:127,14,1,0
BRDA:127,15,0,0
BRDA:127,15,1,0
BRDA:136,16,0,0
BRDA:136,16,1,0
BRDA:141,17,0,0
BRDA:141,17,1,0
BRF:31
BRH:0
end_of_record
TN:
SF:src\utils\securityUtils.js
FN:5,(anonymous_0)
FN:10,(anonymous_1)
FN:36,(anonymous_2)
FN:45,(anonymous_3)
FN:60,(anonymous_4)
FN:71,(anonymous_5)
FN:77,(anonymous_6)
FN:83,(anonymous_7)
FN:105,(anonymous_8)
FN:111,(anonymous_9)
FN:122,(anonymous_10)
FN:134,(anonymous_11)
FNF:12
FNH:0
FNDA:0,(anonymous_0)
FNDA:0,(anonymous_1)
FNDA:0,(anonymous_2)
FNDA:0,(anonymous_3)
FNDA:0,(anonymous_4)
FNDA:0,(anonymous_5)
FNDA:0,(anonymous_6)
FNDA:0,(anonymous_7)
FNDA:0,(anonymous_8)
FNDA:0,(anonymous_9)
FNDA:0,(anonymous_10)
FNDA:0,(anonymous_11)
DA:6,0
DA:7,0
DA:12,0
DA:13,0
DA:17,0
DA:18,0
DA:23,0
DA:24,0
DA:25,0
DA:26,0
DA:27,0
DA:30,0
DA:33,0
DA:37,0
DA:38,0
DA:42,0
DA:45,0
DA:46,0
DA:48,0
DA:56,0
DA:60,0
DA:61,0
DA:63,0
DA:71,0
DA:72,0
DA:73,0
DA:77,0
DA:78,0
DA:79,0
DA:83,0
DA:84,0
DA:85,0
DA:87,0
DA:88,0
DA:89,0
DA:90,0
DA:91,0
DA:95,0
DA:96,0
DA:100,0
DA:106,0
DA:107,0
DA:108,0
DA:112,0
DA:113,0
DA:115,0
DA:116,0
DA:119,0
DA:122,0
DA:123,0
DA:126,0
DA:127,0
DA:128,0
DA:131,0
DA:135,0
DA:140,0
LF:56
LH:0
BRDA:12,0,0,0
BRDA:12,0,1,0
BRDA:12,1,0,0
BRDA:12,1,1,0
BRDA:12,1,2,0
BRDA:23,2,0,0
BRDA:23,2,1,0
BRDA:26,3,0,0
BRDA:26,3,1,0
BRDA:45,4,0,0
BRDA:52,5,0,0
BRDA:52,5,1,0
BRDA:61,6,0,0
BRDA:61,6,1,0
BRDA:83,7,0,0
BRDA:87,8,0,0
BRDA:87,8,1,0
BRDA:87,9,0,0
BRDA:87,9,1,0
BRDA:87,9,2,0
BRDA:105,10,0,0
BRDA:105,11,0,0
BRDA:115,12,0,0
BRDA:115,12,1,0
BRDA:126,13,0,0
BRDA:126,13,1,0
BRF:26
BRH:0
end_of_record
TN:
SF:src\utils\shadows.js
FN:4,(anonymous_0)
FNF:1
FNH:0
FNDA:0,(anonymous_0)
DA:4,0
DA:5,0
DA:7,0
DA:8,0
DA:9,0
DA:11,0
DA:16,0
DA:30,0
DA:39,0
LF:9
LH:0
BRDA:4,0,0,0
BRDA:5,1,0,0
BRDA:5,1,1,0
BRDA:31,2,0,0
BRDA:31,2,1,0
BRDA:45,3,0,0
BRDA:45,3,1,0
BRF:7
BRH:0
end_of_record
TN:
SF:src\utils\validation.js
FN:11,(anonymous_0)
FN:20,(anonymous_1)
FN:41,(anonymous_2)
FN:57,(anonymous_3)
FN:67,(anonymous_4)
FN:75,(anonymous_5)
FN:89,(anonymous_6)
FN:97,(anonymous_7)
FN:107,(anonymous_8)
FN:119,(anonymous_9)
FN:128,(anonymous_10)
FN:137,(anonymous_11)
FN:148,(anonymous_12)
FN:162,(anonymous_13)
FN:182,(anonymous_14)
FN:185,(anonymous_15)
FN:206,(anonymous_16)
FN:214,(anonymous_17)
FN:219,(anonymous_18)
FN:224,(anonymous_19)
FN:245,(anonymous_20)
FN:282,(anonymous_21)
FN:288,(anonymous_22)
FN:294,(anonymous_23)
FN:300,(anonymous_24)
FN:306,(anonymous_25)
FN:310,(anonymous_26)
FN:314,(anonymous_27)
FNF:28
FNH:0
FNDA:0,(anonymous_0)
FNDA:0,(anonymous_1)
FNDA:0,(anonymous_2)
FNDA:0,(anonymous_3)
FNDA:0,(anonymous_4)
FNDA:0,(anonymous_5)
FNDA:0,(anonymous_6)
FNDA:0,(anonymous_7)
FNDA:0,(anonymous_8)
FNDA:0,(anonymous_9)
FNDA:0,(anonymous_10)
FNDA:0,(anonymous_11)
FNDA:0,(anonymous_12)
FNDA:0,(anonymous_13)
FNDA:0,(anonymous_14)
FNDA:0,(anonymous_15)
FNDA:0,(anonymous_16)
FNDA:0,(anonymous_17)
FNDA:0,(anonymous_18)
FNDA:0,(anonymous_19)
FNDA:0,(anonymous_20)
FNDA:0,(anonymous_21)
FNDA:0,(anonymous_22)
FNDA:0,(anonymous_23)
FNDA:0,(anonymous_24)
FNDA:0,(anonymous_25)
FNDA:0,(anonymous_26)
FNDA:0,(anonymous_27)
DA:9,0
DA:12,0
DA:13,0
DA:14,0
DA:16,0
DA:21,0
DA:22,0
DA:23,0
DA:27,0
DA:28,0
DA:29,0
DA:30,0
DA:32,0
DA:33,0
DA:34,0
DA:35,0
DA:37,0
DA:42,0
DA:43,0
DA:44,0
DA:46,0
DA:47,0
DA:50,0
DA:51,0
DA:53,0
DA:58,0
DA:59,0
DA:60,0
DA:61,0
DA:63,0
DA:68,0
DA:69,0
DA:71,0
DA:76,0
DA:77,0
DA:78,0
DA:79,0
DA:80,0
DA:82,0
DA:83,0
DA:85,0
DA:90,0
DA:91,0
DA:93,0
DA:98,0
DA:99,0
DA:100,0
DA:101,0
DA:102,0
DA:103,0
DA:108,0
DA:109,0
DA:110,0
DA:111,0
DA:113,0
DA:114,0
DA:115,0
DA:120,0
DA:121,0
DA:122,0
DA:124,0
DA:129,0
DA:130,0
DA:131,0
DA:133,0
DA:138,0
DA:139,0
DA:141,0
DA:142,0
DA:144,0
DA:149,0
DA:150,0
DA:152,0
DA:153,0
DA:155,0
DA:156,0
DA:158,0
DA:163,0
DA:164,0
DA:166,0
DA:167,0
DA:169,0
DA:170,0
DA:172,0
DA:182,0
DA:183,0
DA:185,0
DA:186,0
DA:187,0
DA:189,0
DA:190,0
DA:191,0
DA:192,0
DA:193,0
DA:198,0
DA:206,0
DA:207,0
DA:213,0
DA:215,0
DA:216,0
DA:220,0
DA:221,0
DA:225,0
DA:226,0
DA:233,0
DA:245,0
DA:283,0
DA:284,0
DA:285,0
DA:289,0
DA:290,0
DA:291,0
DA:295,0
DA:296,0
DA:297,0
DA:301,0
DA:302,0
DA:303,0
DA:307,0
DA:311,0
DA:315,0
DA:319,0
LF:122
LH:0
BRDA:12,0,0,0
BRDA:12,0,1,0
BRDA:13,1,0,0
BRDA:13,1,1,0
BRDA:13,2,0,0
BRDA:13,2,1,0
BRDA:21,3,0,0
BRDA:21,3,1,0
BRDA:22,4,0,0
BRDA:22,4,1,0
BRDA:32,5,0,0
BRDA:32,5,1,0
BRDA:33,6,0,0
BRDA:33,6,1,0
BRDA:34,7,0,0
BRDA:34,7,1,0
BRDA:35,8,0,0
BRDA:35,8,1,0
BRDA:42,9,0,0
BRDA:42,9,1,0
BRDA:43,10,0,0
BRDA:43,10,1,0
BRDA:46,11,0,0
BRDA:46,11,1,0
BRDA:50,12,0,0
BRDA:50,12,1,0
BRDA:58,13,0,0
BRDA:58,13,1,0
BRDA:60,14,0,0
BRDA:60,14,1,0
BRDA:60,15,0,0
BRDA:60,15,1,0
BRDA:60,15,2,0
BRDA:67,16,0,0
BRDA:68,17,0,0
BRDA:68,17,1,0
BRDA:68,18,0,0
BRDA:68,18,1,0
BRDA:68,18,2,0
BRDA:76,19,0,0
BRDA:76,19,1,0
BRDA:78,20,0,0
BRDA:78,20,1,0
BRDA:79,21,0,0
BRDA:79,21,1,0
BRDA:82,22,0,0
BRDA:82,22,1,0
BRDA:90,23,0,0
BRDA:90,23,1,0
BRDA:90,24,0,0
BRDA:90,24,1,0
BRDA:98,25,0,0
BRDA:98,25,1,0
BRDA:100,26,0,0
BRDA:100,26,1,0
BRDA:101,27,0,0
BRDA:101,27,1,0
BRDA:102,28,0,0
BRDA:102,28,1,0
BRDA:107,29,0,0
BRDA:108,30,0,0
BRDA:108,30,1,0
BRDA:113,31,0,0
BRDA:113,31,1,0
BRDA:114,32,0,0
BRDA:114,32,1,0
BRDA:119,33,0,0
BRDA:120,34,0,0
BRDA:120,34,1,0
BRDA:121,35,0,0
BRDA:121,35,1,0
BRDA:129,36,0,0
BRDA:129,36,1,0
BRDA:129,37,0,0
BRDA:129,37,1,0
BRDA:130,38,0,0
BRDA:130,38,1,0
BRDA:130,39,0,0
BRDA:130,39,1,0
BRDA:130,39,2,0
BRDA:137,40,0,0
BRDA:137,41,0,0
BRDA:138,42,0,0
BRDA:138,42,1,0
BRDA:138,43,0,0
BRDA:138,43,1,0
BRDA:141,44,0,0
BRDA:141,44,1,0
BRDA:152,45,0,0
BRDA:152,45,1,0
BRDA:155,46,0,0
BRDA:155,46,1,0
BRDA:166,47,0,0
BRDA:166,47,1,0
BRDA:169,48,0,0
BRDA:169,48,1,0
BRDA:187,49,0,0
BRDA:187,49,1,0
BRDA:191,50,0,0
BRDA:191,50,1,0
BRDA:215,51,0,0
BRDA:215,51,1,0
BRDA:220,52,0,0
BRDA:220,52,1,0
BRDA:225,53,0,0
BRDA:225,53,1,0
BRDA:284,54,0,0
BRDA:284,54,1,0
BRDA:290,55,0,0
BRDA:290,55,1,0
BRDA:296,56,0,0
BRDA:296,56,1,0
BRDA:302,57,0,0
BRDA:302,57,1,0
BRF:114
BRH:0
end_of_record
